Total reclaimed space: 0B
latest: Pulling from pytorch/pytorch
d66d6a6a3687: Pulling fs layer
3ad96c6a423a: Pulling fs layer
3d552c93e873: Pulling fs layer
4f4fb700ef54: Pulling fs layer
42a8919f2ed9: Pulling fs layer
42a8919f2ed9: Waiting
4f4fb700ef54: Waiting
3ad96c6a423a: Verifying Checksum
3ad96c6a423a: Download complete
4f4fb700ef54: Verifying Checksum
4f4fb700ef54: Download complete
d66d6a6a3687: Verifying Checksum
d66d6a6a3687: Download complete
42a8919f2ed9: Verifying Checksum
42a8919f2ed9: Download complete
d66d6a6a3687: Pull complete
3ad96c6a423a: Pull complete
3d552c93e873: Verifying Checksum
3d552c93e873: Download complete
3d552c93e873: Pull complete
4f4fb700ef54: Pull complete
42a8919f2ed9: Pull complete
Digest: sha256:11691e035a3651d25a87116b4f6adc113a27a29d8f5a6a583f8569e0ee5ff897
Status: Downloaded newer image for pytorch/pytorch:latest
docker.io/pytorch/pytorch:latest
Deleted Images:
untagged: pytorch/pytorch:latest
untagged: pytorch/pytorch@sha256:11691e035a3651d25a87116b4f6adc113a27a29d8f5a6a583f8569e0ee5ff897
deleted: sha256:bbb9480407512d12387d74a66e1d804802d1227898051afa108a2796e2a94189
deleted: sha256:344d373d99ef3674459a2df1756eff46d6d0e68152d3f444e2e1a4b9305b19b5
deleted: sha256:6b47d5700074b6a13ef74f3b022dcd6cf4384186cef282608a36b2a2648c42e6
deleted: sha256:194f10db565e2ef94e45ca34fd8426a5e102b3f0d0665e9193f2729ecde8b98f
deleted: sha256:87d9bdf07ad1a0012391974d139b3a7b709cd16dfaeca768631120e0cc408609
deleted: sha256:d101c9453715a978a2a520f553588e77dfb4236762175eba61c5c264a449c75d

Total reclaimed space: 7.599GB
latest: Pulling from pytorch/pytorch
d66d6a6a3687: Pulling fs layer
3ad96c6a423a: Pulling fs layer
3d552c93e873: Pulling fs layer
4f4fb700ef54: Pulling fs layer
42a8919f2ed9: Pulling fs layer
4f4fb700ef54: Waiting
42a8919f2ed9: Waiting
3ad96c6a423a: Verifying Checksum
3ad96c6a423a: Download complete
4f4fb700ef54: Download complete
d66d6a6a3687: Verifying Checksum
d66d6a6a3687: Download complete
42a8919f2ed9: Verifying Checksum
42a8919f2ed9: Download complete
d66d6a6a3687: Pull complete
3ad96c6a423a: Pull complete
3d552c93e873: Verifying Checksum
3d552c93e873: Download complete
3d552c93e873: Pull complete
4f4fb700ef54: Pull complete
42a8919f2ed9: Pull complete
Digest: sha256:11691e035a3651d25a87116b4f6adc113a27a29d8f5a6a583f8569e0ee5ff897
Status: Downloaded newer image for pytorch/pytorch:latest
docker.io/pytorch/pytorch:latest
       Value   Percentile   TotalCount 1/(1-Percentile)

99614719.000     0.000000            1         1.00
99614719.000     0.100000            1         1.11
99614719.000     0.200000            1         1.25
99614719.000     0.300000            1         1.43
99614719.000     0.400000            1         1.67
99614719.000     0.500000            1         2.00
104792063.000     0.550000            2         2.22
104792063.000     1.000000            2          inf
#[Mean    = 102170624.000, StdDeviation   =  2588672.000]
#[Max     = 104792063.000, Total count    =            2]
#[Buckets =           22, SubBuckets     =         2048]
