Total reclaimed space: 0B
latest: Pulling from library/hello-world
c1ec31eb5944: Pulling fs layer
c1ec31eb5944: Verifying Checksum
c1ec31eb5944: Download complete
c1ec31eb5944: Pull complete
Digest: sha256:a26bff933ddc26d5cdf7faa98b4ae1e3ec20c4985e6f87ac0973052224d24302
Status: Downloaded newer image for hello-world:latest
docker.io/library/hello-world:latest
Deleted Images:
untagged: hello-world:latest
untagged: hello-world@sha256:a26bff933ddc26d5cdf7faa98b4ae1e3ec20c4985e6f87ac0973052224d24302
deleted: sha256:d2c94e258dcb3c5ac2798d32e1249e42ef01cba4841c2234249495f87264ac5a
deleted: sha256:ac28800ec8bb38d5c35b49d45a6ac4777544941199075dff8c4eb63e093aa81e

Total reclaimed space: 13.26kB
latest: Pulling from library/hello-world
c1ec31eb5944: Pulling fs layer
c1ec31eb5944: Verifying Checksum
c1ec31eb5944: Download complete
c1ec31eb5944: Pull complete
Digest: sha256:a26bff933ddc26d5cdf7faa98b4ae1e3ec20c4985e6f87ac0973052224d24302
Status: Downloaded newer image for hello-world:latest
docker.io/library/hello-world:latest
Deleted Images:
untagged: hello-world:latest
untagged: hello-world@sha256:a26bff933ddc26d5cdf7faa98b4ae1e3ec20c4985e6f87ac0973052224d24302
deleted: sha256:d2c94e258dcb3c5ac2798d32e1249e42ef01cba4841c2234249495f87264ac5a
deleted: sha256:ac28800ec8bb38d5c35b49d45a6ac4777544941199075dff8c4eb63e093aa81e

Total reclaimed space: 13.26kB
latest: Pulling from library/hello-world
c1ec31eb5944: Pulling fs layer
c1ec31eb5944: Download complete
c1ec31eb5944: Pull complete
Digest: sha256:a26bff933ddc26d5cdf7faa98b4ae1e3ec20c4985e6f87ac0973052224d24302
Status: Downloaded newer image for hello-world:latest
docker.io/library/hello-world:latest
Deleted Images:
untagged: hello-world:latest
untagged: hello-world@sha256:a26bff933ddc26d5cdf7faa98b4ae1e3ec20c4985e6f87ac0973052224d24302
deleted: sha256:d2c94e258dcb3c5ac2798d32e1249e42ef01cba4841c2234249495f87264ac5a
deleted: sha256:ac28800ec8bb38d5c35b49d45a6ac4777544941199075dff8c4eb63e093aa81e

Total reclaimed space: 13.26kB
latest: Pulling from library/hello-world
c1ec31eb5944: Pulling fs layer
c1ec31eb5944: Verifying Checksum
c1ec31eb5944: Download complete
c1ec31eb5944: Pull complete
Digest: sha256:a26bff933ddc26d5cdf7faa98b4ae1e3ec20c4985e6f87ac0973052224d24302
Status: Downloaded newer image for hello-world:latest
docker.io/library/hello-world:latest
Deleted Images:
untagged: hello-world:latest
untagged: hello-world@sha256:a26bff933ddc26d5cdf7faa98b4ae1e3ec20c4985e6f87ac0973052224d24302
deleted: sha256:d2c94e258dcb3c5ac2798d32e1249e42ef01cba4841c2234249495f87264ac5a
deleted: sha256:ac28800ec8bb38d5c35b49d45a6ac4777544941199075dff8c4eb63e093aa81e

Total reclaimed space: 13.26kB
latest: Pulling from library/hello-world
c1ec31eb5944: Pulling fs layer
c1ec31eb5944: Download complete
c1ec31eb5944: Pull complete
Digest: sha256:a26bff933ddc26d5cdf7faa98b4ae1e3ec20c4985e6f87ac0973052224d24302
Status: Downloaded newer image for hello-world:latest
docker.io/library/hello-world:latest
Deleted Images:
untagged: hello-world:latest
untagged: hello-world@sha256:a26bff933ddc26d5cdf7faa98b4ae1e3ec20c4985e6f87ac0973052224d24302
deleted: sha256:d2c94e258dcb3c5ac2798d32e1249e42ef01cba4841c2234249495f87264ac5a
deleted: sha256:ac28800ec8bb38d5c35b49d45a6ac4777544941199075dff8c4eb63e093aa81e

Total reclaimed space: 13.26kB
latest: Pulling from library/hello-world
c1ec31eb5944: Pulling fs layer
c1ec31eb5944: Verifying Checksum
c1ec31eb5944: Download complete
c1ec31eb5944: Pull complete
Digest: sha256:a26bff933ddc26d5cdf7faa98b4ae1e3ec20c4985e6f87ac0973052224d24302
Status: Downloaded newer image for hello-world:latest
docker.io/library/hello-world:latest
Deleted Images:
untagged: hello-world:latest
untagged: hello-world@sha256:a26bff933ddc26d5cdf7faa98b4ae1e3ec20c4985e6f87ac0973052224d24302
deleted: sha256:d2c94e258dcb3c5ac2798d32e1249e42ef01cba4841c2234249495f87264ac5a
deleted: sha256:ac28800ec8bb38d5c35b49d45a6ac4777544941199075dff8c4eb63e093aa81e

Total reclaimed space: 13.26kB
latest: Pulling from library/hello-world
c1ec31eb5944: Pulling fs layer
c1ec31eb5944: Verifying Checksum
c1ec31eb5944: Download complete
c1ec31eb5944: Pull complete
Digest: sha256:a26bff933ddc26d5cdf7faa98b4ae1e3ec20c4985e6f87ac0973052224d24302
Status: Downloaded newer image for hello-world:latest
docker.io/library/hello-world:latest
Deleted Images:
untagged: hello-world:latest
untagged: hello-world@sha256:a26bff933ddc26d5cdf7faa98b4ae1e3ec20c4985e6f87ac0973052224d24302
deleted: sha256:d2c94e258dcb3c5ac2798d32e1249e42ef01cba4841c2234249495f87264ac5a
deleted: sha256:ac28800ec8bb38d5c35b49d45a6ac4777544941199075dff8c4eb63e093aa81e

Total reclaimed space: 13.26kB
latest: Pulling from library/hello-world
c1ec31eb5944: Pulling fs layer
c1ec31eb5944: Download complete
c1ec31eb5944: Pull complete
Digest: sha256:a26bff933ddc26d5cdf7faa98b4ae1e3ec20c4985e6f87ac0973052224d24302
Status: Downloaded newer image for hello-world:latest
docker.io/library/hello-world:latest
Deleted Images:
untagged: hello-world:latest
untagged: hello-world@sha256:a26bff933ddc26d5cdf7faa98b4ae1e3ec20c4985e6f87ac0973052224d24302
deleted: sha256:d2c94e258dcb3c5ac2798d32e1249e42ef01cba4841c2234249495f87264ac5a
deleted: sha256:ac28800ec8bb38d5c35b49d45a6ac4777544941199075dff8c4eb63e093aa81e

Total reclaimed space: 13.26kB
latest: Pulling from library/hello-world
c1ec31eb5944: Pulling fs layer
c1ec31eb5944: Verifying Checksum
c1ec31eb5944: Download complete
c1ec31eb5944: Pull complete
Digest: sha256:a26bff933ddc26d5cdf7faa98b4ae1e3ec20c4985e6f87ac0973052224d24302
Status: Downloaded newer image for hello-world:latest
docker.io/library/hello-world:latest
Deleted Images:
untagged: hello-world:latest
untagged: hello-world@sha256:a26bff933ddc26d5cdf7faa98b4ae1e3ec20c4985e6f87ac0973052224d24302
deleted: sha256:d2c94e258dcb3c5ac2798d32e1249e42ef01cba4841c2234249495f87264ac5a
deleted: sha256:ac28800ec8bb38d5c35b49d45a6ac4777544941199075dff8c4eb63e093aa81e

Total reclaimed space: 13.26kB
latest: Pulling from library/hello-world
c1ec31eb5944: Pulling fs layer
c1ec31eb5944: Download complete
c1ec31eb5944: Pull complete
Digest: sha256:a26bff933ddc26d5cdf7faa98b4ae1e3ec20c4985e6f87ac0973052224d24302
Status: Downloaded newer image for hello-world:latest
docker.io/library/hello-world:latest
Deleted Images:
untagged: hello-world:latest
untagged: hello-world@sha256:a26bff933ddc26d5cdf7faa98b4ae1e3ec20c4985e6f87ac0973052224d24302
deleted: sha256:d2c94e258dcb3c5ac2798d32e1249e42ef01cba4841c2234249495f87264ac5a
deleted: sha256:ac28800ec8bb38d5c35b49d45a6ac4777544941199075dff8c4eb63e093aa81e

Total reclaimed space: 13.26kB
latest: Pulling from library/hello-world
c1ec31eb5944: Pulling fs layer
c1ec31eb5944: Verifying Checksum
c1ec31eb5944: Download complete
c1ec31eb5944: Pull complete
Digest: sha256:a26bff933ddc26d5cdf7faa98b4ae1e3ec20c4985e6f87ac0973052224d24302
Status: Downloaded newer image for hello-world:latest
docker.io/library/hello-world:latest
Deleted Images:
untagged: hello-world:latest
untagged: hello-world@sha256:a26bff933ddc26d5cdf7faa98b4ae1e3ec20c4985e6f87ac0973052224d24302
deleted: sha256:d2c94e258dcb3c5ac2798d32e1249e42ef01cba4841c2234249495f87264ac5a
deleted: sha256:ac28800ec8bb38d5c35b49d45a6ac4777544941199075dff8c4eb63e093aa81e

Total reclaimed space: 13.26kB
latest: Pulling from library/hello-world
c1ec31eb5944: Pulling fs layer
c1ec31eb5944: Verifying Checksum
c1ec31eb5944: Download complete
c1ec31eb5944: Pull complete
Digest: sha256:a26bff933ddc26d5cdf7faa98b4ae1e3ec20c4985e6f87ac0973052224d24302
Status: Downloaded newer image for hello-world:latest
docker.io/library/hello-world:latest
Deleted Images:
untagged: hello-world:latest
untagged: hello-world@sha256:a26bff933ddc26d5cdf7faa98b4ae1e3ec20c4985e6f87ac0973052224d24302
deleted: sha256:d2c94e258dcb3c5ac2798d32e1249e42ef01cba4841c2234249495f87264ac5a
deleted: sha256:ac28800ec8bb38d5c35b49d45a6ac4777544941199075dff8c4eb63e093aa81e

Total reclaimed space: 13.26kB
latest: Pulling from library/hello-world
c1ec31eb5944: Pulling fs layer
c1ec31eb5944: Verifying Checksum
c1ec31eb5944: Download complete
c1ec31eb5944: Pull complete
Digest: sha256:a26bff933ddc26d5cdf7faa98b4ae1e3ec20c4985e6f87ac0973052224d24302
Status: Downloaded newer image for hello-world:latest
docker.io/library/hello-world:latest
Deleted Images:
untagged: hello-world:latest
untagged: hello-world@sha256:a26bff933ddc26d5cdf7faa98b4ae1e3ec20c4985e6f87ac0973052224d24302
deleted: sha256:d2c94e258dcb3c5ac2798d32e1249e42ef01cba4841c2234249495f87264ac5a
deleted: sha256:ac28800ec8bb38d5c35b49d45a6ac4777544941199075dff8c4eb63e093aa81e

Total reclaimed space: 13.26kB
latest: Pulling from library/hello-world
c1ec31eb5944: Pulling fs layer
c1ec31eb5944: Download complete
c1ec31eb5944: Pull complete
Digest: sha256:a26bff933ddc26d5cdf7faa98b4ae1e3ec20c4985e6f87ac0973052224d24302
Status: Downloaded newer image for hello-world:latest
docker.io/library/hello-world:latest
Deleted Images:
untagged: hello-world:latest
untagged: hello-world@sha256:a26bff933ddc26d5cdf7faa98b4ae1e3ec20c4985e6f87ac0973052224d24302
deleted: sha256:d2c94e258dcb3c5ac2798d32e1249e42ef01cba4841c2234249495f87264ac5a
deleted: sha256:ac28800ec8bb38d5c35b49d45a6ac4777544941199075dff8c4eb63e093aa81e

Total reclaimed space: 13.26kB
latest: Pulling from library/hello-world
c1ec31eb5944: Pulling fs layer
c1ec31eb5944: Pull complete
Digest: sha256:a26bff933ddc26d5cdf7faa98b4ae1e3ec20c4985e6f87ac0973052224d24302
Status: Downloaded newer image for hello-world:latest
docker.io/library/hello-world:latest
Deleted Images:
untagged: hello-world:latest
untagged: hello-world@sha256:a26bff933ddc26d5cdf7faa98b4ae1e3ec20c4985e6f87ac0973052224d24302
deleted: sha256:d2c94e258dcb3c5ac2798d32e1249e42ef01cba4841c2234249495f87264ac5a
deleted: sha256:ac28800ec8bb38d5c35b49d45a6ac4777544941199075dff8c4eb63e093aa81e

Total reclaimed space: 13.26kB
latest: Pulling from library/hello-world
c1ec31eb5944: Pulling fs layer
c1ec31eb5944: Verifying Checksum
c1ec31eb5944: Download complete
c1ec31eb5944: Pull complete
Digest: sha256:a26bff933ddc26d5cdf7faa98b4ae1e3ec20c4985e6f87ac0973052224d24302
Status: Downloaded newer image for hello-world:latest
docker.io/library/hello-world:latest
Deleted Images:
untagged: hello-world:latest
untagged: hello-world@sha256:a26bff933ddc26d5cdf7faa98b4ae1e3ec20c4985e6f87ac0973052224d24302
deleted: sha256:d2c94e258dcb3c5ac2798d32e1249e42ef01cba4841c2234249495f87264ac5a
deleted: sha256:ac28800ec8bb38d5c35b49d45a6ac4777544941199075dff8c4eb63e093aa81e

Total reclaimed space: 13.26kB
latest: Pulling from library/hello-world
c1ec31eb5944: Pulling fs layer
c1ec31eb5944: Verifying Checksum
c1ec31eb5944: Download complete
c1ec31eb5944: Pull complete
Digest: sha256:a26bff933ddc26d5cdf7faa98b4ae1e3ec20c4985e6f87ac0973052224d24302
Status: Downloaded newer image for hello-world:latest
docker.io/library/hello-world:latest
Deleted Images:
untagged: hello-world:latest
untagged: hello-world@sha256:a26bff933ddc26d5cdf7faa98b4ae1e3ec20c4985e6f87ac0973052224d24302
deleted: sha256:d2c94e258dcb3c5ac2798d32e1249e42ef01cba4841c2234249495f87264ac5a
deleted: sha256:ac28800ec8bb38d5c35b49d45a6ac4777544941199075dff8c4eb63e093aa81e

Total reclaimed space: 13.26kB
latest: Pulling from library/hello-world
c1ec31eb5944: Pulling fs layer
c1ec31eb5944: Download complete
c1ec31eb5944: Pull complete
Digest: sha256:a26bff933ddc26d5cdf7faa98b4ae1e3ec20c4985e6f87ac0973052224d24302
Status: Downloaded newer image for hello-world:latest
docker.io/library/hello-world:latest
Deleted Images:
untagged: hello-world:latest
untagged: hello-world@sha256:a26bff933ddc26d5cdf7faa98b4ae1e3ec20c4985e6f87ac0973052224d24302
deleted: sha256:d2c94e258dcb3c5ac2798d32e1249e42ef01cba4841c2234249495f87264ac5a
deleted: sha256:ac28800ec8bb38d5c35b49d45a6ac4777544941199075dff8c4eb63e093aa81e

Total reclaimed space: 13.26kB
latest: Pulling from library/hello-world
c1ec31eb5944: Pulling fs layer
c1ec31eb5944: Verifying Checksum
c1ec31eb5944: Download complete
c1ec31eb5944: Pull complete
Digest: sha256:a26bff933ddc26d5cdf7faa98b4ae1e3ec20c4985e6f87ac0973052224d24302
Status: Downloaded newer image for hello-world:latest
docker.io/library/hello-world:latest
Deleted Images:
untagged: hello-world:latest
untagged: hello-world@sha256:a26bff933ddc26d5cdf7faa98b4ae1e3ec20c4985e6f87ac0973052224d24302
deleted: sha256:d2c94e258dcb3c5ac2798d32e1249e42ef01cba4841c2234249495f87264ac5a
deleted: sha256:ac28800ec8bb38d5c35b49d45a6ac4777544941199075dff8c4eb63e093aa81e

Total reclaimed space: 13.26kB
latest: Pulling from library/hello-world
c1ec31eb5944: Pulling fs layer
c1ec31eb5944: Download complete
c1ec31eb5944: Pull complete
Digest: sha256:a26bff933ddc26d5cdf7faa98b4ae1e3ec20c4985e6f87ac0973052224d24302
Status: Downloaded newer image for hello-world:latest
docker.io/library/hello-world:latest
Deleted Images:
untagged: hello-world:latest
untagged: hello-world@sha256:a26bff933ddc26d5cdf7faa98b4ae1e3ec20c4985e6f87ac0973052224d24302
deleted: sha256:d2c94e258dcb3c5ac2798d32e1249e42ef01cba4841c2234249495f87264ac5a
deleted: sha256:ac28800ec8bb38d5c35b49d45a6ac4777544941199075dff8c4eb63e093aa81e

Total reclaimed space: 13.26kB
latest: Pulling from library/hello-world
c1ec31eb5944: Pulling fs layer
c1ec31eb5944: Verifying Checksum
c1ec31eb5944: Download complete
c1ec31eb5944: Pull complete
Digest: sha256:a26bff933ddc26d5cdf7faa98b4ae1e3ec20c4985e6f87ac0973052224d24302
Status: Downloaded newer image for hello-world:latest
docker.io/library/hello-world:latest
Deleted Images:
untagged: hello-world:latest
untagged: hello-world@sha256:a26bff933ddc26d5cdf7faa98b4ae1e3ec20c4985e6f87ac0973052224d24302
deleted: sha256:d2c94e258dcb3c5ac2798d32e1249e42ef01cba4841c2234249495f87264ac5a
deleted: sha256:ac28800ec8bb38d5c35b49d45a6ac4777544941199075dff8c4eb63e093aa81e

Total reclaimed space: 13.26kB
latest: Pulling from library/hello-world
c1ec31eb5944: Pulling fs layer
c1ec31eb5944: Verifying Checksum
c1ec31eb5944: Download complete
c1ec31eb5944: Pull complete
Digest: sha256:a26bff933ddc26d5cdf7faa98b4ae1e3ec20c4985e6f87ac0973052224d24302
Status: Downloaded newer image for hello-world:latest
docker.io/library/hello-world:latest
Deleted Images:
untagged: hello-world:latest
untagged: hello-world@sha256:a26bff933ddc26d5cdf7faa98b4ae1e3ec20c4985e6f87ac0973052224d24302
deleted: sha256:d2c94e258dcb3c5ac2798d32e1249e42ef01cba4841c2234249495f87264ac5a
deleted: sha256:ac28800ec8bb38d5c35b49d45a6ac4777544941199075dff8c4eb63e093aa81e

Total reclaimed space: 13.26kB
latest: Pulling from library/hello-world
c1ec31eb5944: Pulling fs layer
c1ec31eb5944: Pull complete
Digest: sha256:a26bff933ddc26d5cdf7faa98b4ae1e3ec20c4985e6f87ac0973052224d24302
Status: Downloaded newer image for hello-world:latest
docker.io/library/hello-world:latest
Deleted Images:
untagged: hello-world:latest
untagged: hello-world@sha256:a26bff933ddc26d5cdf7faa98b4ae1e3ec20c4985e6f87ac0973052224d24302
deleted: sha256:d2c94e258dcb3c5ac2798d32e1249e42ef01cba4841c2234249495f87264ac5a
deleted: sha256:ac28800ec8bb38d5c35b49d45a6ac4777544941199075dff8c4eb63e093aa81e

Total reclaimed space: 13.26kB
latest: Pulling from library/hello-world
c1ec31eb5944: Pulling fs layer
c1ec31eb5944: Verifying Checksum
c1ec31eb5944: Download complete
c1ec31eb5944: Pull complete
Digest: sha256:a26bff933ddc26d5cdf7faa98b4ae1e3ec20c4985e6f87ac0973052224d24302
Status: Downloaded newer image for hello-world:latest
docker.io/library/hello-world:latest
Deleted Images:
untagged: hello-world:latest
untagged: hello-world@sha256:a26bff933ddc26d5cdf7faa98b4ae1e3ec20c4985e6f87ac0973052224d24302
deleted: sha256:d2c94e258dcb3c5ac2798d32e1249e42ef01cba4841c2234249495f87264ac5a
deleted: sha256:ac28800ec8bb38d5c35b49d45a6ac4777544941199075dff8c4eb63e093aa81e

Total reclaimed space: 13.26kB
latest: Pulling from library/hello-world
c1ec31eb5944: Pulling fs layer
c1ec31eb5944: Verifying Checksum
c1ec31eb5944: Download complete
c1ec31eb5944: Pull complete
Digest: sha256:a26bff933ddc26d5cdf7faa98b4ae1e3ec20c4985e6f87ac0973052224d24302
Status: Downloaded newer image for hello-world:latest
docker.io/library/hello-world:latest
Deleted Images:
untagged: hello-world:latest
untagged: hello-world@sha256:a26bff933ddc26d5cdf7faa98b4ae1e3ec20c4985e6f87ac0973052224d24302
deleted: sha256:d2c94e258dcb3c5ac2798d32e1249e42ef01cba4841c2234249495f87264ac5a
deleted: sha256:ac28800ec8bb38d5c35b49d45a6ac4777544941199075dff8c4eb63e093aa81e

Total reclaimed space: 13.26kB
latest: Pulling from library/hello-world
c1ec31eb5944: Pulling fs layer
c1ec31eb5944: Download complete
c1ec31eb5944: Pull complete
Digest: sha256:a26bff933ddc26d5cdf7faa98b4ae1e3ec20c4985e6f87ac0973052224d24302
Status: Downloaded newer image for hello-world:latest
docker.io/library/hello-world:latest
Deleted Images:
untagged: hello-world:latest
untagged: hello-world@sha256:a26bff933ddc26d5cdf7faa98b4ae1e3ec20c4985e6f87ac0973052224d24302
deleted: sha256:d2c94e258dcb3c5ac2798d32e1249e42ef01cba4841c2234249495f87264ac5a
deleted: sha256:ac28800ec8bb38d5c35b49d45a6ac4777544941199075dff8c4eb63e093aa81e

Total reclaimed space: 13.26kB
latest: Pulling from library/hello-world
c1ec31eb5944: Pulling fs layer
c1ec31eb5944: Download complete
c1ec31eb5944: Pull complete
Digest: sha256:a26bff933ddc26d5cdf7faa98b4ae1e3ec20c4985e6f87ac0973052224d24302
Status: Downloaded newer image for hello-world:latest
docker.io/library/hello-world:latest
Deleted Images:
untagged: hello-world:latest
untagged: hello-world@sha256:a26bff933ddc26d5cdf7faa98b4ae1e3ec20c4985e6f87ac0973052224d24302
deleted: sha256:d2c94e258dcb3c5ac2798d32e1249e42ef01cba4841c2234249495f87264ac5a
deleted: sha256:ac28800ec8bb38d5c35b49d45a6ac4777544941199075dff8c4eb63e093aa81e

Total reclaimed space: 13.26kB
latest: Pulling from library/hello-world
c1ec31eb5944: Pulling fs layer
c1ec31eb5944: Verifying Checksum
c1ec31eb5944: Download complete
c1ec31eb5944: Pull complete
Digest: sha256:a26bff933ddc26d5cdf7faa98b4ae1e3ec20c4985e6f87ac0973052224d24302
Status: Downloaded newer image for hello-world:latest
docker.io/library/hello-world:latest
Deleted Images:
untagged: hello-world:latest
untagged: hello-world@sha256:a26bff933ddc26d5cdf7faa98b4ae1e3ec20c4985e6f87ac0973052224d24302
deleted: sha256:d2c94e258dcb3c5ac2798d32e1249e42ef01cba4841c2234249495f87264ac5a
deleted: sha256:ac28800ec8bb38d5c35b49d45a6ac4777544941199075dff8c4eb63e093aa81e

Total reclaimed space: 13.26kB
latest: Pulling from library/hello-world
c1ec31eb5944: Pulling fs layer
c1ec31eb5944: Verifying Checksum
c1ec31eb5944: Download complete
c1ec31eb5944: Pull complete
Digest: sha256:a26bff933ddc26d5cdf7faa98b4ae1e3ec20c4985e6f87ac0973052224d24302
Status: Downloaded newer image for hello-world:latest
docker.io/library/hello-world:latest
Deleted Images:
untagged: hello-world:latest
untagged: hello-world@sha256:a26bff933ddc26d5cdf7faa98b4ae1e3ec20c4985e6f87ac0973052224d24302
deleted: sha256:d2c94e258dcb3c5ac2798d32e1249e42ef01cba4841c2234249495f87264ac5a
deleted: sha256:ac28800ec8bb38d5c35b49d45a6ac4777544941199075dff8c4eb63e093aa81e

Total reclaimed space: 13.26kB
latest: Pulling from library/hello-world
c1ec31eb5944: Pulling fs layer
c1ec31eb5944: Verifying Checksum
c1ec31eb5944: Download complete
c1ec31eb5944: Pull complete
Digest: sha256:a26bff933ddc26d5cdf7faa98b4ae1e3ec20c4985e6f87ac0973052224d24302
Status: Downloaded newer image for hello-world:latest
docker.io/library/hello-world:latest
Deleted Images:
untagged: hello-world:latest
untagged: hello-world@sha256:a26bff933ddc26d5cdf7faa98b4ae1e3ec20c4985e6f87ac0973052224d24302
deleted: sha256:d2c94e258dcb3c5ac2798d32e1249e42ef01cba4841c2234249495f87264ac5a
deleted: sha256:ac28800ec8bb38d5c35b49d45a6ac4777544941199075dff8c4eb63e093aa81e

Total reclaimed space: 13.26kB
latest: Pulling from library/hello-world
c1ec31eb5944: Pulling fs layer
c1ec31eb5944: Download complete
c1ec31eb5944: Pull complete
Digest: sha256:a26bff933ddc26d5cdf7faa98b4ae1e3ec20c4985e6f87ac0973052224d24302
Status: Downloaded newer image for hello-world:latest
docker.io/library/hello-world:latest
Deleted Images:
untagged: hello-world:latest
untagged: hello-world@sha256:a26bff933ddc26d5cdf7faa98b4ae1e3ec20c4985e6f87ac0973052224d24302
deleted: sha256:d2c94e258dcb3c5ac2798d32e1249e42ef01cba4841c2234249495f87264ac5a
deleted: sha256:ac28800ec8bb38d5c35b49d45a6ac4777544941199075dff8c4eb63e093aa81e

Total reclaimed space: 13.26kB
latest: Pulling from library/hello-world
c1ec31eb5944: Pulling fs layer
c1ec31eb5944: Verifying Checksum
c1ec31eb5944: Download complete
c1ec31eb5944: Pull complete
Digest: sha256:a26bff933ddc26d5cdf7faa98b4ae1e3ec20c4985e6f87ac0973052224d24302
Status: Downloaded newer image for hello-world:latest
docker.io/library/hello-world:latest
Deleted Images:
untagged: hello-world:latest
untagged: hello-world@sha256:a26bff933ddc26d5cdf7faa98b4ae1e3ec20c4985e6f87ac0973052224d24302
deleted: sha256:d2c94e258dcb3c5ac2798d32e1249e42ef01cba4841c2234249495f87264ac5a
deleted: sha256:ac28800ec8bb38d5c35b49d45a6ac4777544941199075dff8c4eb63e093aa81e

Total reclaimed space: 13.26kB
latest: Pulling from library/hello-world
c1ec31eb5944: Pulling fs layer
c1ec31eb5944: Verifying Checksum
c1ec31eb5944: Download complete
c1ec31eb5944: Pull complete
Digest: sha256:a26bff933ddc26d5cdf7faa98b4ae1e3ec20c4985e6f87ac0973052224d24302
Status: Downloaded newer image for hello-world:latest
docker.io/library/hello-world:latest
Deleted Images:
untagged: hello-world:latest
untagged: hello-world@sha256:a26bff933ddc26d5cdf7faa98b4ae1e3ec20c4985e6f87ac0973052224d24302
deleted: sha256:d2c94e258dcb3c5ac2798d32e1249e42ef01cba4841c2234249495f87264ac5a
deleted: sha256:ac28800ec8bb38d5c35b49d45a6ac4777544941199075dff8c4eb63e093aa81e

Total reclaimed space: 13.26kB
latest: Pulling from library/hello-world
c1ec31eb5944: Pulling fs layer
c1ec31eb5944: Verifying Checksum
c1ec31eb5944: Download complete
c1ec31eb5944: Pull complete
Digest: sha256:a26bff933ddc26d5cdf7faa98b4ae1e3ec20c4985e6f87ac0973052224d24302
Status: Downloaded newer image for hello-world:latest
docker.io/library/hello-world:latest
Deleted Images:
untagged: hello-world:latest
untagged: hello-world@sha256:a26bff933ddc26d5cdf7faa98b4ae1e3ec20c4985e6f87ac0973052224d24302
deleted: sha256:d2c94e258dcb3c5ac2798d32e1249e42ef01cba4841c2234249495f87264ac5a
deleted: sha256:ac28800ec8bb38d5c35b49d45a6ac4777544941199075dff8c4eb63e093aa81e

Total reclaimed space: 13.26kB
latest: Pulling from library/hello-world
c1ec31eb5944: Pulling fs layer
c1ec31eb5944: Verifying Checksum
c1ec31eb5944: Download complete
c1ec31eb5944: Pull complete
Digest: sha256:a26bff933ddc26d5cdf7faa98b4ae1e3ec20c4985e6f87ac0973052224d24302
Status: Downloaded newer image for hello-world:latest
docker.io/library/hello-world:latest
Deleted Images:
untagged: hello-world:latest
untagged: hello-world@sha256:a26bff933ddc26d5cdf7faa98b4ae1e3ec20c4985e6f87ac0973052224d24302
deleted: sha256:d2c94e258dcb3c5ac2798d32e1249e42ef01cba4841c2234249495f87264ac5a
deleted: sha256:ac28800ec8bb38d5c35b49d45a6ac4777544941199075dff8c4eb63e093aa81e

Total reclaimed space: 13.26kB
latest: Pulling from library/hello-world
c1ec31eb5944: Pulling fs layer
c1ec31eb5944: Verifying Checksum
c1ec31eb5944: Download complete
c1ec31eb5944: Pull complete
Digest: sha256:a26bff933ddc26d5cdf7faa98b4ae1e3ec20c4985e6f87ac0973052224d24302
Status: Downloaded newer image for hello-world:latest
docker.io/library/hello-world:latest
Deleted Images:
untagged: hello-world:latest
untagged: hello-world@sha256:a26bff933ddc26d5cdf7faa98b4ae1e3ec20c4985e6f87ac0973052224d24302
deleted: sha256:d2c94e258dcb3c5ac2798d32e1249e42ef01cba4841c2234249495f87264ac5a
deleted: sha256:ac28800ec8bb38d5c35b49d45a6ac4777544941199075dff8c4eb63e093aa81e

Total reclaimed space: 13.26kB
latest: Pulling from library/hello-world
c1ec31eb5944: Pulling fs layer
c1ec31eb5944: Verifying Checksum
c1ec31eb5944: Download complete
c1ec31eb5944: Pull complete
Digest: sha256:a26bff933ddc26d5cdf7faa98b4ae1e3ec20c4985e6f87ac0973052224d24302
Status: Downloaded newer image for hello-world:latest
docker.io/library/hello-world:latest
Deleted Images:
untagged: hello-world:latest
untagged: hello-world@sha256:a26bff933ddc26d5cdf7faa98b4ae1e3ec20c4985e6f87ac0973052224d24302
deleted: sha256:d2c94e258dcb3c5ac2798d32e1249e42ef01cba4841c2234249495f87264ac5a
deleted: sha256:ac28800ec8bb38d5c35b49d45a6ac4777544941199075dff8c4eb63e093aa81e

Total reclaimed space: 13.26kB
latest: Pulling from library/hello-world
c1ec31eb5944: Pulling fs layer
c1ec31eb5944: Verifying Checksum
c1ec31eb5944: Download complete
c1ec31eb5944: Pull complete
Digest: sha256:a26bff933ddc26d5cdf7faa98b4ae1e3ec20c4985e6f87ac0973052224d24302
Status: Downloaded newer image for hello-world:latest
docker.io/library/hello-world:latest
Deleted Images:
untagged: hello-world:latest
untagged: hello-world@sha256:a26bff933ddc26d5cdf7faa98b4ae1e3ec20c4985e6f87ac0973052224d24302
deleted: sha256:d2c94e258dcb3c5ac2798d32e1249e42ef01cba4841c2234249495f87264ac5a
deleted: sha256:ac28800ec8bb38d5c35b49d45a6ac4777544941199075dff8c4eb63e093aa81e

Total reclaimed space: 13.26kB
latest: Pulling from library/hello-world
c1ec31eb5944: Pulling fs layer
c1ec31eb5944: Download complete
c1ec31eb5944: Pull complete
Digest: sha256:a26bff933ddc26d5cdf7faa98b4ae1e3ec20c4985e6f87ac0973052224d24302
Status: Downloaded newer image for hello-world:latest
docker.io/library/hello-world:latest
Deleted Images:
untagged: hello-world:latest
untagged: hello-world@sha256:a26bff933ddc26d5cdf7faa98b4ae1e3ec20c4985e6f87ac0973052224d24302
deleted: sha256:d2c94e258dcb3c5ac2798d32e1249e42ef01cba4841c2234249495f87264ac5a
deleted: sha256:ac28800ec8bb38d5c35b49d45a6ac4777544941199075dff8c4eb63e093aa81e

Total reclaimed space: 13.26kB
latest: Pulling from library/hello-world
c1ec31eb5944: Pulling fs layer
c1ec31eb5944: Verifying Checksum
c1ec31eb5944: Download complete
c1ec31eb5944: Pull complete
Digest: sha256:a26bff933ddc26d5cdf7faa98b4ae1e3ec20c4985e6f87ac0973052224d24302
Status: Downloaded newer image for hello-world:latest
docker.io/library/hello-world:latest
Deleted Images:
untagged: hello-world:latest
untagged: hello-world@sha256:a26bff933ddc26d5cdf7faa98b4ae1e3ec20c4985e6f87ac0973052224d24302
deleted: sha256:d2c94e258dcb3c5ac2798d32e1249e42ef01cba4841c2234249495f87264ac5a
deleted: sha256:ac28800ec8bb38d5c35b49d45a6ac4777544941199075dff8c4eb63e093aa81e

Total reclaimed space: 13.26kB
latest: Pulling from library/hello-world
c1ec31eb5944: Pulling fs layer
c1ec31eb5944: Verifying Checksum
c1ec31eb5944: Download complete
c1ec31eb5944: Pull complete
Digest: sha256:a26bff933ddc26d5cdf7faa98b4ae1e3ec20c4985e6f87ac0973052224d24302
Status: Downloaded newer image for hello-world:latest
docker.io/library/hello-world:latest
Deleted Images:
untagged: hello-world:latest
untagged: hello-world@sha256:a26bff933ddc26d5cdf7faa98b4ae1e3ec20c4985e6f87ac0973052224d24302
deleted: sha256:d2c94e258dcb3c5ac2798d32e1249e42ef01cba4841c2234249495f87264ac5a
deleted: sha256:ac28800ec8bb38d5c35b49d45a6ac4777544941199075dff8c4eb63e093aa81e

Total reclaimed space: 13.26kB
latest: Pulling from library/hello-world
c1ec31eb5944: Pulling fs layer
c1ec31eb5944: Verifying Checksum
c1ec31eb5944: Download complete
c1ec31eb5944: Pull complete
Digest: sha256:a26bff933ddc26d5cdf7faa98b4ae1e3ec20c4985e6f87ac0973052224d24302
Status: Downloaded newer image for hello-world:latest
docker.io/library/hello-world:latest
Deleted Images:
untagged: hello-world:latest
untagged: hello-world@sha256:a26bff933ddc26d5cdf7faa98b4ae1e3ec20c4985e6f87ac0973052224d24302
deleted: sha256:d2c94e258dcb3c5ac2798d32e1249e42ef01cba4841c2234249495f87264ac5a
deleted: sha256:ac28800ec8bb38d5c35b49d45a6ac4777544941199075dff8c4eb63e093aa81e

Total reclaimed space: 13.26kB
latest: Pulling from library/hello-world
c1ec31eb5944: Pulling fs layer
c1ec31eb5944: Verifying Checksum
c1ec31eb5944: Download complete
c1ec31eb5944: Pull complete
Digest: sha256:a26bff933ddc26d5cdf7faa98b4ae1e3ec20c4985e6f87ac0973052224d24302
Status: Downloaded newer image for hello-world:latest
docker.io/library/hello-world:latest
Deleted Images:
untagged: hello-world:latest
untagged: hello-world@sha256:a26bff933ddc26d5cdf7faa98b4ae1e3ec20c4985e6f87ac0973052224d24302
deleted: sha256:d2c94e258dcb3c5ac2798d32e1249e42ef01cba4841c2234249495f87264ac5a
deleted: sha256:ac28800ec8bb38d5c35b49d45a6ac4777544941199075dff8c4eb63e093aa81e

Total reclaimed space: 13.26kB
latest: Pulling from library/hello-world
c1ec31eb5944: Pulling fs layer
c1ec31eb5944: Verifying Checksum
c1ec31eb5944: Download complete
c1ec31eb5944: Pull complete
Digest: sha256:a26bff933ddc26d5cdf7faa98b4ae1e3ec20c4985e6f87ac0973052224d24302
Status: Downloaded newer image for hello-world:latest
docker.io/library/hello-world:latest
Deleted Images:
untagged: hello-world:latest
untagged: hello-world@sha256:a26bff933ddc26d5cdf7faa98b4ae1e3ec20c4985e6f87ac0973052224d24302
deleted: sha256:d2c94e258dcb3c5ac2798d32e1249e42ef01cba4841c2234249495f87264ac5a
deleted: sha256:ac28800ec8bb38d5c35b49d45a6ac4777544941199075dff8c4eb63e093aa81e

Total reclaimed space: 13.26kB
latest: Pulling from library/hello-world
c1ec31eb5944: Pulling fs layer
c1ec31eb5944: Verifying Checksum
c1ec31eb5944: Download complete
c1ec31eb5944: Pull complete
Digest: sha256:a26bff933ddc26d5cdf7faa98b4ae1e3ec20c4985e6f87ac0973052224d24302
Status: Downloaded newer image for hello-world:latest
docker.io/library/hello-world:latest
Deleted Images:
untagged: hello-world:latest
untagged: hello-world@sha256:a26bff933ddc26d5cdf7faa98b4ae1e3ec20c4985e6f87ac0973052224d24302
deleted: sha256:d2c94e258dcb3c5ac2798d32e1249e42ef01cba4841c2234249495f87264ac5a
deleted: sha256:ac28800ec8bb38d5c35b49d45a6ac4777544941199075dff8c4eb63e093aa81e

Total reclaimed space: 13.26kB
latest: Pulling from library/hello-world
c1ec31eb5944: Pulling fs layer
c1ec31eb5944: Verifying Checksum
c1ec31eb5944: Download complete
c1ec31eb5944: Pull complete
Digest: sha256:a26bff933ddc26d5cdf7faa98b4ae1e3ec20c4985e6f87ac0973052224d24302
Status: Downloaded newer image for hello-world:latest
docker.io/library/hello-world:latest
Deleted Images:
untagged: hello-world:latest
untagged: hello-world@sha256:a26bff933ddc26d5cdf7faa98b4ae1e3ec20c4985e6f87ac0973052224d24302
deleted: sha256:d2c94e258dcb3c5ac2798d32e1249e42ef01cba4841c2234249495f87264ac5a
deleted: sha256:ac28800ec8bb38d5c35b49d45a6ac4777544941199075dff8c4eb63e093aa81e

Total reclaimed space: 13.26kB
latest: Pulling from library/hello-world
c1ec31eb5944: Pulling fs layer
c1ec31eb5944: Verifying Checksum
c1ec31eb5944: Download complete
c1ec31eb5944: Pull complete
Digest: sha256:a26bff933ddc26d5cdf7faa98b4ae1e3ec20c4985e6f87ac0973052224d24302
Status: Downloaded newer image for hello-world:latest
docker.io/library/hello-world:latest
Deleted Images:
untagged: hello-world:latest
untagged: hello-world@sha256:a26bff933ddc26d5cdf7faa98b4ae1e3ec20c4985e6f87ac0973052224d24302
deleted: sha256:d2c94e258dcb3c5ac2798d32e1249e42ef01cba4841c2234249495f87264ac5a
deleted: sha256:ac28800ec8bb38d5c35b49d45a6ac4777544941199075dff8c4eb63e093aa81e

Total reclaimed space: 13.26kB
latest: Pulling from library/hello-world
c1ec31eb5944: Pulling fs layer
c1ec31eb5944: Download complete
c1ec31eb5944: Pull complete
Digest: sha256:a26bff933ddc26d5cdf7faa98b4ae1e3ec20c4985e6f87ac0973052224d24302
Status: Downloaded newer image for hello-world:latest
docker.io/library/hello-world:latest
Deleted Images:
untagged: hello-world:latest
untagged: hello-world@sha256:a26bff933ddc26d5cdf7faa98b4ae1e3ec20c4985e6f87ac0973052224d24302
deleted: sha256:d2c94e258dcb3c5ac2798d32e1249e42ef01cba4841c2234249495f87264ac5a
deleted: sha256:ac28800ec8bb38d5c35b49d45a6ac4777544941199075dff8c4eb63e093aa81e

Total reclaimed space: 13.26kB
latest: Pulling from library/hello-world
c1ec31eb5944: Pulling fs layer
c1ec31eb5944: Verifying Checksum
c1ec31eb5944: Download complete
c1ec31eb5944: Pull complete
Digest: sha256:a26bff933ddc26d5cdf7faa98b4ae1e3ec20c4985e6f87ac0973052224d24302
Status: Downloaded newer image for hello-world:latest
docker.io/library/hello-world:latest
Deleted Images:
untagged: hello-world:latest
untagged: hello-world@sha256:a26bff933ddc26d5cdf7faa98b4ae1e3ec20c4985e6f87ac0973052224d24302
deleted: sha256:d2c94e258dcb3c5ac2798d32e1249e42ef01cba4841c2234249495f87264ac5a
deleted: sha256:ac28800ec8bb38d5c35b49d45a6ac4777544941199075dff8c4eb63e093aa81e

Total reclaimed space: 13.26kB
latest: Pulling from library/hello-world
c1ec31eb5944: Pulling fs layer
c1ec31eb5944: Download complete
c1ec31eb5944: Pull complete
Digest: sha256:a26bff933ddc26d5cdf7faa98b4ae1e3ec20c4985e6f87ac0973052224d24302
Status: Downloaded newer image for hello-world:latest
docker.io/library/hello-world:latest
Deleted Images:
untagged: hello-world:latest
untagged: hello-world@sha256:a26bff933ddc26d5cdf7faa98b4ae1e3ec20c4985e6f87ac0973052224d24302
deleted: sha256:d2c94e258dcb3c5ac2798d32e1249e42ef01cba4841c2234249495f87264ac5a
deleted: sha256:ac28800ec8bb38d5c35b49d45a6ac4777544941199075dff8c4eb63e093aa81e

Total reclaimed space: 13.26kB
latest: Pulling from library/hello-world
c1ec31eb5944: Pulling fs layer
c1ec31eb5944: Verifying Checksum
c1ec31eb5944: Download complete
c1ec31eb5944: Pull complete
Digest: sha256:a26bff933ddc26d5cdf7faa98b4ae1e3ec20c4985e6f87ac0973052224d24302
Status: Downloaded newer image for hello-world:latest
docker.io/library/hello-world:latest
Deleted Images:
untagged: hello-world:latest
untagged: hello-world@sha256:a26bff933ddc26d5cdf7faa98b4ae1e3ec20c4985e6f87ac0973052224d24302
deleted: sha256:d2c94e258dcb3c5ac2798d32e1249e42ef01cba4841c2234249495f87264ac5a
deleted: sha256:ac28800ec8bb38d5c35b49d45a6ac4777544941199075dff8c4eb63e093aa81e

Total reclaimed space: 13.26kB
latest: Pulling from library/hello-world
c1ec31eb5944: Pulling fs layer
c1ec31eb5944: Download complete
c1ec31eb5944: Pull complete
Digest: sha256:a26bff933ddc26d5cdf7faa98b4ae1e3ec20c4985e6f87ac0973052224d24302
Status: Downloaded newer image for hello-world:latest
docker.io/library/hello-world:latest
Deleted Images:
untagged: hello-world:latest
untagged: hello-world@sha256:a26bff933ddc26d5cdf7faa98b4ae1e3ec20c4985e6f87ac0973052224d24302
deleted: sha256:d2c94e258dcb3c5ac2798d32e1249e42ef01cba4841c2234249495f87264ac5a
deleted: sha256:ac28800ec8bb38d5c35b49d45a6ac4777544941199075dff8c4eb63e093aa81e

Total reclaimed space: 13.26kB
latest: Pulling from library/hello-world
c1ec31eb5944: Pulling fs layer
c1ec31eb5944: Verifying Checksum
c1ec31eb5944: Download complete
c1ec31eb5944: Pull complete
Digest: sha256:a26bff933ddc26d5cdf7faa98b4ae1e3ec20c4985e6f87ac0973052224d24302
Status: Downloaded newer image for hello-world:latest
docker.io/library/hello-world:latest
Deleted Images:
untagged: hello-world:latest
untagged: hello-world@sha256:a26bff933ddc26d5cdf7faa98b4ae1e3ec20c4985e6f87ac0973052224d24302
deleted: sha256:d2c94e258dcb3c5ac2798d32e1249e42ef01cba4841c2234249495f87264ac5a
deleted: sha256:ac28800ec8bb38d5c35b49d45a6ac4777544941199075dff8c4eb63e093aa81e

Total reclaimed space: 13.26kB
latest: Pulling from library/hello-world
c1ec31eb5944: Pulling fs layer
c1ec31eb5944: Download complete
c1ec31eb5944: Pull complete
Digest: sha256:a26bff933ddc26d5cdf7faa98b4ae1e3ec20c4985e6f87ac0973052224d24302
Status: Downloaded newer image for hello-world:latest
docker.io/library/hello-world:latest
Deleted Images:
untagged: hello-world:latest
untagged: hello-world@sha256:a26bff933ddc26d5cdf7faa98b4ae1e3ec20c4985e6f87ac0973052224d24302
deleted: sha256:d2c94e258dcb3c5ac2798d32e1249e42ef01cba4841c2234249495f87264ac5a
deleted: sha256:ac28800ec8bb38d5c35b49d45a6ac4777544941199075dff8c4eb63e093aa81e

Total reclaimed space: 13.26kB
latest: Pulling from library/hello-world
c1ec31eb5944: Pulling fs layer
c1ec31eb5944: Download complete
c1ec31eb5944: Pull complete
Digest: sha256:a26bff933ddc26d5cdf7faa98b4ae1e3ec20c4985e6f87ac0973052224d24302
Status: Downloaded newer image for hello-world:latest
docker.io/library/hello-world:latest
Deleted Images:
untagged: hello-world:latest
untagged: hello-world@sha256:a26bff933ddc26d5cdf7faa98b4ae1e3ec20c4985e6f87ac0973052224d24302
deleted: sha256:d2c94e258dcb3c5ac2798d32e1249e42ef01cba4841c2234249495f87264ac5a
deleted: sha256:ac28800ec8bb38d5c35b49d45a6ac4777544941199075dff8c4eb63e093aa81e

Total reclaimed space: 13.26kB
latest: Pulling from library/hello-world
c1ec31eb5944: Pulling fs layer
c1ec31eb5944: Verifying Checksum
c1ec31eb5944: Download complete
c1ec31eb5944: Pull complete
Digest: sha256:a26bff933ddc26d5cdf7faa98b4ae1e3ec20c4985e6f87ac0973052224d24302
Status: Downloaded newer image for hello-world:latest
docker.io/library/hello-world:latest
Deleted Images:
untagged: hello-world:latest
untagged: hello-world@sha256:a26bff933ddc26d5cdf7faa98b4ae1e3ec20c4985e6f87ac0973052224d24302
deleted: sha256:d2c94e258dcb3c5ac2798d32e1249e42ef01cba4841c2234249495f87264ac5a
deleted: sha256:ac28800ec8bb38d5c35b49d45a6ac4777544941199075dff8c4eb63e093aa81e

Total reclaimed space: 13.26kB
latest: Pulling from library/hello-world
c1ec31eb5944: Pulling fs layer
c1ec31eb5944: Verifying Checksum
c1ec31eb5944: Download complete
c1ec31eb5944: Pull complete
Digest: sha256:a26bff933ddc26d5cdf7faa98b4ae1e3ec20c4985e6f87ac0973052224d24302
Status: Downloaded newer image for hello-world:latest
docker.io/library/hello-world:latest
Deleted Images:
untagged: hello-world:latest
untagged: hello-world@sha256:a26bff933ddc26d5cdf7faa98b4ae1e3ec20c4985e6f87ac0973052224d24302
deleted: sha256:d2c94e258dcb3c5ac2798d32e1249e42ef01cba4841c2234249495f87264ac5a
deleted: sha256:ac28800ec8bb38d5c35b49d45a6ac4777544941199075dff8c4eb63e093aa81e

Total reclaimed space: 13.26kB
latest: Pulling from library/hello-world
c1ec31eb5944: Pulling fs layer
c1ec31eb5944: Verifying Checksum
c1ec31eb5944: Download complete
c1ec31eb5944: Pull complete
Digest: sha256:a26bff933ddc26d5cdf7faa98b4ae1e3ec20c4985e6f87ac0973052224d24302
Status: Downloaded newer image for hello-world:latest
docker.io/library/hello-world:latest
Deleted Images:
untagged: hello-world:latest
untagged: hello-world@sha256:a26bff933ddc26d5cdf7faa98b4ae1e3ec20c4985e6f87ac0973052224d24302
deleted: sha256:d2c94e258dcb3c5ac2798d32e1249e42ef01cba4841c2234249495f87264ac5a
deleted: sha256:ac28800ec8bb38d5c35b49d45a6ac4777544941199075dff8c4eb63e093aa81e

Total reclaimed space: 13.26kB
latest: Pulling from library/hello-world
c1ec31eb5944: Pulling fs layer
c1ec31eb5944: Verifying Checksum
c1ec31eb5944: Download complete
c1ec31eb5944: Pull complete
Digest: sha256:a26bff933ddc26d5cdf7faa98b4ae1e3ec20c4985e6f87ac0973052224d24302
Status: Downloaded newer image for hello-world:latest
docker.io/library/hello-world:latest
Deleted Images:
untagged: hello-world:latest
untagged: hello-world@sha256:a26bff933ddc26d5cdf7faa98b4ae1e3ec20c4985e6f87ac0973052224d24302
deleted: sha256:d2c94e258dcb3c5ac2798d32e1249e42ef01cba4841c2234249495f87264ac5a
deleted: sha256:ac28800ec8bb38d5c35b49d45a6ac4777544941199075dff8c4eb63e093aa81e

Total reclaimed space: 13.26kB
latest: Pulling from library/hello-world
c1ec31eb5944: Pulling fs layer
c1ec31eb5944: Download complete
c1ec31eb5944: Pull complete
Digest: sha256:a26bff933ddc26d5cdf7faa98b4ae1e3ec20c4985e6f87ac0973052224d24302
Status: Downloaded newer image for hello-world:latest
docker.io/library/hello-world:latest
Deleted Images:
untagged: hello-world:latest
untagged: hello-world@sha256:a26bff933ddc26d5cdf7faa98b4ae1e3ec20c4985e6f87ac0973052224d24302
deleted: sha256:d2c94e258dcb3c5ac2798d32e1249e42ef01cba4841c2234249495f87264ac5a
deleted: sha256:ac28800ec8bb38d5c35b49d45a6ac4777544941199075dff8c4eb63e093aa81e

Total reclaimed space: 13.26kB
latest: Pulling from library/hello-world
c1ec31eb5944: Pulling fs layer
c1ec31eb5944: Verifying Checksum
c1ec31eb5944: Download complete
c1ec31eb5944: Pull complete
Digest: sha256:a26bff933ddc26d5cdf7faa98b4ae1e3ec20c4985e6f87ac0973052224d24302
Status: Downloaded newer image for hello-world:latest
docker.io/library/hello-world:latest
Deleted Images:
untagged: hello-world:latest
untagged: hello-world@sha256:a26bff933ddc26d5cdf7faa98b4ae1e3ec20c4985e6f87ac0973052224d24302
deleted: sha256:d2c94e258dcb3c5ac2798d32e1249e42ef01cba4841c2234249495f87264ac5a
deleted: sha256:ac28800ec8bb38d5c35b49d45a6ac4777544941199075dff8c4eb63e093aa81e

Total reclaimed space: 13.26kB
latest: Pulling from library/hello-world
c1ec31eb5944: Pulling fs layer
c1ec31eb5944: Download complete
c1ec31eb5944: Pull complete
Digest: sha256:a26bff933ddc26d5cdf7faa98b4ae1e3ec20c4985e6f87ac0973052224d24302
Status: Downloaded newer image for hello-world:latest
docker.io/library/hello-world:latest
Deleted Images:
untagged: hello-world:latest
untagged: hello-world@sha256:a26bff933ddc26d5cdf7faa98b4ae1e3ec20c4985e6f87ac0973052224d24302
deleted: sha256:d2c94e258dcb3c5ac2798d32e1249e42ef01cba4841c2234249495f87264ac5a
deleted: sha256:ac28800ec8bb38d5c35b49d45a6ac4777544941199075dff8c4eb63e093aa81e

Total reclaimed space: 13.26kB
latest: Pulling from library/hello-world
c1ec31eb5944: Pulling fs layer
c1ec31eb5944: Download complete
c1ec31eb5944: Pull complete
Digest: sha256:a26bff933ddc26d5cdf7faa98b4ae1e3ec20c4985e6f87ac0973052224d24302
Status: Downloaded newer image for hello-world:latest
docker.io/library/hello-world:latest
Deleted Images:
untagged: hello-world:latest
untagged: hello-world@sha256:a26bff933ddc26d5cdf7faa98b4ae1e3ec20c4985e6f87ac0973052224d24302
deleted: sha256:d2c94e258dcb3c5ac2798d32e1249e42ef01cba4841c2234249495f87264ac5a
deleted: sha256:ac28800ec8bb38d5c35b49d45a6ac4777544941199075dff8c4eb63e093aa81e

Total reclaimed space: 13.26kB
latest: Pulling from library/hello-world
c1ec31eb5944: Pulling fs layer
c1ec31eb5944: Verifying Checksum
c1ec31eb5944: Download complete
c1ec31eb5944: Pull complete
Digest: sha256:a26bff933ddc26d5cdf7faa98b4ae1e3ec20c4985e6f87ac0973052224d24302
Status: Downloaded newer image for hello-world:latest
docker.io/library/hello-world:latest
Deleted Images:
untagged: hello-world:latest
untagged: hello-world@sha256:a26bff933ddc26d5cdf7faa98b4ae1e3ec20c4985e6f87ac0973052224d24302
deleted: sha256:d2c94e258dcb3c5ac2798d32e1249e42ef01cba4841c2234249495f87264ac5a
deleted: sha256:ac28800ec8bb38d5c35b49d45a6ac4777544941199075dff8c4eb63e093aa81e

Total reclaimed space: 13.26kB
latest: Pulling from library/hello-world
c1ec31eb5944: Pulling fs layer
c1ec31eb5944: Download complete
c1ec31eb5944: Pull complete
Digest: sha256:a26bff933ddc26d5cdf7faa98b4ae1e3ec20c4985e6f87ac0973052224d24302
Status: Downloaded newer image for hello-world:latest
docker.io/library/hello-world:latest
Deleted Images:
untagged: hello-world:latest
untagged: hello-world@sha256:a26bff933ddc26d5cdf7faa98b4ae1e3ec20c4985e6f87ac0973052224d24302
deleted: sha256:d2c94e258dcb3c5ac2798d32e1249e42ef01cba4841c2234249495f87264ac5a
deleted: sha256:ac28800ec8bb38d5c35b49d45a6ac4777544941199075dff8c4eb63e093aa81e

Total reclaimed space: 13.26kB
latest: Pulling from library/hello-world
c1ec31eb5944: Pulling fs layer
c1ec31eb5944: Download complete
c1ec31eb5944: Pull complete
Digest: sha256:a26bff933ddc26d5cdf7faa98b4ae1e3ec20c4985e6f87ac0973052224d24302
Status: Downloaded newer image for hello-world:latest
docker.io/library/hello-world:latest
Deleted Images:
untagged: hello-world:latest
untagged: hello-world@sha256:a26bff933ddc26d5cdf7faa98b4ae1e3ec20c4985e6f87ac0973052224d24302
deleted: sha256:d2c94e258dcb3c5ac2798d32e1249e42ef01cba4841c2234249495f87264ac5a
deleted: sha256:ac28800ec8bb38d5c35b49d45a6ac4777544941199075dff8c4eb63e093aa81e

Total reclaimed space: 13.26kB
latest: Pulling from library/hello-world
c1ec31eb5944: Pulling fs layer
c1ec31eb5944: Verifying Checksum
c1ec31eb5944: Download complete
c1ec31eb5944: Pull complete
Digest: sha256:a26bff933ddc26d5cdf7faa98b4ae1e3ec20c4985e6f87ac0973052224d24302
Status: Downloaded newer image for hello-world:latest
docker.io/library/hello-world:latest
Deleted Images:
untagged: hello-world:latest
untagged: hello-world@sha256:a26bff933ddc26d5cdf7faa98b4ae1e3ec20c4985e6f87ac0973052224d24302
deleted: sha256:d2c94e258dcb3c5ac2798d32e1249e42ef01cba4841c2234249495f87264ac5a
deleted: sha256:ac28800ec8bb38d5c35b49d45a6ac4777544941199075dff8c4eb63e093aa81e

Total reclaimed space: 13.26kB
latest: Pulling from library/hello-world
c1ec31eb5944: Pulling fs layer
c1ec31eb5944: Download complete
c1ec31eb5944: Pull complete
Digest: sha256:a26bff933ddc26d5cdf7faa98b4ae1e3ec20c4985e6f87ac0973052224d24302
Status: Downloaded newer image for hello-world:latest
docker.io/library/hello-world:latest
Deleted Images:
untagged: hello-world:latest
untagged: hello-world@sha256:a26bff933ddc26d5cdf7faa98b4ae1e3ec20c4985e6f87ac0973052224d24302
deleted: sha256:d2c94e258dcb3c5ac2798d32e1249e42ef01cba4841c2234249495f87264ac5a
deleted: sha256:ac28800ec8bb38d5c35b49d45a6ac4777544941199075dff8c4eb63e093aa81e

Total reclaimed space: 13.26kB
latest: Pulling from library/hello-world
c1ec31eb5944: Pulling fs layer
c1ec31eb5944: Verifying Checksum
c1ec31eb5944: Download complete
c1ec31eb5944: Pull complete
Digest: sha256:a26bff933ddc26d5cdf7faa98b4ae1e3ec20c4985e6f87ac0973052224d24302
Status: Downloaded newer image for hello-world:latest
docker.io/library/hello-world:latest
Deleted Images:
untagged: hello-world:latest
untagged: hello-world@sha256:a26bff933ddc26d5cdf7faa98b4ae1e3ec20c4985e6f87ac0973052224d24302
deleted: sha256:d2c94e258dcb3c5ac2798d32e1249e42ef01cba4841c2234249495f87264ac5a
deleted: sha256:ac28800ec8bb38d5c35b49d45a6ac4777544941199075dff8c4eb63e093aa81e

Total reclaimed space: 13.26kB
latest: Pulling from library/hello-world
c1ec31eb5944: Pulling fs layer
c1ec31eb5944: Verifying Checksum
c1ec31eb5944: Download complete
c1ec31eb5944: Pull complete
Digest: sha256:a26bff933ddc26d5cdf7faa98b4ae1e3ec20c4985e6f87ac0973052224d24302
Status: Downloaded newer image for hello-world:latest
docker.io/library/hello-world:latest
Deleted Images:
untagged: hello-world:latest
untagged: hello-world@sha256:a26bff933ddc26d5cdf7faa98b4ae1e3ec20c4985e6f87ac0973052224d24302
deleted: sha256:d2c94e258dcb3c5ac2798d32e1249e42ef01cba4841c2234249495f87264ac5a
deleted: sha256:ac28800ec8bb38d5c35b49d45a6ac4777544941199075dff8c4eb63e093aa81e

Total reclaimed space: 13.26kB
latest: Pulling from library/hello-world
c1ec31eb5944: Pulling fs layer
c1ec31eb5944: Download complete
c1ec31eb5944: Pull complete
Digest: sha256:a26bff933ddc26d5cdf7faa98b4ae1e3ec20c4985e6f87ac0973052224d24302
Status: Downloaded newer image for hello-world:latest
docker.io/library/hello-world:latest
Deleted Images:
untagged: hello-world:latest
untagged: hello-world@sha256:a26bff933ddc26d5cdf7faa98b4ae1e3ec20c4985e6f87ac0973052224d24302
deleted: sha256:d2c94e258dcb3c5ac2798d32e1249e42ef01cba4841c2234249495f87264ac5a
deleted: sha256:ac28800ec8bb38d5c35b49d45a6ac4777544941199075dff8c4eb63e093aa81e

Total reclaimed space: 13.26kB
latest: Pulling from library/hello-world
c1ec31eb5944: Pulling fs layer
c1ec31eb5944: Download complete
c1ec31eb5944: Pull complete
Digest: sha256:a26bff933ddc26d5cdf7faa98b4ae1e3ec20c4985e6f87ac0973052224d24302
Status: Downloaded newer image for hello-world:latest
docker.io/library/hello-world:latest
Deleted Images:
untagged: hello-world:latest
untagged: hello-world@sha256:a26bff933ddc26d5cdf7faa98b4ae1e3ec20c4985e6f87ac0973052224d24302
deleted: sha256:d2c94e258dcb3c5ac2798d32e1249e42ef01cba4841c2234249495f87264ac5a
deleted: sha256:ac28800ec8bb38d5c35b49d45a6ac4777544941199075dff8c4eb63e093aa81e

Total reclaimed space: 13.26kB
latest: Pulling from library/hello-world
c1ec31eb5944: Pulling fs layer
c1ec31eb5944: Verifying Checksum
c1ec31eb5944: Download complete
c1ec31eb5944: Pull complete
Digest: sha256:a26bff933ddc26d5cdf7faa98b4ae1e3ec20c4985e6f87ac0973052224d24302
Status: Downloaded newer image for hello-world:latest
docker.io/library/hello-world:latest
Deleted Images:
untagged: hello-world:latest
untagged: hello-world@sha256:a26bff933ddc26d5cdf7faa98b4ae1e3ec20c4985e6f87ac0973052224d24302
deleted: sha256:d2c94e258dcb3c5ac2798d32e1249e42ef01cba4841c2234249495f87264ac5a
deleted: sha256:ac28800ec8bb38d5c35b49d45a6ac4777544941199075dff8c4eb63e093aa81e

Total reclaimed space: 13.26kB
latest: Pulling from library/hello-world
c1ec31eb5944: Pulling fs layer
c1ec31eb5944: Verifying Checksum
c1ec31eb5944: Download complete
c1ec31eb5944: Pull complete
Digest: sha256:a26bff933ddc26d5cdf7faa98b4ae1e3ec20c4985e6f87ac0973052224d24302
Status: Downloaded newer image for hello-world:latest
docker.io/library/hello-world:latest
Deleted Images:
untagged: hello-world:latest
untagged: hello-world@sha256:a26bff933ddc26d5cdf7faa98b4ae1e3ec20c4985e6f87ac0973052224d24302
deleted: sha256:d2c94e258dcb3c5ac2798d32e1249e42ef01cba4841c2234249495f87264ac5a
deleted: sha256:ac28800ec8bb38d5c35b49d45a6ac4777544941199075dff8c4eb63e093aa81e

Total reclaimed space: 13.26kB
latest: Pulling from library/hello-world
c1ec31eb5944: Pulling fs layer
c1ec31eb5944: Verifying Checksum
c1ec31eb5944: Download complete
c1ec31eb5944: Pull complete
Digest: sha256:a26bff933ddc26d5cdf7faa98b4ae1e3ec20c4985e6f87ac0973052224d24302
Status: Downloaded newer image for hello-world:latest
docker.io/library/hello-world:latest
Deleted Images:
untagged: hello-world:latest
untagged: hello-world@sha256:a26bff933ddc26d5cdf7faa98b4ae1e3ec20c4985e6f87ac0973052224d24302
deleted: sha256:d2c94e258dcb3c5ac2798d32e1249e42ef01cba4841c2234249495f87264ac5a
deleted: sha256:ac28800ec8bb38d5c35b49d45a6ac4777544941199075dff8c4eb63e093aa81e

Total reclaimed space: 13.26kB
latest: Pulling from library/hello-world
c1ec31eb5944: Pulling fs layer
c1ec31eb5944: Verifying Checksum
c1ec31eb5944: Download complete
c1ec31eb5944: Pull complete
Digest: sha256:a26bff933ddc26d5cdf7faa98b4ae1e3ec20c4985e6f87ac0973052224d24302
Status: Downloaded newer image for hello-world:latest
docker.io/library/hello-world:latest
Deleted Images:
untagged: hello-world:latest
untagged: hello-world@sha256:a26bff933ddc26d5cdf7faa98b4ae1e3ec20c4985e6f87ac0973052224d24302
deleted: sha256:d2c94e258dcb3c5ac2798d32e1249e42ef01cba4841c2234249495f87264ac5a
deleted: sha256:ac28800ec8bb38d5c35b49d45a6ac4777544941199075dff8c4eb63e093aa81e

Total reclaimed space: 13.26kB
latest: Pulling from library/hello-world
c1ec31eb5944: Pulling fs layer
c1ec31eb5944: Download complete
c1ec31eb5944: Pull complete
Digest: sha256:a26bff933ddc26d5cdf7faa98b4ae1e3ec20c4985e6f87ac0973052224d24302
Status: Downloaded newer image for hello-world:latest
docker.io/library/hello-world:latest
Deleted Images:
untagged: hello-world:latest
untagged: hello-world@sha256:a26bff933ddc26d5cdf7faa98b4ae1e3ec20c4985e6f87ac0973052224d24302
deleted: sha256:d2c94e258dcb3c5ac2798d32e1249e42ef01cba4841c2234249495f87264ac5a
deleted: sha256:ac28800ec8bb38d5c35b49d45a6ac4777544941199075dff8c4eb63e093aa81e

Total reclaimed space: 13.26kB
latest: Pulling from library/hello-world
c1ec31eb5944: Pulling fs layer
c1ec31eb5944: Verifying Checksum
c1ec31eb5944: Download complete
c1ec31eb5944: Pull complete
Digest: sha256:a26bff933ddc26d5cdf7faa98b4ae1e3ec20c4985e6f87ac0973052224d24302
Status: Downloaded newer image for hello-world:latest
docker.io/library/hello-world:latest
Deleted Images:
untagged: hello-world:latest
untagged: hello-world@sha256:a26bff933ddc26d5cdf7faa98b4ae1e3ec20c4985e6f87ac0973052224d24302
deleted: sha256:d2c94e258dcb3c5ac2798d32e1249e42ef01cba4841c2234249495f87264ac5a
deleted: sha256:ac28800ec8bb38d5c35b49d45a6ac4777544941199075dff8c4eb63e093aa81e

Total reclaimed space: 13.26kB
latest: Pulling from library/hello-world
c1ec31eb5944: Pulling fs layer
c1ec31eb5944: Verifying Checksum
c1ec31eb5944: Download complete
c1ec31eb5944: Pull complete
Digest: sha256:a26bff933ddc26d5cdf7faa98b4ae1e3ec20c4985e6f87ac0973052224d24302
Status: Downloaded newer image for hello-world:latest
docker.io/library/hello-world:latest
Deleted Images:
untagged: hello-world:latest
untagged: hello-world@sha256:a26bff933ddc26d5cdf7faa98b4ae1e3ec20c4985e6f87ac0973052224d24302
deleted: sha256:d2c94e258dcb3c5ac2798d32e1249e42ef01cba4841c2234249495f87264ac5a
deleted: sha256:ac28800ec8bb38d5c35b49d45a6ac4777544941199075dff8c4eb63e093aa81e

Total reclaimed space: 13.26kB
latest: Pulling from library/hello-world
c1ec31eb5944: Pulling fs layer
c1ec31eb5944: Verifying Checksum
c1ec31eb5944: Download complete
c1ec31eb5944: Pull complete
Digest: sha256:a26bff933ddc26d5cdf7faa98b4ae1e3ec20c4985e6f87ac0973052224d24302
Status: Downloaded newer image for hello-world:latest
docker.io/library/hello-world:latest
Deleted Images:
untagged: hello-world:latest
untagged: hello-world@sha256:a26bff933ddc26d5cdf7faa98b4ae1e3ec20c4985e6f87ac0973052224d24302
deleted: sha256:d2c94e258dcb3c5ac2798d32e1249e42ef01cba4841c2234249495f87264ac5a
deleted: sha256:ac28800ec8bb38d5c35b49d45a6ac4777544941199075dff8c4eb63e093aa81e

Total reclaimed space: 13.26kB
latest: Pulling from library/hello-world
c1ec31eb5944: Pulling fs layer
c1ec31eb5944: Verifying Checksum
c1ec31eb5944: Download complete
c1ec31eb5944: Pull complete
Digest: sha256:a26bff933ddc26d5cdf7faa98b4ae1e3ec20c4985e6f87ac0973052224d24302
Status: Downloaded newer image for hello-world:latest
docker.io/library/hello-world:latest
Deleted Images:
untagged: hello-world:latest
untagged: hello-world@sha256:a26bff933ddc26d5cdf7faa98b4ae1e3ec20c4985e6f87ac0973052224d24302
deleted: sha256:d2c94e258dcb3c5ac2798d32e1249e42ef01cba4841c2234249495f87264ac5a
deleted: sha256:ac28800ec8bb38d5c35b49d45a6ac4777544941199075dff8c4eb63e093aa81e

Total reclaimed space: 13.26kB
latest: Pulling from library/hello-world
c1ec31eb5944: Pulling fs layer
c1ec31eb5944: Verifying Checksum
c1ec31eb5944: Download complete
c1ec31eb5944: Pull complete
Digest: sha256:a26bff933ddc26d5cdf7faa98b4ae1e3ec20c4985e6f87ac0973052224d24302
Status: Downloaded newer image for hello-world:latest
docker.io/library/hello-world:latest
Deleted Images:
untagged: hello-world:latest
untagged: hello-world@sha256:a26bff933ddc26d5cdf7faa98b4ae1e3ec20c4985e6f87ac0973052224d24302
deleted: sha256:d2c94e258dcb3c5ac2798d32e1249e42ef01cba4841c2234249495f87264ac5a
deleted: sha256:ac28800ec8bb38d5c35b49d45a6ac4777544941199075dff8c4eb63e093aa81e

Total reclaimed space: 13.26kB
latest: Pulling from library/hello-world
c1ec31eb5944: Pulling fs layer
c1ec31eb5944: Verifying Checksum
c1ec31eb5944: Download complete
c1ec31eb5944: Pull complete
Digest: sha256:a26bff933ddc26d5cdf7faa98b4ae1e3ec20c4985e6f87ac0973052224d24302
Status: Downloaded newer image for hello-world:latest
docker.io/library/hello-world:latest
Deleted Images:
untagged: hello-world:latest
untagged: hello-world@sha256:a26bff933ddc26d5cdf7faa98b4ae1e3ec20c4985e6f87ac0973052224d24302
deleted: sha256:d2c94e258dcb3c5ac2798d32e1249e42ef01cba4841c2234249495f87264ac5a
deleted: sha256:ac28800ec8bb38d5c35b49d45a6ac4777544941199075dff8c4eb63e093aa81e

Total reclaimed space: 13.26kB
latest: Pulling from library/hello-world
c1ec31eb5944: Pulling fs layer
c1ec31eb5944: Verifying Checksum
c1ec31eb5944: Download complete
c1ec31eb5944: Pull complete
Digest: sha256:a26bff933ddc26d5cdf7faa98b4ae1e3ec20c4985e6f87ac0973052224d24302
Status: Downloaded newer image for hello-world:latest
docker.io/library/hello-world:latest
Deleted Images:
untagged: hello-world:latest
untagged: hello-world@sha256:a26bff933ddc26d5cdf7faa98b4ae1e3ec20c4985e6f87ac0973052224d24302
deleted: sha256:d2c94e258dcb3c5ac2798d32e1249e42ef01cba4841c2234249495f87264ac5a
deleted: sha256:ac28800ec8bb38d5c35b49d45a6ac4777544941199075dff8c4eb63e093aa81e

Total reclaimed space: 13.26kB
latest: Pulling from library/hello-world
c1ec31eb5944: Pulling fs layer
c1ec31eb5944: Verifying Checksum
c1ec31eb5944: Download complete
c1ec31eb5944: Pull complete
Digest: sha256:a26bff933ddc26d5cdf7faa98b4ae1e3ec20c4985e6f87ac0973052224d24302
Status: Downloaded newer image for hello-world:latest
docker.io/library/hello-world:latest
Deleted Images:
untagged: hello-world:latest
untagged: hello-world@sha256:a26bff933ddc26d5cdf7faa98b4ae1e3ec20c4985e6f87ac0973052224d24302
deleted: sha256:d2c94e258dcb3c5ac2798d32e1249e42ef01cba4841c2234249495f87264ac5a
deleted: sha256:ac28800ec8bb38d5c35b49d45a6ac4777544941199075dff8c4eb63e093aa81e

Total reclaimed space: 13.26kB
latest: Pulling from library/hello-world
c1ec31eb5944: Pulling fs layer
c1ec31eb5944: Download complete
c1ec31eb5944: Pull complete
Digest: sha256:a26bff933ddc26d5cdf7faa98b4ae1e3ec20c4985e6f87ac0973052224d24302
Status: Downloaded newer image for hello-world:latest
docker.io/library/hello-world:latest
Deleted Images:
untagged: hello-world:latest
untagged: hello-world@sha256:a26bff933ddc26d5cdf7faa98b4ae1e3ec20c4985e6f87ac0973052224d24302
deleted: sha256:d2c94e258dcb3c5ac2798d32e1249e42ef01cba4841c2234249495f87264ac5a
deleted: sha256:ac28800ec8bb38d5c35b49d45a6ac4777544941199075dff8c4eb63e093aa81e

Total reclaimed space: 13.26kB
latest: Pulling from library/hello-world
c1ec31eb5944: Pulling fs layer
c1ec31eb5944: Download complete
c1ec31eb5944: Pull complete
Digest: sha256:a26bff933ddc26d5cdf7faa98b4ae1e3ec20c4985e6f87ac0973052224d24302
Status: Downloaded newer image for hello-world:latest
docker.io/library/hello-world:latest
Deleted Images:
untagged: hello-world:latest
untagged: hello-world@sha256:a26bff933ddc26d5cdf7faa98b4ae1e3ec20c4985e6f87ac0973052224d24302
deleted: sha256:d2c94e258dcb3c5ac2798d32e1249e42ef01cba4841c2234249495f87264ac5a
deleted: sha256:ac28800ec8bb38d5c35b49d45a6ac4777544941199075dff8c4eb63e093aa81e

Total reclaimed space: 13.26kB
latest: Pulling from library/hello-world
c1ec31eb5944: Pulling fs layer
c1ec31eb5944: Download complete
c1ec31eb5944: Pull complete
Digest: sha256:a26bff933ddc26d5cdf7faa98b4ae1e3ec20c4985e6f87ac0973052224d24302
Status: Downloaded newer image for hello-world:latest
docker.io/library/hello-world:latest
Deleted Images:
untagged: hello-world:latest
untagged: hello-world@sha256:a26bff933ddc26d5cdf7faa98b4ae1e3ec20c4985e6f87ac0973052224d24302
deleted: sha256:d2c94e258dcb3c5ac2798d32e1249e42ef01cba4841c2234249495f87264ac5a
deleted: sha256:ac28800ec8bb38d5c35b49d45a6ac4777544941199075dff8c4eb63e093aa81e

Total reclaimed space: 13.26kB
latest: Pulling from library/hello-world
c1ec31eb5944: Pulling fs layer
c1ec31eb5944: Download complete
c1ec31eb5944: Pull complete
Digest: sha256:a26bff933ddc26d5cdf7faa98b4ae1e3ec20c4985e6f87ac0973052224d24302
Status: Downloaded newer image for hello-world:latest
docker.io/library/hello-world:latest
Deleted Images:
untagged: hello-world:latest
untagged: hello-world@sha256:a26bff933ddc26d5cdf7faa98b4ae1e3ec20c4985e6f87ac0973052224d24302
deleted: sha256:d2c94e258dcb3c5ac2798d32e1249e42ef01cba4841c2234249495f87264ac5a
deleted: sha256:ac28800ec8bb38d5c35b49d45a6ac4777544941199075dff8c4eb63e093aa81e

Total reclaimed space: 13.26kB
latest: Pulling from library/hello-world
c1ec31eb5944: Pulling fs layer
c1ec31eb5944: Download complete
c1ec31eb5944: Pull complete
Digest: sha256:a26bff933ddc26d5cdf7faa98b4ae1e3ec20c4985e6f87ac0973052224d24302
Status: Downloaded newer image for hello-world:latest
docker.io/library/hello-world:latest
Deleted Images:
untagged: hello-world:latest
untagged: hello-world@sha256:a26bff933ddc26d5cdf7faa98b4ae1e3ec20c4985e6f87ac0973052224d24302
deleted: sha256:d2c94e258dcb3c5ac2798d32e1249e42ef01cba4841c2234249495f87264ac5a
deleted: sha256:ac28800ec8bb38d5c35b49d45a6ac4777544941199075dff8c4eb63e093aa81e

Total reclaimed space: 13.26kB
latest: Pulling from library/hello-world
c1ec31eb5944: Pulling fs layer
c1ec31eb5944: Download complete
c1ec31eb5944: Pull complete
Digest: sha256:a26bff933ddc26d5cdf7faa98b4ae1e3ec20c4985e6f87ac0973052224d24302
Status: Downloaded newer image for hello-world:latest
docker.io/library/hello-world:latest
Deleted Images:
untagged: hello-world:latest
untagged: hello-world@sha256:a26bff933ddc26d5cdf7faa98b4ae1e3ec20c4985e6f87ac0973052224d24302
deleted: sha256:d2c94e258dcb3c5ac2798d32e1249e42ef01cba4841c2234249495f87264ac5a
deleted: sha256:ac28800ec8bb38d5c35b49d45a6ac4777544941199075dff8c4eb63e093aa81e

Total reclaimed space: 13.26kB
latest: Pulling from library/hello-world
c1ec31eb5944: Pulling fs layer
c1ec31eb5944: Verifying Checksum
c1ec31eb5944: Download complete
c1ec31eb5944: Pull complete
Digest: sha256:a26bff933ddc26d5cdf7faa98b4ae1e3ec20c4985e6f87ac0973052224d24302
Status: Downloaded newer image for hello-world:latest
docker.io/library/hello-world:latest
Deleted Images:
untagged: hello-world:latest
untagged: hello-world@sha256:a26bff933ddc26d5cdf7faa98b4ae1e3ec20c4985e6f87ac0973052224d24302
deleted: sha256:d2c94e258dcb3c5ac2798d32e1249e42ef01cba4841c2234249495f87264ac5a
deleted: sha256:ac28800ec8bb38d5c35b49d45a6ac4777544941199075dff8c4eb63e093aa81e

Total reclaimed space: 13.26kB
latest: Pulling from library/hello-world
c1ec31eb5944: Pulling fs layer
c1ec31eb5944: Download complete
c1ec31eb5944: Pull complete
Digest: sha256:a26bff933ddc26d5cdf7faa98b4ae1e3ec20c4985e6f87ac0973052224d24302
Status: Downloaded newer image for hello-world:latest
docker.io/library/hello-world:latest
Deleted Images:
untagged: hello-world:latest
untagged: hello-world@sha256:a26bff933ddc26d5cdf7faa98b4ae1e3ec20c4985e6f87ac0973052224d24302
deleted: sha256:d2c94e258dcb3c5ac2798d32e1249e42ef01cba4841c2234249495f87264ac5a
deleted: sha256:ac28800ec8bb38d5c35b49d45a6ac4777544941199075dff8c4eb63e093aa81e

Total reclaimed space: 13.26kB
latest: Pulling from library/hello-world
c1ec31eb5944: Pulling fs layer
c1ec31eb5944: Verifying Checksum
c1ec31eb5944: Download complete
c1ec31eb5944: Pull complete
Digest: sha256:a26bff933ddc26d5cdf7faa98b4ae1e3ec20c4985e6f87ac0973052224d24302
Status: Downloaded newer image for hello-world:latest
docker.io/library/hello-world:latest
Deleted Images:
untagged: hello-world:latest
untagged: hello-world@sha256:a26bff933ddc26d5cdf7faa98b4ae1e3ec20c4985e6f87ac0973052224d24302
deleted: sha256:d2c94e258dcb3c5ac2798d32e1249e42ef01cba4841c2234249495f87264ac5a
deleted: sha256:ac28800ec8bb38d5c35b49d45a6ac4777544941199075dff8c4eb63e093aa81e

Total reclaimed space: 13.26kB
latest: Pulling from library/hello-world
c1ec31eb5944: Pulling fs layer
c1ec31eb5944: Verifying Checksum
c1ec31eb5944: Download complete
c1ec31eb5944: Pull complete
Digest: sha256:a26bff933ddc26d5cdf7faa98b4ae1e3ec20c4985e6f87ac0973052224d24302
Status: Downloaded newer image for hello-world:latest
docker.io/library/hello-world:latest
Deleted Images:
untagged: hello-world:latest
untagged: hello-world@sha256:a26bff933ddc26d5cdf7faa98b4ae1e3ec20c4985e6f87ac0973052224d24302
deleted: sha256:d2c94e258dcb3c5ac2798d32e1249e42ef01cba4841c2234249495f87264ac5a
deleted: sha256:ac28800ec8bb38d5c35b49d45a6ac4777544941199075dff8c4eb63e093aa81e

Total reclaimed space: 13.26kB
latest: Pulling from library/hello-world
c1ec31eb5944: Pulling fs layer
c1ec31eb5944: Verifying Checksum
c1ec31eb5944: Download complete
c1ec31eb5944: Pull complete
Digest: sha256:a26bff933ddc26d5cdf7faa98b4ae1e3ec20c4985e6f87ac0973052224d24302
Status: Downloaded newer image for hello-world:latest
docker.io/library/hello-world:latest
Deleted Images:
untagged: hello-world:latest
untagged: hello-world@sha256:a26bff933ddc26d5cdf7faa98b4ae1e3ec20c4985e6f87ac0973052224d24302
deleted: sha256:d2c94e258dcb3c5ac2798d32e1249e42ef01cba4841c2234249495f87264ac5a
deleted: sha256:ac28800ec8bb38d5c35b49d45a6ac4777544941199075dff8c4eb63e093aa81e

Total reclaimed space: 13.26kB
latest: Pulling from library/hello-world
c1ec31eb5944: Pulling fs layer
c1ec31eb5944: Verifying Checksum
c1ec31eb5944: Download complete
c1ec31eb5944: Pull complete
Digest: sha256:a26bff933ddc26d5cdf7faa98b4ae1e3ec20c4985e6f87ac0973052224d24302
Status: Downloaded newer image for hello-world:latest
docker.io/library/hello-world:latest
Deleted Images:
untagged: hello-world:latest
untagged: hello-world@sha256:a26bff933ddc26d5cdf7faa98b4ae1e3ec20c4985e6f87ac0973052224d24302
deleted: sha256:d2c94e258dcb3c5ac2798d32e1249e42ef01cba4841c2234249495f87264ac5a
deleted: sha256:ac28800ec8bb38d5c35b49d45a6ac4777544941199075dff8c4eb63e093aa81e

Total reclaimed space: 13.26kB
latest: Pulling from library/hello-world
c1ec31eb5944: Pulling fs layer
c1ec31eb5944: Download complete
c1ec31eb5944: Pull complete
Digest: sha256:a26bff933ddc26d5cdf7faa98b4ae1e3ec20c4985e6f87ac0973052224d24302
Status: Downloaded newer image for hello-world:latest
docker.io/library/hello-world:latest
Deleted Images:
untagged: hello-world:latest
untagged: hello-world@sha256:a26bff933ddc26d5cdf7faa98b4ae1e3ec20c4985e6f87ac0973052224d24302
deleted: sha256:d2c94e258dcb3c5ac2798d32e1249e42ef01cba4841c2234249495f87264ac5a
deleted: sha256:ac28800ec8bb38d5c35b49d45a6ac4777544941199075dff8c4eb63e093aa81e

Total reclaimed space: 13.26kB
latest: Pulling from library/hello-world
c1ec31eb5944: Pulling fs layer
c1ec31eb5944: Verifying Checksum
c1ec31eb5944: Download complete
c1ec31eb5944: Pull complete
Digest: sha256:a26bff933ddc26d5cdf7faa98b4ae1e3ec20c4985e6f87ac0973052224d24302
Status: Downloaded newer image for hello-world:latest
docker.io/library/hello-world:latest
Deleted Images:
untagged: hello-world:latest
untagged: hello-world@sha256:a26bff933ddc26d5cdf7faa98b4ae1e3ec20c4985e6f87ac0973052224d24302
deleted: sha256:d2c94e258dcb3c5ac2798d32e1249e42ef01cba4841c2234249495f87264ac5a
deleted: sha256:ac28800ec8bb38d5c35b49d45a6ac4777544941199075dff8c4eb63e093aa81e

Total reclaimed space: 13.26kB
Error response from daemon: toomanyrequests: You have reached your pull rate limit. You may increase the limit by authenticating and upgrading: https://www.docker.com/increase-rate-limit
Total reclaimed space: 0B
Error response from daemon: toomanyrequests: You have reached your pull rate limit. You may increase the limit by authenticating and upgrading: https://www.docker.com/increase-rate-limit
Total reclaimed space: 0B
Error response from daemon: toomanyrequests: You have reached your pull rate limit. You may increase the limit by authenticating and upgrading: https://www.docker.com/increase-rate-limit
Total reclaimed space: 0B
Error response from daemon: toomanyrequests: You have reached your pull rate limit. You may increase the limit by authenticating and upgrading: https://www.docker.com/increase-rate-limit
Total reclaimed space: 0B
Error response from daemon: toomanyrequests: You have reached your pull rate limit. You may increase the limit by authenticating and upgrading: https://www.docker.com/increase-rate-limit
Total reclaimed space: 0B
Error response from daemon: toomanyrequests: You have reached your pull rate limit. You may increase the limit by authenticating and upgrading: https://www.docker.com/increase-rate-limit
Total reclaimed space: 0B
Error response from daemon: toomanyrequests: You have reached your pull rate limit. You may increase the limit by authenticating and upgrading: https://www.docker.com/increase-rate-limit
Total reclaimed space: 0B
Error response from daemon: toomanyrequests: You have reached your pull rate limit. You may increase the limit by authenticating and upgrading: https://www.docker.com/increase-rate-limit
Total reclaimed space: 0B
Error response from daemon: toomanyrequests: You have reached your pull rate limit. You may increase the limit by authenticating and upgrading: https://www.docker.com/increase-rate-limit
Total reclaimed space: 0B
Error response from daemon: toomanyrequests: You have reached your pull rate limit. You may increase the limit by authenticating and upgrading: https://www.docker.com/increase-rate-limit
Total reclaimed space: 0B
Error response from daemon: toomanyrequests: You have reached your pull rate limit. You may increase the limit by authenticating and upgrading: https://www.docker.com/increase-rate-limit
Total reclaimed space: 0B
Error response from daemon: toomanyrequests: You have reached your pull rate limit. You may increase the limit by authenticating and upgrading: https://www.docker.com/increase-rate-limit
Total reclaimed space: 0B
Error response from daemon: toomanyrequests: You have reached your pull rate limit. You may increase the limit by authenticating and upgrading: https://www.docker.com/increase-rate-limit
Total reclaimed space: 0B
Error response from daemon: toomanyrequests: You have reached your pull rate limit. You may increase the limit by authenticating and upgrading: https://www.docker.com/increase-rate-limit
Total reclaimed space: 0B
Error response from daemon: toomanyrequests: You have reached your pull rate limit. You may increase the limit by authenticating and upgrading: https://www.docker.com/increase-rate-limit
Total reclaimed space: 0B
Error response from daemon: toomanyrequests: You have reached your pull rate limit. You may increase the limit by authenticating and upgrading: https://www.docker.com/increase-rate-limit
Total reclaimed space: 0B
Error response from daemon: toomanyrequests: You have reached your pull rate limit. You may increase the limit by authenticating and upgrading: https://www.docker.com/increase-rate-limit
Total reclaimed space: 0B
Error response from daemon: toomanyrequests: You have reached your pull rate limit. You may increase the limit by authenticating and upgrading: https://www.docker.com/increase-rate-limit
Total reclaimed space: 0B
Error response from daemon: toomanyrequests: You have reached your pull rate limit. You may increase the limit by authenticating and upgrading: https://www.docker.com/increase-rate-limit
Total reclaimed space: 0B
Error response from daemon: toomanyrequests: You have reached your pull rate limit. You may increase the limit by authenticating and upgrading: https://www.docker.com/increase-rate-limit
Total reclaimed space: 0B
Error response from daemon: toomanyrequests: You have reached your pull rate limit. You may increase the limit by authenticating and upgrading: https://www.docker.com/increase-rate-limit
Total reclaimed space: 0B
Error response from daemon: toomanyrequests: You have reached your pull rate limit. You may increase the limit by authenticating and upgrading: https://www.docker.com/increase-rate-limit
Total reclaimed space: 0B
Error response from daemon: toomanyrequests: You have reached your pull rate limit. You may increase the limit by authenticating and upgrading: https://www.docker.com/increase-rate-limit
Total reclaimed space: 0B
Error response from daemon: toomanyrequests: You have reached your pull rate limit. You may increase the limit by authenticating and upgrading: https://www.docker.com/increase-rate-limit
Total reclaimed space: 0B
Error response from daemon: toomanyrequests: You have reached your pull rate limit. You may increase the limit by authenticating and upgrading: https://www.docker.com/increase-rate-limit
Total reclaimed space: 0B
Error response from daemon: toomanyrequests: You have reached your pull rate limit. You may increase the limit by authenticating and upgrading: https://www.docker.com/increase-rate-limit
Total reclaimed space: 0B
Error response from daemon: toomanyrequests: You have reached your pull rate limit. You may increase the limit by authenticating and upgrading: https://www.docker.com/increase-rate-limit
Total reclaimed space: 0B
Error response from daemon: toomanyrequests: You have reached your pull rate limit. You may increase the limit by authenticating and upgrading: https://www.docker.com/increase-rate-limit
Total reclaimed space: 0B
Error response from daemon: toomanyrequests: You have reached your pull rate limit. You may increase the limit by authenticating and upgrading: https://www.docker.com/increase-rate-limit
Total reclaimed space: 0B
Error response from daemon: toomanyrequests: You have reached your pull rate limit. You may increase the limit by authenticating and upgrading: https://www.docker.com/increase-rate-limit
Total reclaimed space: 0B
Error response from daemon: toomanyrequests: You have reached your pull rate limit. You may increase the limit by authenticating and upgrading: https://www.docker.com/increase-rate-limit
Total reclaimed space: 0B
Error response from daemon: toomanyrequests: You have reached your pull rate limit. You may increase the limit by authenticating and upgrading: https://www.docker.com/increase-rate-limit
Total reclaimed space: 0B
Error response from daemon: toomanyrequests: You have reached your pull rate limit. You may increase the limit by authenticating and upgrading: https://www.docker.com/increase-rate-limit
Total reclaimed space: 0B
Error response from daemon: toomanyrequests: You have reached your pull rate limit. You may increase the limit by authenticating and upgrading: https://www.docker.com/increase-rate-limit
Total reclaimed space: 0B
Error response from daemon: toomanyrequests: You have reached your pull rate limit. You may increase the limit by authenticating and upgrading: https://www.docker.com/increase-rate-limit
Total reclaimed space: 0B
Error response from daemon: toomanyrequests: You have reached your pull rate limit. You may increase the limit by authenticating and upgrading: https://www.docker.com/increase-rate-limit
Total reclaimed space: 0B
Error response from daemon: toomanyrequests: You have reached your pull rate limit. You may increase the limit by authenticating and upgrading: https://www.docker.com/increase-rate-limit
Total reclaimed space: 0B
Error response from daemon: toomanyrequests: You have reached your pull rate limit. You may increase the limit by authenticating and upgrading: https://www.docker.com/increase-rate-limit
Total reclaimed space: 0B
Error response from daemon: toomanyrequests: You have reached your pull rate limit. You may increase the limit by authenticating and upgrading: https://www.docker.com/increase-rate-limit
Total reclaimed space: 0B
Error response from daemon: toomanyrequests: You have reached your pull rate limit. You may increase the limit by authenticating and upgrading: https://www.docker.com/increase-rate-limit
Total reclaimed space: 0B
Error response from daemon: toomanyrequests: You have reached your pull rate limit. You may increase the limit by authenticating and upgrading: https://www.docker.com/increase-rate-limit
       Value   Percentile   TotalCount 1/(1-Percentile)

  807935.000     0.000000            1         1.00
  825855.000     0.100000           14         1.11
  837631.000     0.200000           28         1.25
 1304575.000     0.300000           42         1.43
 1329151.000     0.400000           56         1.67
 1341439.000     0.500000           70         2.00
 1344511.000     0.550000           77         2.22
 1349631.000     0.600000           84         2.50
 1360895.000     0.650000           94         2.86
 1367039.000     0.700000           98         3.33
 1373183.000     0.750000          105         4.00
 1376255.000     0.775000          109         4.44
 1381375.000     0.800000          113         5.00
 1383423.000     0.825000          116         5.71
 1389567.000     0.850000          119         6.67
 1411071.000     0.875000          123         8.00
 1424383.000     0.887500          125         8.89
 1433599.000     0.900000          126        10.00
 1444863.000     0.912500          128        11.43
 1453055.000     0.925000          130        13.33
 1463295.000     0.937500          132        16.00
 1467391.000     0.943750          133        17.78
 1467391.000     0.950000          133        20.00
 1531903.000     0.956250          134        22.86
 1598463.000     0.962500          135        26.67
 1619967.000     0.968750          136        32.00
 1627135.000     0.971875          137        35.56
 1627135.000     0.975000          137        40.00
 1627135.000     0.978125          137        45.71
 1634303.000     0.981250          138        53.33
 1634303.000     0.984375          138        64.00
 1758207.000     0.985938          139        71.11
 1758207.000     0.987500          139        80.00
 1758207.000     0.989062          139        91.43
 1758207.000     0.990625          139       106.67
 1758207.000     0.992188          139       128.00
 2367487.000     0.992969          140       142.22
 2367487.000     1.000000          140          inf
#[Mean    =  1226197.943, StdDeviation   =   272356.372]
#[Max     =  2367487.000, Total count    =          140]
#[Buckets =           22, SubBuckets     =         2048]
