Total reclaimed space: 0B
Loaded image: postgres:15
Deleted Images:
untagged: postgres:15
deleted: sha256:e3e85a8d0b0fbeb7413fc527035a9d61816da66a582efb423c281075c81d703a
deleted: sha256:a5d6e97b48594d558e2fdfcf0917550840919138efb782212f770d9f25844d30
deleted: sha256:dd3458d0ad9fcba3e85aaf0f11a3260fb620eac2fe68b6e43ddb7aa01c0434d0
deleted: sha256:d19e9aa0537f5f2a7acf099705131f6061c9305236cc1e8a7cb4b6811a4497f6
deleted: sha256:c35566b70bf510687d9603f2d891c66a2f0ec8c7ee0631338989f57c3df502f3
deleted: sha256:5badd9df03ad6ad230aad25d522c6a000c307719bb852f9360a0fcb535ecbd07
deleted: sha256:8591d945a69c62a35098ab4df8fe15d75604553fb8aebca7ac013b50ab91d124
deleted: sha256:eb1e280333985cefb35f5a0992aa2cc4e4bdb829e2245b6d47523014d279d059
deleted: sha256:f184fa6d1dc65e86b9e304655f92e042735cd442d127e516932e763caa9e0f2d
deleted: sha256:9df2c18c4a31ff12f6b65cdde884d087d0be879f22f2a223af3e80903d11c885
deleted: sha256:cc9d6d82fa6ffd2fa20ea830e61056f510f4a4f388b2103b970c081c9434e983
deleted: sha256:4594f474fa2f86c95edc1c021c3cb7fa46906485ab9c566c425043ebd65a5617
deleted: sha256:f7eb11c22f02c0d56ea95d8d21bc98da881d13acc3f165e0fac7cf27645b82e0
deleted: sha256:bd5c058a8faea29c6d356884a8d8b1de3f7252066722f2a895889027fb62758f
deleted: sha256:52ec5a4316fadc09a4a51f82b8d7b66ead0d71bea4f75e81e25b4094c4219061

Total reclaimed space: 440.4MB
Loaded image: postgres:15
Deleted Images:
untagged: postgres:15
deleted: sha256:e3e85a8d0b0fbeb7413fc527035a9d61816da66a582efb423c281075c81d703a
deleted: sha256:a5d6e97b48594d558e2fdfcf0917550840919138efb782212f770d9f25844d30
deleted: sha256:dd3458d0ad9fcba3e85aaf0f11a3260fb620eac2fe68b6e43ddb7aa01c0434d0
deleted: sha256:d19e9aa0537f5f2a7acf099705131f6061c9305236cc1e8a7cb4b6811a4497f6
deleted: sha256:c35566b70bf510687d9603f2d891c66a2f0ec8c7ee0631338989f57c3df502f3
deleted: sha256:5badd9df03ad6ad230aad25d522c6a000c307719bb852f9360a0fcb535ecbd07
deleted: sha256:8591d945a69c62a35098ab4df8fe15d75604553fb8aebca7ac013b50ab91d124
deleted: sha256:eb1e280333985cefb35f5a0992aa2cc4e4bdb829e2245b6d47523014d279d059
deleted: sha256:f184fa6d1dc65e86b9e304655f92e042735cd442d127e516932e763caa9e0f2d
deleted: sha256:9df2c18c4a31ff12f6b65cdde884d087d0be879f22f2a223af3e80903d11c885
deleted: sha256:cc9d6d82fa6ffd2fa20ea830e61056f510f4a4f388b2103b970c081c9434e983
deleted: sha256:4594f474fa2f86c95edc1c021c3cb7fa46906485ab9c566c425043ebd65a5617
deleted: sha256:f7eb11c22f02c0d56ea95d8d21bc98da881d13acc3f165e0fac7cf27645b82e0
deleted: sha256:bd5c058a8faea29c6d356884a8d8b1de3f7252066722f2a895889027fb62758f
deleted: sha256:52ec5a4316fadc09a4a51f82b8d7b66ead0d71bea4f75e81e25b4094c4219061

Total reclaimed space: 440.4MB
Loaded image: postgres:15
Deleted Images:
untagged: postgres:15
deleted: sha256:e3e85a8d0b0fbeb7413fc527035a9d61816da66a582efb423c281075c81d703a
deleted: sha256:a5d6e97b48594d558e2fdfcf0917550840919138efb782212f770d9f25844d30
deleted: sha256:dd3458d0ad9fcba3e85aaf0f11a3260fb620eac2fe68b6e43ddb7aa01c0434d0
deleted: sha256:d19e9aa0537f5f2a7acf099705131f6061c9305236cc1e8a7cb4b6811a4497f6
deleted: sha256:c35566b70bf510687d9603f2d891c66a2f0ec8c7ee0631338989f57c3df502f3
deleted: sha256:5badd9df03ad6ad230aad25d522c6a000c307719bb852f9360a0fcb535ecbd07
deleted: sha256:8591d945a69c62a35098ab4df8fe15d75604553fb8aebca7ac013b50ab91d124
deleted: sha256:eb1e280333985cefb35f5a0992aa2cc4e4bdb829e2245b6d47523014d279d059
deleted: sha256:f184fa6d1dc65e86b9e304655f92e042735cd442d127e516932e763caa9e0f2d
deleted: sha256:9df2c18c4a31ff12f6b65cdde884d087d0be879f22f2a223af3e80903d11c885
deleted: sha256:cc9d6d82fa6ffd2fa20ea830e61056f510f4a4f388b2103b970c081c9434e983
deleted: sha256:4594f474fa2f86c95edc1c021c3cb7fa46906485ab9c566c425043ebd65a5617
deleted: sha256:f7eb11c22f02c0d56ea95d8d21bc98da881d13acc3f165e0fac7cf27645b82e0
deleted: sha256:bd5c058a8faea29c6d356884a8d8b1de3f7252066722f2a895889027fb62758f
deleted: sha256:52ec5a4316fadc09a4a51f82b8d7b66ead0d71bea4f75e81e25b4094c4219061

Total reclaimed space: 440.4MB
Loaded image: postgres:15
Deleted Images:
untagged: postgres:15
deleted: sha256:e3e85a8d0b0fbeb7413fc527035a9d61816da66a582efb423c281075c81d703a
deleted: sha256:a5d6e97b48594d558e2fdfcf0917550840919138efb782212f770d9f25844d30
deleted: sha256:dd3458d0ad9fcba3e85aaf0f11a3260fb620eac2fe68b6e43ddb7aa01c0434d0
deleted: sha256:d19e9aa0537f5f2a7acf099705131f6061c9305236cc1e8a7cb4b6811a4497f6
deleted: sha256:c35566b70bf510687d9603f2d891c66a2f0ec8c7ee0631338989f57c3df502f3
deleted: sha256:5badd9df03ad6ad230aad25d522c6a000c307719bb852f9360a0fcb535ecbd07
deleted: sha256:8591d945a69c62a35098ab4df8fe15d75604553fb8aebca7ac013b50ab91d124
deleted: sha256:eb1e280333985cefb35f5a0992aa2cc4e4bdb829e2245b6d47523014d279d059
deleted: sha256:f184fa6d1dc65e86b9e304655f92e042735cd442d127e516932e763caa9e0f2d
deleted: sha256:9df2c18c4a31ff12f6b65cdde884d087d0be879f22f2a223af3e80903d11c885
deleted: sha256:cc9d6d82fa6ffd2fa20ea830e61056f510f4a4f388b2103b970c081c9434e983
deleted: sha256:4594f474fa2f86c95edc1c021c3cb7fa46906485ab9c566c425043ebd65a5617
deleted: sha256:f7eb11c22f02c0d56ea95d8d21bc98da881d13acc3f165e0fac7cf27645b82e0
deleted: sha256:bd5c058a8faea29c6d356884a8d8b1de3f7252066722f2a895889027fb62758f
deleted: sha256:52ec5a4316fadc09a4a51f82b8d7b66ead0d71bea4f75e81e25b4094c4219061

Total reclaimed space: 440.4MB
Loaded image: postgres:15
Deleted Images:
untagged: postgres:15
deleted: sha256:e3e85a8d0b0fbeb7413fc527035a9d61816da66a582efb423c281075c81d703a
deleted: sha256:a5d6e97b48594d558e2fdfcf0917550840919138efb782212f770d9f25844d30
deleted: sha256:dd3458d0ad9fcba3e85aaf0f11a3260fb620eac2fe68b6e43ddb7aa01c0434d0
deleted: sha256:d19e9aa0537f5f2a7acf099705131f6061c9305236cc1e8a7cb4b6811a4497f6
deleted: sha256:c35566b70bf510687d9603f2d891c66a2f0ec8c7ee0631338989f57c3df502f3
deleted: sha256:5badd9df03ad6ad230aad25d522c6a000c307719bb852f9360a0fcb535ecbd07
deleted: sha256:8591d945a69c62a35098ab4df8fe15d75604553fb8aebca7ac013b50ab91d124
deleted: sha256:eb1e280333985cefb35f5a0992aa2cc4e4bdb829e2245b6d47523014d279d059
deleted: sha256:f184fa6d1dc65e86b9e304655f92e042735cd442d127e516932e763caa9e0f2d
deleted: sha256:9df2c18c4a31ff12f6b65cdde884d087d0be879f22f2a223af3e80903d11c885
deleted: sha256:cc9d6d82fa6ffd2fa20ea830e61056f510f4a4f388b2103b970c081c9434e983
deleted: sha256:4594f474fa2f86c95edc1c021c3cb7fa46906485ab9c566c425043ebd65a5617
deleted: sha256:f7eb11c22f02c0d56ea95d8d21bc98da881d13acc3f165e0fac7cf27645b82e0
deleted: sha256:bd5c058a8faea29c6d356884a8d8b1de3f7252066722f2a895889027fb62758f
deleted: sha256:52ec5a4316fadc09a4a51f82b8d7b66ead0d71bea4f75e81e25b4094c4219061

Total reclaimed space: 440.4MB
Loaded image: postgres:15
Deleted Images:
untagged: postgres:15
deleted: sha256:e3e85a8d0b0fbeb7413fc527035a9d61816da66a582efb423c281075c81d703a
deleted: sha256:a5d6e97b48594d558e2fdfcf0917550840919138efb782212f770d9f25844d30
deleted: sha256:dd3458d0ad9fcba3e85aaf0f11a3260fb620eac2fe68b6e43ddb7aa01c0434d0
deleted: sha256:d19e9aa0537f5f2a7acf099705131f6061c9305236cc1e8a7cb4b6811a4497f6
deleted: sha256:c35566b70bf510687d9603f2d891c66a2f0ec8c7ee0631338989f57c3df502f3
deleted: sha256:5badd9df03ad6ad230aad25d522c6a000c307719bb852f9360a0fcb535ecbd07
deleted: sha256:8591d945a69c62a35098ab4df8fe15d75604553fb8aebca7ac013b50ab91d124
deleted: sha256:eb1e280333985cefb35f5a0992aa2cc4e4bdb829e2245b6d47523014d279d059
deleted: sha256:f184fa6d1dc65e86b9e304655f92e042735cd442d127e516932e763caa9e0f2d
deleted: sha256:9df2c18c4a31ff12f6b65cdde884d087d0be879f22f2a223af3e80903d11c885
deleted: sha256:cc9d6d82fa6ffd2fa20ea830e61056f510f4a4f388b2103b970c081c9434e983
deleted: sha256:4594f474fa2f86c95edc1c021c3cb7fa46906485ab9c566c425043ebd65a5617
deleted: sha256:f7eb11c22f02c0d56ea95d8d21bc98da881d13acc3f165e0fac7cf27645b82e0
deleted: sha256:bd5c058a8faea29c6d356884a8d8b1de3f7252066722f2a895889027fb62758f
deleted: sha256:52ec5a4316fadc09a4a51f82b8d7b66ead0d71bea4f75e81e25b4094c4219061

Total reclaimed space: 440.4MB
Loaded image: postgres:15
Deleted Images:
untagged: postgres:15
deleted: sha256:e3e85a8d0b0fbeb7413fc527035a9d61816da66a582efb423c281075c81d703a
deleted: sha256:a5d6e97b48594d558e2fdfcf0917550840919138efb782212f770d9f25844d30
deleted: sha256:dd3458d0ad9fcba3e85aaf0f11a3260fb620eac2fe68b6e43ddb7aa01c0434d0
deleted: sha256:d19e9aa0537f5f2a7acf099705131f6061c9305236cc1e8a7cb4b6811a4497f6
deleted: sha256:c35566b70bf510687d9603f2d891c66a2f0ec8c7ee0631338989f57c3df502f3
deleted: sha256:5badd9df03ad6ad230aad25d522c6a000c307719bb852f9360a0fcb535ecbd07
deleted: sha256:8591d945a69c62a35098ab4df8fe15d75604553fb8aebca7ac013b50ab91d124
deleted: sha256:eb1e280333985cefb35f5a0992aa2cc4e4bdb829e2245b6d47523014d279d059
deleted: sha256:f184fa6d1dc65e86b9e304655f92e042735cd442d127e516932e763caa9e0f2d
deleted: sha256:9df2c18c4a31ff12f6b65cdde884d087d0be879f22f2a223af3e80903d11c885
deleted: sha256:cc9d6d82fa6ffd2fa20ea830e61056f510f4a4f388b2103b970c081c9434e983
deleted: sha256:4594f474fa2f86c95edc1c021c3cb7fa46906485ab9c566c425043ebd65a5617
deleted: sha256:f7eb11c22f02c0d56ea95d8d21bc98da881d13acc3f165e0fac7cf27645b82e0
deleted: sha256:bd5c058a8faea29c6d356884a8d8b1de3f7252066722f2a895889027fb62758f
deleted: sha256:52ec5a4316fadc09a4a51f82b8d7b66ead0d71bea4f75e81e25b4094c4219061

Total reclaimed space: 440.4MB
Loaded image: postgres:15
Deleted Images:
untagged: postgres:15
deleted: sha256:e3e85a8d0b0fbeb7413fc527035a9d61816da66a582efb423c281075c81d703a
deleted: sha256:a5d6e97b48594d558e2fdfcf0917550840919138efb782212f770d9f25844d30
deleted: sha256:dd3458d0ad9fcba3e85aaf0f11a3260fb620eac2fe68b6e43ddb7aa01c0434d0
deleted: sha256:d19e9aa0537f5f2a7acf099705131f6061c9305236cc1e8a7cb4b6811a4497f6
deleted: sha256:c35566b70bf510687d9603f2d891c66a2f0ec8c7ee0631338989f57c3df502f3
deleted: sha256:5badd9df03ad6ad230aad25d522c6a000c307719bb852f9360a0fcb535ecbd07
deleted: sha256:8591d945a69c62a35098ab4df8fe15d75604553fb8aebca7ac013b50ab91d124
deleted: sha256:eb1e280333985cefb35f5a0992aa2cc4e4bdb829e2245b6d47523014d279d059
deleted: sha256:f184fa6d1dc65e86b9e304655f92e042735cd442d127e516932e763caa9e0f2d
deleted: sha256:9df2c18c4a31ff12f6b65cdde884d087d0be879f22f2a223af3e80903d11c885
deleted: sha256:cc9d6d82fa6ffd2fa20ea830e61056f510f4a4f388b2103b970c081c9434e983
deleted: sha256:4594f474fa2f86c95edc1c021c3cb7fa46906485ab9c566c425043ebd65a5617
deleted: sha256:f7eb11c22f02c0d56ea95d8d21bc98da881d13acc3f165e0fac7cf27645b82e0
deleted: sha256:bd5c058a8faea29c6d356884a8d8b1de3f7252066722f2a895889027fb62758f
deleted: sha256:52ec5a4316fadc09a4a51f82b8d7b66ead0d71bea4f75e81e25b4094c4219061

Total reclaimed space: 440.4MB
Loaded image: postgres:15
Deleted Images:
untagged: postgres:15
deleted: sha256:e3e85a8d0b0fbeb7413fc527035a9d61816da66a582efb423c281075c81d703a
deleted: sha256:a5d6e97b48594d558e2fdfcf0917550840919138efb782212f770d9f25844d30
deleted: sha256:dd3458d0ad9fcba3e85aaf0f11a3260fb620eac2fe68b6e43ddb7aa01c0434d0
deleted: sha256:d19e9aa0537f5f2a7acf099705131f6061c9305236cc1e8a7cb4b6811a4497f6
deleted: sha256:c35566b70bf510687d9603f2d891c66a2f0ec8c7ee0631338989f57c3df502f3
deleted: sha256:5badd9df03ad6ad230aad25d522c6a000c307719bb852f9360a0fcb535ecbd07
deleted: sha256:8591d945a69c62a35098ab4df8fe15d75604553fb8aebca7ac013b50ab91d124
deleted: sha256:eb1e280333985cefb35f5a0992aa2cc4e4bdb829e2245b6d47523014d279d059
deleted: sha256:f184fa6d1dc65e86b9e304655f92e042735cd442d127e516932e763caa9e0f2d
deleted: sha256:9df2c18c4a31ff12f6b65cdde884d087d0be879f22f2a223af3e80903d11c885
deleted: sha256:cc9d6d82fa6ffd2fa20ea830e61056f510f4a4f388b2103b970c081c9434e983
deleted: sha256:4594f474fa2f86c95edc1c021c3cb7fa46906485ab9c566c425043ebd65a5617
deleted: sha256:f7eb11c22f02c0d56ea95d8d21bc98da881d13acc3f165e0fac7cf27645b82e0
deleted: sha256:bd5c058a8faea29c6d356884a8d8b1de3f7252066722f2a895889027fb62758f
deleted: sha256:52ec5a4316fadc09a4a51f82b8d7b66ead0d71bea4f75e81e25b4094c4219061

Total reclaimed space: 440.4MB
Loaded image: postgres:15
Deleted Images:
untagged: postgres:15
deleted: sha256:e3e85a8d0b0fbeb7413fc527035a9d61816da66a582efb423c281075c81d703a
deleted: sha256:a5d6e97b48594d558e2fdfcf0917550840919138efb782212f770d9f25844d30
deleted: sha256:dd3458d0ad9fcba3e85aaf0f11a3260fb620eac2fe68b6e43ddb7aa01c0434d0
deleted: sha256:d19e9aa0537f5f2a7acf099705131f6061c9305236cc1e8a7cb4b6811a4497f6
deleted: sha256:c35566b70bf510687d9603f2d891c66a2f0ec8c7ee0631338989f57c3df502f3
deleted: sha256:5badd9df03ad6ad230aad25d522c6a000c307719bb852f9360a0fcb535ecbd07
deleted: sha256:8591d945a69c62a35098ab4df8fe15d75604553fb8aebca7ac013b50ab91d124
deleted: sha256:eb1e280333985cefb35f5a0992aa2cc4e4bdb829e2245b6d47523014d279d059
deleted: sha256:f184fa6d1dc65e86b9e304655f92e042735cd442d127e516932e763caa9e0f2d
deleted: sha256:9df2c18c4a31ff12f6b65cdde884d087d0be879f22f2a223af3e80903d11c885
deleted: sha256:cc9d6d82fa6ffd2fa20ea830e61056f510f4a4f388b2103b970c081c9434e983
deleted: sha256:4594f474fa2f86c95edc1c021c3cb7fa46906485ab9c566c425043ebd65a5617
deleted: sha256:f7eb11c22f02c0d56ea95d8d21bc98da881d13acc3f165e0fac7cf27645b82e0
deleted: sha256:bd5c058a8faea29c6d356884a8d8b1de3f7252066722f2a895889027fb62758f
deleted: sha256:52ec5a4316fadc09a4a51f82b8d7b66ead0d71bea4f75e81e25b4094c4219061

Total reclaimed space: 440.4MB
Loaded image: postgres:15
Deleted Images:
untagged: postgres:15
deleted: sha256:e3e85a8d0b0fbeb7413fc527035a9d61816da66a582efb423c281075c81d703a
deleted: sha256:a5d6e97b48594d558e2fdfcf0917550840919138efb782212f770d9f25844d30
deleted: sha256:dd3458d0ad9fcba3e85aaf0f11a3260fb620eac2fe68b6e43ddb7aa01c0434d0
deleted: sha256:d19e9aa0537f5f2a7acf099705131f6061c9305236cc1e8a7cb4b6811a4497f6
deleted: sha256:c35566b70bf510687d9603f2d891c66a2f0ec8c7ee0631338989f57c3df502f3
deleted: sha256:5badd9df03ad6ad230aad25d522c6a000c307719bb852f9360a0fcb535ecbd07
deleted: sha256:8591d945a69c62a35098ab4df8fe15d75604553fb8aebca7ac013b50ab91d124
deleted: sha256:eb1e280333985cefb35f5a0992aa2cc4e4bdb829e2245b6d47523014d279d059
deleted: sha256:f184fa6d1dc65e86b9e304655f92e042735cd442d127e516932e763caa9e0f2d
deleted: sha256:9df2c18c4a31ff12f6b65cdde884d087d0be879f22f2a223af3e80903d11c885
deleted: sha256:cc9d6d82fa6ffd2fa20ea830e61056f510f4a4f388b2103b970c081c9434e983
deleted: sha256:4594f474fa2f86c95edc1c021c3cb7fa46906485ab9c566c425043ebd65a5617
deleted: sha256:f7eb11c22f02c0d56ea95d8d21bc98da881d13acc3f165e0fac7cf27645b82e0
deleted: sha256:bd5c058a8faea29c6d356884a8d8b1de3f7252066722f2a895889027fb62758f
deleted: sha256:52ec5a4316fadc09a4a51f82b8d7b66ead0d71bea4f75e81e25b4094c4219061

Total reclaimed space: 440.4MB
Loaded image: postgres:15
Deleted Images:
untagged: postgres:15
deleted: sha256:e3e85a8d0b0fbeb7413fc527035a9d61816da66a582efb423c281075c81d703a
deleted: sha256:a5d6e97b48594d558e2fdfcf0917550840919138efb782212f770d9f25844d30
deleted: sha256:dd3458d0ad9fcba3e85aaf0f11a3260fb620eac2fe68b6e43ddb7aa01c0434d0
deleted: sha256:d19e9aa0537f5f2a7acf099705131f6061c9305236cc1e8a7cb4b6811a4497f6
deleted: sha256:c35566b70bf510687d9603f2d891c66a2f0ec8c7ee0631338989f57c3df502f3
deleted: sha256:5badd9df03ad6ad230aad25d522c6a000c307719bb852f9360a0fcb535ecbd07
deleted: sha256:8591d945a69c62a35098ab4df8fe15d75604553fb8aebca7ac013b50ab91d124
deleted: sha256:eb1e280333985cefb35f5a0992aa2cc4e4bdb829e2245b6d47523014d279d059
deleted: sha256:f184fa6d1dc65e86b9e304655f92e042735cd442d127e516932e763caa9e0f2d
deleted: sha256:9df2c18c4a31ff12f6b65cdde884d087d0be879f22f2a223af3e80903d11c885
deleted: sha256:cc9d6d82fa6ffd2fa20ea830e61056f510f4a4f388b2103b970c081c9434e983
deleted: sha256:4594f474fa2f86c95edc1c021c3cb7fa46906485ab9c566c425043ebd65a5617
deleted: sha256:f7eb11c22f02c0d56ea95d8d21bc98da881d13acc3f165e0fac7cf27645b82e0
deleted: sha256:bd5c058a8faea29c6d356884a8d8b1de3f7252066722f2a895889027fb62758f
deleted: sha256:52ec5a4316fadc09a4a51f82b8d7b66ead0d71bea4f75e81e25b4094c4219061

Total reclaimed space: 440.4MB
Loaded image: postgres:15
Deleted Images:
untagged: postgres:15
deleted: sha256:e3e85a8d0b0fbeb7413fc527035a9d61816da66a582efb423c281075c81d703a
deleted: sha256:a5d6e97b48594d558e2fdfcf0917550840919138efb782212f770d9f25844d30
deleted: sha256:dd3458d0ad9fcba3e85aaf0f11a3260fb620eac2fe68b6e43ddb7aa01c0434d0
deleted: sha256:d19e9aa0537f5f2a7acf099705131f6061c9305236cc1e8a7cb4b6811a4497f6
deleted: sha256:c35566b70bf510687d9603f2d891c66a2f0ec8c7ee0631338989f57c3df502f3
deleted: sha256:5badd9df03ad6ad230aad25d522c6a000c307719bb852f9360a0fcb535ecbd07
deleted: sha256:8591d945a69c62a35098ab4df8fe15d75604553fb8aebca7ac013b50ab91d124
deleted: sha256:eb1e280333985cefb35f5a0992aa2cc4e4bdb829e2245b6d47523014d279d059
deleted: sha256:f184fa6d1dc65e86b9e304655f92e042735cd442d127e516932e763caa9e0f2d
deleted: sha256:9df2c18c4a31ff12f6b65cdde884d087d0be879f22f2a223af3e80903d11c885
deleted: sha256:cc9d6d82fa6ffd2fa20ea830e61056f510f4a4f388b2103b970c081c9434e983
deleted: sha256:4594f474fa2f86c95edc1c021c3cb7fa46906485ab9c566c425043ebd65a5617
deleted: sha256:f7eb11c22f02c0d56ea95d8d21bc98da881d13acc3f165e0fac7cf27645b82e0
deleted: sha256:bd5c058a8faea29c6d356884a8d8b1de3f7252066722f2a895889027fb62758f
deleted: sha256:52ec5a4316fadc09a4a51f82b8d7b66ead0d71bea4f75e81e25b4094c4219061

Total reclaimed space: 440.4MB
Loaded image: postgres:15
Deleted Images:
untagged: postgres:15
deleted: sha256:e3e85a8d0b0fbeb7413fc527035a9d61816da66a582efb423c281075c81d703a
deleted: sha256:a5d6e97b48594d558e2fdfcf0917550840919138efb782212f770d9f25844d30
deleted: sha256:dd3458d0ad9fcba3e85aaf0f11a3260fb620eac2fe68b6e43ddb7aa01c0434d0
deleted: sha256:d19e9aa0537f5f2a7acf099705131f6061c9305236cc1e8a7cb4b6811a4497f6
deleted: sha256:c35566b70bf510687d9603f2d891c66a2f0ec8c7ee0631338989f57c3df502f3
deleted: sha256:5badd9df03ad6ad230aad25d522c6a000c307719bb852f9360a0fcb535ecbd07
deleted: sha256:8591d945a69c62a35098ab4df8fe15d75604553fb8aebca7ac013b50ab91d124
deleted: sha256:eb1e280333985cefb35f5a0992aa2cc4e4bdb829e2245b6d47523014d279d059
deleted: sha256:f184fa6d1dc65e86b9e304655f92e042735cd442d127e516932e763caa9e0f2d
deleted: sha256:9df2c18c4a31ff12f6b65cdde884d087d0be879f22f2a223af3e80903d11c885
deleted: sha256:cc9d6d82fa6ffd2fa20ea830e61056f510f4a4f388b2103b970c081c9434e983
deleted: sha256:4594f474fa2f86c95edc1c021c3cb7fa46906485ab9c566c425043ebd65a5617
deleted: sha256:f7eb11c22f02c0d56ea95d8d21bc98da881d13acc3f165e0fac7cf27645b82e0
deleted: sha256:bd5c058a8faea29c6d356884a8d8b1de3f7252066722f2a895889027fb62758f
deleted: sha256:52ec5a4316fadc09a4a51f82b8d7b66ead0d71bea4f75e81e25b4094c4219061

Total reclaimed space: 440.4MB
Loaded image: postgres:15
Deleted Images:
untagged: postgres:15
deleted: sha256:e3e85a8d0b0fbeb7413fc527035a9d61816da66a582efb423c281075c81d703a
deleted: sha256:a5d6e97b48594d558e2fdfcf0917550840919138efb782212f770d9f25844d30
deleted: sha256:dd3458d0ad9fcba3e85aaf0f11a3260fb620eac2fe68b6e43ddb7aa01c0434d0
deleted: sha256:d19e9aa0537f5f2a7acf099705131f6061c9305236cc1e8a7cb4b6811a4497f6
deleted: sha256:c35566b70bf510687d9603f2d891c66a2f0ec8c7ee0631338989f57c3df502f3
deleted: sha256:5badd9df03ad6ad230aad25d522c6a000c307719bb852f9360a0fcb535ecbd07
deleted: sha256:8591d945a69c62a35098ab4df8fe15d75604553fb8aebca7ac013b50ab91d124
deleted: sha256:eb1e280333985cefb35f5a0992aa2cc4e4bdb829e2245b6d47523014d279d059
deleted: sha256:f184fa6d1dc65e86b9e304655f92e042735cd442d127e516932e763caa9e0f2d
deleted: sha256:9df2c18c4a31ff12f6b65cdde884d087d0be879f22f2a223af3e80903d11c885
deleted: sha256:cc9d6d82fa6ffd2fa20ea830e61056f510f4a4f388b2103b970c081c9434e983
deleted: sha256:4594f474fa2f86c95edc1c021c3cb7fa46906485ab9c566c425043ebd65a5617
deleted: sha256:f7eb11c22f02c0d56ea95d8d21bc98da881d13acc3f165e0fac7cf27645b82e0
deleted: sha256:bd5c058a8faea29c6d356884a8d8b1de3f7252066722f2a895889027fb62758f
deleted: sha256:52ec5a4316fadc09a4a51f82b8d7b66ead0d71bea4f75e81e25b4094c4219061

Total reclaimed space: 440.4MB
Loaded image: postgres:15
Deleted Images:
untagged: postgres:15
deleted: sha256:e3e85a8d0b0fbeb7413fc527035a9d61816da66a582efb423c281075c81d703a
deleted: sha256:a5d6e97b48594d558e2fdfcf0917550840919138efb782212f770d9f25844d30
deleted: sha256:dd3458d0ad9fcba3e85aaf0f11a3260fb620eac2fe68b6e43ddb7aa01c0434d0
deleted: sha256:d19e9aa0537f5f2a7acf099705131f6061c9305236cc1e8a7cb4b6811a4497f6
deleted: sha256:c35566b70bf510687d9603f2d891c66a2f0ec8c7ee0631338989f57c3df502f3
deleted: sha256:5badd9df03ad6ad230aad25d522c6a000c307719bb852f9360a0fcb535ecbd07
deleted: sha256:8591d945a69c62a35098ab4df8fe15d75604553fb8aebca7ac013b50ab91d124
deleted: sha256:eb1e280333985cefb35f5a0992aa2cc4e4bdb829e2245b6d47523014d279d059
deleted: sha256:f184fa6d1dc65e86b9e304655f92e042735cd442d127e516932e763caa9e0f2d
deleted: sha256:9df2c18c4a31ff12f6b65cdde884d087d0be879f22f2a223af3e80903d11c885
deleted: sha256:cc9d6d82fa6ffd2fa20ea830e61056f510f4a4f388b2103b970c081c9434e983
deleted: sha256:4594f474fa2f86c95edc1c021c3cb7fa46906485ab9c566c425043ebd65a5617
deleted: sha256:f7eb11c22f02c0d56ea95d8d21bc98da881d13acc3f165e0fac7cf27645b82e0
deleted: sha256:bd5c058a8faea29c6d356884a8d8b1de3f7252066722f2a895889027fb62758f
deleted: sha256:52ec5a4316fadc09a4a51f82b8d7b66ead0d71bea4f75e81e25b4094c4219061

Total reclaimed space: 440.4MB
Loaded image: postgres:15
Deleted Images:
untagged: postgres:15
deleted: sha256:e3e85a8d0b0fbeb7413fc527035a9d61816da66a582efb423c281075c81d703a
deleted: sha256:a5d6e97b48594d558e2fdfcf0917550840919138efb782212f770d9f25844d30
deleted: sha256:dd3458d0ad9fcba3e85aaf0f11a3260fb620eac2fe68b6e43ddb7aa01c0434d0
deleted: sha256:d19e9aa0537f5f2a7acf099705131f6061c9305236cc1e8a7cb4b6811a4497f6
deleted: sha256:c35566b70bf510687d9603f2d891c66a2f0ec8c7ee0631338989f57c3df502f3
deleted: sha256:5badd9df03ad6ad230aad25d522c6a000c307719bb852f9360a0fcb535ecbd07
deleted: sha256:8591d945a69c62a35098ab4df8fe15d75604553fb8aebca7ac013b50ab91d124
deleted: sha256:eb1e280333985cefb35f5a0992aa2cc4e4bdb829e2245b6d47523014d279d059
deleted: sha256:f184fa6d1dc65e86b9e304655f92e042735cd442d127e516932e763caa9e0f2d
deleted: sha256:9df2c18c4a31ff12f6b65cdde884d087d0be879f22f2a223af3e80903d11c885
deleted: sha256:cc9d6d82fa6ffd2fa20ea830e61056f510f4a4f388b2103b970c081c9434e983
deleted: sha256:4594f474fa2f86c95edc1c021c3cb7fa46906485ab9c566c425043ebd65a5617
deleted: sha256:f7eb11c22f02c0d56ea95d8d21bc98da881d13acc3f165e0fac7cf27645b82e0
deleted: sha256:bd5c058a8faea29c6d356884a8d8b1de3f7252066722f2a895889027fb62758f
deleted: sha256:52ec5a4316fadc09a4a51f82b8d7b66ead0d71bea4f75e81e25b4094c4219061

Total reclaimed space: 440.4MB
Loaded image: postgres:15
Deleted Images:
untagged: postgres:15
deleted: sha256:e3e85a8d0b0fbeb7413fc527035a9d61816da66a582efb423c281075c81d703a
deleted: sha256:a5d6e97b48594d558e2fdfcf0917550840919138efb782212f770d9f25844d30
deleted: sha256:dd3458d0ad9fcba3e85aaf0f11a3260fb620eac2fe68b6e43ddb7aa01c0434d0
deleted: sha256:d19e9aa0537f5f2a7acf099705131f6061c9305236cc1e8a7cb4b6811a4497f6
deleted: sha256:c35566b70bf510687d9603f2d891c66a2f0ec8c7ee0631338989f57c3df502f3
deleted: sha256:5badd9df03ad6ad230aad25d522c6a000c307719bb852f9360a0fcb535ecbd07
deleted: sha256:8591d945a69c62a35098ab4df8fe15d75604553fb8aebca7ac013b50ab91d124
deleted: sha256:eb1e280333985cefb35f5a0992aa2cc4e4bdb829e2245b6d47523014d279d059
deleted: sha256:f184fa6d1dc65e86b9e304655f92e042735cd442d127e516932e763caa9e0f2d
deleted: sha256:9df2c18c4a31ff12f6b65cdde884d087d0be879f22f2a223af3e80903d11c885
deleted: sha256:cc9d6d82fa6ffd2fa20ea830e61056f510f4a4f388b2103b970c081c9434e983
deleted: sha256:4594f474fa2f86c95edc1c021c3cb7fa46906485ab9c566c425043ebd65a5617
deleted: sha256:f7eb11c22f02c0d56ea95d8d21bc98da881d13acc3f165e0fac7cf27645b82e0
deleted: sha256:bd5c058a8faea29c6d356884a8d8b1de3f7252066722f2a895889027fb62758f
deleted: sha256:52ec5a4316fadc09a4a51f82b8d7b66ead0d71bea4f75e81e25b4094c4219061

Total reclaimed space: 440.4MB
Loaded image: postgres:15
Deleted Images:
untagged: postgres:15
deleted: sha256:e3e85a8d0b0fbeb7413fc527035a9d61816da66a582efb423c281075c81d703a
deleted: sha256:a5d6e97b48594d558e2fdfcf0917550840919138efb782212f770d9f25844d30
deleted: sha256:dd3458d0ad9fcba3e85aaf0f11a3260fb620eac2fe68b6e43ddb7aa01c0434d0
deleted: sha256:d19e9aa0537f5f2a7acf099705131f6061c9305236cc1e8a7cb4b6811a4497f6
deleted: sha256:c35566b70bf510687d9603f2d891c66a2f0ec8c7ee0631338989f57c3df502f3
deleted: sha256:5badd9df03ad6ad230aad25d522c6a000c307719bb852f9360a0fcb535ecbd07
deleted: sha256:8591d945a69c62a35098ab4df8fe15d75604553fb8aebca7ac013b50ab91d124
deleted: sha256:eb1e280333985cefb35f5a0992aa2cc4e4bdb829e2245b6d47523014d279d059
deleted: sha256:f184fa6d1dc65e86b9e304655f92e042735cd442d127e516932e763caa9e0f2d
deleted: sha256:9df2c18c4a31ff12f6b65cdde884d087d0be879f22f2a223af3e80903d11c885
deleted: sha256:cc9d6d82fa6ffd2fa20ea830e61056f510f4a4f388b2103b970c081c9434e983
deleted: sha256:4594f474fa2f86c95edc1c021c3cb7fa46906485ab9c566c425043ebd65a5617
deleted: sha256:f7eb11c22f02c0d56ea95d8d21bc98da881d13acc3f165e0fac7cf27645b82e0
deleted: sha256:bd5c058a8faea29c6d356884a8d8b1de3f7252066722f2a895889027fb62758f
deleted: sha256:52ec5a4316fadc09a4a51f82b8d7b66ead0d71bea4f75e81e25b4094c4219061

Total reclaimed space: 440.4MB
Loaded image: postgres:15
Deleted Images:
untagged: postgres:15
deleted: sha256:e3e85a8d0b0fbeb7413fc527035a9d61816da66a582efb423c281075c81d703a
deleted: sha256:a5d6e97b48594d558e2fdfcf0917550840919138efb782212f770d9f25844d30
deleted: sha256:dd3458d0ad9fcba3e85aaf0f11a3260fb620eac2fe68b6e43ddb7aa01c0434d0
deleted: sha256:d19e9aa0537f5f2a7acf099705131f6061c9305236cc1e8a7cb4b6811a4497f6
deleted: sha256:c35566b70bf510687d9603f2d891c66a2f0ec8c7ee0631338989f57c3df502f3
deleted: sha256:5badd9df03ad6ad230aad25d522c6a000c307719bb852f9360a0fcb535ecbd07
deleted: sha256:8591d945a69c62a35098ab4df8fe15d75604553fb8aebca7ac013b50ab91d124
deleted: sha256:eb1e280333985cefb35f5a0992aa2cc4e4bdb829e2245b6d47523014d279d059
deleted: sha256:f184fa6d1dc65e86b9e304655f92e042735cd442d127e516932e763caa9e0f2d
deleted: sha256:9df2c18c4a31ff12f6b65cdde884d087d0be879f22f2a223af3e80903d11c885
deleted: sha256:cc9d6d82fa6ffd2fa20ea830e61056f510f4a4f388b2103b970c081c9434e983
deleted: sha256:4594f474fa2f86c95edc1c021c3cb7fa46906485ab9c566c425043ebd65a5617
deleted: sha256:f7eb11c22f02c0d56ea95d8d21bc98da881d13acc3f165e0fac7cf27645b82e0
deleted: sha256:bd5c058a8faea29c6d356884a8d8b1de3f7252066722f2a895889027fb62758f
deleted: sha256:52ec5a4316fadc09a4a51f82b8d7b66ead0d71bea4f75e81e25b4094c4219061

Total reclaimed space: 440.4MB
Loaded image: postgres:15
Deleted Images:
untagged: postgres:15
deleted: sha256:e3e85a8d0b0fbeb7413fc527035a9d61816da66a582efb423c281075c81d703a
deleted: sha256:a5d6e97b48594d558e2fdfcf0917550840919138efb782212f770d9f25844d30
deleted: sha256:dd3458d0ad9fcba3e85aaf0f11a3260fb620eac2fe68b6e43ddb7aa01c0434d0
deleted: sha256:d19e9aa0537f5f2a7acf099705131f6061c9305236cc1e8a7cb4b6811a4497f6
deleted: sha256:c35566b70bf510687d9603f2d891c66a2f0ec8c7ee0631338989f57c3df502f3
deleted: sha256:5badd9df03ad6ad230aad25d522c6a000c307719bb852f9360a0fcb535ecbd07
deleted: sha256:8591d945a69c62a35098ab4df8fe15d75604553fb8aebca7ac013b50ab91d124
deleted: sha256:eb1e280333985cefb35f5a0992aa2cc4e4bdb829e2245b6d47523014d279d059
deleted: sha256:f184fa6d1dc65e86b9e304655f92e042735cd442d127e516932e763caa9e0f2d
deleted: sha256:9df2c18c4a31ff12f6b65cdde884d087d0be879f22f2a223af3e80903d11c885
deleted: sha256:cc9d6d82fa6ffd2fa20ea830e61056f510f4a4f388b2103b970c081c9434e983
deleted: sha256:4594f474fa2f86c95edc1c021c3cb7fa46906485ab9c566c425043ebd65a5617
deleted: sha256:f7eb11c22f02c0d56ea95d8d21bc98da881d13acc3f165e0fac7cf27645b82e0
deleted: sha256:bd5c058a8faea29c6d356884a8d8b1de3f7252066722f2a895889027fb62758f
deleted: sha256:52ec5a4316fadc09a4a51f82b8d7b66ead0d71bea4f75e81e25b4094c4219061

Total reclaimed space: 440.4MB
Loaded image: postgres:15
Deleted Images:
untagged: postgres:15
deleted: sha256:e3e85a8d0b0fbeb7413fc527035a9d61816da66a582efb423c281075c81d703a
deleted: sha256:a5d6e97b48594d558e2fdfcf0917550840919138efb782212f770d9f25844d30
deleted: sha256:dd3458d0ad9fcba3e85aaf0f11a3260fb620eac2fe68b6e43ddb7aa01c0434d0
deleted: sha256:d19e9aa0537f5f2a7acf099705131f6061c9305236cc1e8a7cb4b6811a4497f6
deleted: sha256:c35566b70bf510687d9603f2d891c66a2f0ec8c7ee0631338989f57c3df502f3
deleted: sha256:5badd9df03ad6ad230aad25d522c6a000c307719bb852f9360a0fcb535ecbd07
deleted: sha256:8591d945a69c62a35098ab4df8fe15d75604553fb8aebca7ac013b50ab91d124
deleted: sha256:eb1e280333985cefb35f5a0992aa2cc4e4bdb829e2245b6d47523014d279d059
deleted: sha256:f184fa6d1dc65e86b9e304655f92e042735cd442d127e516932e763caa9e0f2d
deleted: sha256:9df2c18c4a31ff12f6b65cdde884d087d0be879f22f2a223af3e80903d11c885
deleted: sha256:cc9d6d82fa6ffd2fa20ea830e61056f510f4a4f388b2103b970c081c9434e983
deleted: sha256:4594f474fa2f86c95edc1c021c3cb7fa46906485ab9c566c425043ebd65a5617
deleted: sha256:f7eb11c22f02c0d56ea95d8d21bc98da881d13acc3f165e0fac7cf27645b82e0
deleted: sha256:bd5c058a8faea29c6d356884a8d8b1de3f7252066722f2a895889027fb62758f
deleted: sha256:52ec5a4316fadc09a4a51f82b8d7b66ead0d71bea4f75e81e25b4094c4219061

Total reclaimed space: 440.4MB
Loaded image: postgres:15
Deleted Images:
untagged: postgres:15
deleted: sha256:e3e85a8d0b0fbeb7413fc527035a9d61816da66a582efb423c281075c81d703a
deleted: sha256:a5d6e97b48594d558e2fdfcf0917550840919138efb782212f770d9f25844d30
deleted: sha256:dd3458d0ad9fcba3e85aaf0f11a3260fb620eac2fe68b6e43ddb7aa01c0434d0
deleted: sha256:d19e9aa0537f5f2a7acf099705131f6061c9305236cc1e8a7cb4b6811a4497f6
deleted: sha256:c35566b70bf510687d9603f2d891c66a2f0ec8c7ee0631338989f57c3df502f3
deleted: sha256:5badd9df03ad6ad230aad25d522c6a000c307719bb852f9360a0fcb535ecbd07
deleted: sha256:8591d945a69c62a35098ab4df8fe15d75604553fb8aebca7ac013b50ab91d124
deleted: sha256:eb1e280333985cefb35f5a0992aa2cc4e4bdb829e2245b6d47523014d279d059
deleted: sha256:f184fa6d1dc65e86b9e304655f92e042735cd442d127e516932e763caa9e0f2d
deleted: sha256:9df2c18c4a31ff12f6b65cdde884d087d0be879f22f2a223af3e80903d11c885
deleted: sha256:cc9d6d82fa6ffd2fa20ea830e61056f510f4a4f388b2103b970c081c9434e983
deleted: sha256:4594f474fa2f86c95edc1c021c3cb7fa46906485ab9c566c425043ebd65a5617
deleted: sha256:f7eb11c22f02c0d56ea95d8d21bc98da881d13acc3f165e0fac7cf27645b82e0
deleted: sha256:bd5c058a8faea29c6d356884a8d8b1de3f7252066722f2a895889027fb62758f
deleted: sha256:52ec5a4316fadc09a4a51f82b8d7b66ead0d71bea4f75e81e25b4094c4219061

Total reclaimed space: 440.4MB
Loaded image: postgres:15
Deleted Images:
untagged: postgres:15
deleted: sha256:e3e85a8d0b0fbeb7413fc527035a9d61816da66a582efb423c281075c81d703a
deleted: sha256:a5d6e97b48594d558e2fdfcf0917550840919138efb782212f770d9f25844d30
deleted: sha256:dd3458d0ad9fcba3e85aaf0f11a3260fb620eac2fe68b6e43ddb7aa01c0434d0
deleted: sha256:d19e9aa0537f5f2a7acf099705131f6061c9305236cc1e8a7cb4b6811a4497f6
deleted: sha256:c35566b70bf510687d9603f2d891c66a2f0ec8c7ee0631338989f57c3df502f3
deleted: sha256:5badd9df03ad6ad230aad25d522c6a000c307719bb852f9360a0fcb535ecbd07
deleted: sha256:8591d945a69c62a35098ab4df8fe15d75604553fb8aebca7ac013b50ab91d124
deleted: sha256:eb1e280333985cefb35f5a0992aa2cc4e4bdb829e2245b6d47523014d279d059
deleted: sha256:f184fa6d1dc65e86b9e304655f92e042735cd442d127e516932e763caa9e0f2d
deleted: sha256:9df2c18c4a31ff12f6b65cdde884d087d0be879f22f2a223af3e80903d11c885
deleted: sha256:cc9d6d82fa6ffd2fa20ea830e61056f510f4a4f388b2103b970c081c9434e983
deleted: sha256:4594f474fa2f86c95edc1c021c3cb7fa46906485ab9c566c425043ebd65a5617
deleted: sha256:f7eb11c22f02c0d56ea95d8d21bc98da881d13acc3f165e0fac7cf27645b82e0
deleted: sha256:bd5c058a8faea29c6d356884a8d8b1de3f7252066722f2a895889027fb62758f
deleted: sha256:52ec5a4316fadc09a4a51f82b8d7b66ead0d71bea4f75e81e25b4094c4219061

Total reclaimed space: 440.4MB
Loaded image: postgres:15
Deleted Images:
untagged: postgres:15
deleted: sha256:e3e85a8d0b0fbeb7413fc527035a9d61816da66a582efb423c281075c81d703a
deleted: sha256:a5d6e97b48594d558e2fdfcf0917550840919138efb782212f770d9f25844d30
deleted: sha256:dd3458d0ad9fcba3e85aaf0f11a3260fb620eac2fe68b6e43ddb7aa01c0434d0
deleted: sha256:d19e9aa0537f5f2a7acf099705131f6061c9305236cc1e8a7cb4b6811a4497f6
deleted: sha256:c35566b70bf510687d9603f2d891c66a2f0ec8c7ee0631338989f57c3df502f3
deleted: sha256:5badd9df03ad6ad230aad25d522c6a000c307719bb852f9360a0fcb535ecbd07
deleted: sha256:8591d945a69c62a35098ab4df8fe15d75604553fb8aebca7ac013b50ab91d124
deleted: sha256:eb1e280333985cefb35f5a0992aa2cc4e4bdb829e2245b6d47523014d279d059
deleted: sha256:f184fa6d1dc65e86b9e304655f92e042735cd442d127e516932e763caa9e0f2d
deleted: sha256:9df2c18c4a31ff12f6b65cdde884d087d0be879f22f2a223af3e80903d11c885
deleted: sha256:cc9d6d82fa6ffd2fa20ea830e61056f510f4a4f388b2103b970c081c9434e983
deleted: sha256:4594f474fa2f86c95edc1c021c3cb7fa46906485ab9c566c425043ebd65a5617
deleted: sha256:f7eb11c22f02c0d56ea95d8d21bc98da881d13acc3f165e0fac7cf27645b82e0
deleted: sha256:bd5c058a8faea29c6d356884a8d8b1de3f7252066722f2a895889027fb62758f
deleted: sha256:52ec5a4316fadc09a4a51f82b8d7b66ead0d71bea4f75e81e25b4094c4219061

Total reclaimed space: 440.4MB
Loaded image: postgres:15
Deleted Images:
untagged: postgres:15
deleted: sha256:e3e85a8d0b0fbeb7413fc527035a9d61816da66a582efb423c281075c81d703a
deleted: sha256:a5d6e97b48594d558e2fdfcf0917550840919138efb782212f770d9f25844d30
deleted: sha256:dd3458d0ad9fcba3e85aaf0f11a3260fb620eac2fe68b6e43ddb7aa01c0434d0
deleted: sha256:d19e9aa0537f5f2a7acf099705131f6061c9305236cc1e8a7cb4b6811a4497f6
deleted: sha256:c35566b70bf510687d9603f2d891c66a2f0ec8c7ee0631338989f57c3df502f3
deleted: sha256:5badd9df03ad6ad230aad25d522c6a000c307719bb852f9360a0fcb535ecbd07
deleted: sha256:8591d945a69c62a35098ab4df8fe15d75604553fb8aebca7ac013b50ab91d124
deleted: sha256:eb1e280333985cefb35f5a0992aa2cc4e4bdb829e2245b6d47523014d279d059
deleted: sha256:f184fa6d1dc65e86b9e304655f92e042735cd442d127e516932e763caa9e0f2d
deleted: sha256:9df2c18c4a31ff12f6b65cdde884d087d0be879f22f2a223af3e80903d11c885
deleted: sha256:cc9d6d82fa6ffd2fa20ea830e61056f510f4a4f388b2103b970c081c9434e983
deleted: sha256:4594f474fa2f86c95edc1c021c3cb7fa46906485ab9c566c425043ebd65a5617
deleted: sha256:f7eb11c22f02c0d56ea95d8d21bc98da881d13acc3f165e0fac7cf27645b82e0
deleted: sha256:bd5c058a8faea29c6d356884a8d8b1de3f7252066722f2a895889027fb62758f
deleted: sha256:52ec5a4316fadc09a4a51f82b8d7b66ead0d71bea4f75e81e25b4094c4219061

Total reclaimed space: 440.4MB
Loaded image: postgres:15
Deleted Images:
untagged: postgres:15
deleted: sha256:e3e85a8d0b0fbeb7413fc527035a9d61816da66a582efb423c281075c81d703a
deleted: sha256:a5d6e97b48594d558e2fdfcf0917550840919138efb782212f770d9f25844d30
deleted: sha256:dd3458d0ad9fcba3e85aaf0f11a3260fb620eac2fe68b6e43ddb7aa01c0434d0
deleted: sha256:d19e9aa0537f5f2a7acf099705131f6061c9305236cc1e8a7cb4b6811a4497f6
deleted: sha256:c35566b70bf510687d9603f2d891c66a2f0ec8c7ee0631338989f57c3df502f3
deleted: sha256:5badd9df03ad6ad230aad25d522c6a000c307719bb852f9360a0fcb535ecbd07
deleted: sha256:8591d945a69c62a35098ab4df8fe15d75604553fb8aebca7ac013b50ab91d124
deleted: sha256:eb1e280333985cefb35f5a0992aa2cc4e4bdb829e2245b6d47523014d279d059
deleted: sha256:f184fa6d1dc65e86b9e304655f92e042735cd442d127e516932e763caa9e0f2d
deleted: sha256:9df2c18c4a31ff12f6b65cdde884d087d0be879f22f2a223af3e80903d11c885
deleted: sha256:cc9d6d82fa6ffd2fa20ea830e61056f510f4a4f388b2103b970c081c9434e983
deleted: sha256:4594f474fa2f86c95edc1c021c3cb7fa46906485ab9c566c425043ebd65a5617
deleted: sha256:f7eb11c22f02c0d56ea95d8d21bc98da881d13acc3f165e0fac7cf27645b82e0
deleted: sha256:bd5c058a8faea29c6d356884a8d8b1de3f7252066722f2a895889027fb62758f
deleted: sha256:52ec5a4316fadc09a4a51f82b8d7b66ead0d71bea4f75e81e25b4094c4219061

Total reclaimed space: 440.4MB
Loaded image: postgres:15
Deleted Images:
untagged: postgres:15
deleted: sha256:e3e85a8d0b0fbeb7413fc527035a9d61816da66a582efb423c281075c81d703a
deleted: sha256:a5d6e97b48594d558e2fdfcf0917550840919138efb782212f770d9f25844d30
deleted: sha256:dd3458d0ad9fcba3e85aaf0f11a3260fb620eac2fe68b6e43ddb7aa01c0434d0
deleted: sha256:d19e9aa0537f5f2a7acf099705131f6061c9305236cc1e8a7cb4b6811a4497f6
deleted: sha256:c35566b70bf510687d9603f2d891c66a2f0ec8c7ee0631338989f57c3df502f3
deleted: sha256:5badd9df03ad6ad230aad25d522c6a000c307719bb852f9360a0fcb535ecbd07
deleted: sha256:8591d945a69c62a35098ab4df8fe15d75604553fb8aebca7ac013b50ab91d124
deleted: sha256:eb1e280333985cefb35f5a0992aa2cc4e4bdb829e2245b6d47523014d279d059
deleted: sha256:f184fa6d1dc65e86b9e304655f92e042735cd442d127e516932e763caa9e0f2d
deleted: sha256:9df2c18c4a31ff12f6b65cdde884d087d0be879f22f2a223af3e80903d11c885
deleted: sha256:cc9d6d82fa6ffd2fa20ea830e61056f510f4a4f388b2103b970c081c9434e983
deleted: sha256:4594f474fa2f86c95edc1c021c3cb7fa46906485ab9c566c425043ebd65a5617
deleted: sha256:f7eb11c22f02c0d56ea95d8d21bc98da881d13acc3f165e0fac7cf27645b82e0
deleted: sha256:bd5c058a8faea29c6d356884a8d8b1de3f7252066722f2a895889027fb62758f
deleted: sha256:52ec5a4316fadc09a4a51f82b8d7b66ead0d71bea4f75e81e25b4094c4219061

Total reclaimed space: 440.4MB
Loaded image: postgres:15
Deleted Images:
untagged: postgres:15
deleted: sha256:e3e85a8d0b0fbeb7413fc527035a9d61816da66a582efb423c281075c81d703a
deleted: sha256:a5d6e97b48594d558e2fdfcf0917550840919138efb782212f770d9f25844d30
deleted: sha256:dd3458d0ad9fcba3e85aaf0f11a3260fb620eac2fe68b6e43ddb7aa01c0434d0
deleted: sha256:d19e9aa0537f5f2a7acf099705131f6061c9305236cc1e8a7cb4b6811a4497f6
deleted: sha256:c35566b70bf510687d9603f2d891c66a2f0ec8c7ee0631338989f57c3df502f3
deleted: sha256:5badd9df03ad6ad230aad25d522c6a000c307719bb852f9360a0fcb535ecbd07
deleted: sha256:8591d945a69c62a35098ab4df8fe15d75604553fb8aebca7ac013b50ab91d124
deleted: sha256:eb1e280333985cefb35f5a0992aa2cc4e4bdb829e2245b6d47523014d279d059
deleted: sha256:f184fa6d1dc65e86b9e304655f92e042735cd442d127e516932e763caa9e0f2d
deleted: sha256:9df2c18c4a31ff12f6b65cdde884d087d0be879f22f2a223af3e80903d11c885
deleted: sha256:cc9d6d82fa6ffd2fa20ea830e61056f510f4a4f388b2103b970c081c9434e983
deleted: sha256:4594f474fa2f86c95edc1c021c3cb7fa46906485ab9c566c425043ebd65a5617
deleted: sha256:f7eb11c22f02c0d56ea95d8d21bc98da881d13acc3f165e0fac7cf27645b82e0
deleted: sha256:bd5c058a8faea29c6d356884a8d8b1de3f7252066722f2a895889027fb62758f
deleted: sha256:52ec5a4316fadc09a4a51f82b8d7b66ead0d71bea4f75e81e25b4094c4219061

Total reclaimed space: 440.4MB
Loaded image: postgres:15
Deleted Images:
untagged: postgres:15
deleted: sha256:e3e85a8d0b0fbeb7413fc527035a9d61816da66a582efb423c281075c81d703a
deleted: sha256:a5d6e97b48594d558e2fdfcf0917550840919138efb782212f770d9f25844d30
deleted: sha256:dd3458d0ad9fcba3e85aaf0f11a3260fb620eac2fe68b6e43ddb7aa01c0434d0
deleted: sha256:d19e9aa0537f5f2a7acf099705131f6061c9305236cc1e8a7cb4b6811a4497f6
deleted: sha256:c35566b70bf510687d9603f2d891c66a2f0ec8c7ee0631338989f57c3df502f3
deleted: sha256:5badd9df03ad6ad230aad25d522c6a000c307719bb852f9360a0fcb535ecbd07
deleted: sha256:8591d945a69c62a35098ab4df8fe15d75604553fb8aebca7ac013b50ab91d124
deleted: sha256:eb1e280333985cefb35f5a0992aa2cc4e4bdb829e2245b6d47523014d279d059
deleted: sha256:f184fa6d1dc65e86b9e304655f92e042735cd442d127e516932e763caa9e0f2d
deleted: sha256:9df2c18c4a31ff12f6b65cdde884d087d0be879f22f2a223af3e80903d11c885
deleted: sha256:cc9d6d82fa6ffd2fa20ea830e61056f510f4a4f388b2103b970c081c9434e983
deleted: sha256:4594f474fa2f86c95edc1c021c3cb7fa46906485ab9c566c425043ebd65a5617
deleted: sha256:f7eb11c22f02c0d56ea95d8d21bc98da881d13acc3f165e0fac7cf27645b82e0
deleted: sha256:bd5c058a8faea29c6d356884a8d8b1de3f7252066722f2a895889027fb62758f
deleted: sha256:52ec5a4316fadc09a4a51f82b8d7b66ead0d71bea4f75e81e25b4094c4219061

Total reclaimed space: 440.4MB
Loaded image: postgres:15
Deleted Images:
untagged: postgres:15
deleted: sha256:e3e85a8d0b0fbeb7413fc527035a9d61816da66a582efb423c281075c81d703a
deleted: sha256:a5d6e97b48594d558e2fdfcf0917550840919138efb782212f770d9f25844d30
deleted: sha256:dd3458d0ad9fcba3e85aaf0f11a3260fb620eac2fe68b6e43ddb7aa01c0434d0
deleted: sha256:d19e9aa0537f5f2a7acf099705131f6061c9305236cc1e8a7cb4b6811a4497f6
deleted: sha256:c35566b70bf510687d9603f2d891c66a2f0ec8c7ee0631338989f57c3df502f3
deleted: sha256:5badd9df03ad6ad230aad25d522c6a000c307719bb852f9360a0fcb535ecbd07
deleted: sha256:8591d945a69c62a35098ab4df8fe15d75604553fb8aebca7ac013b50ab91d124
deleted: sha256:eb1e280333985cefb35f5a0992aa2cc4e4bdb829e2245b6d47523014d279d059
deleted: sha256:f184fa6d1dc65e86b9e304655f92e042735cd442d127e516932e763caa9e0f2d
deleted: sha256:9df2c18c4a31ff12f6b65cdde884d087d0be879f22f2a223af3e80903d11c885
deleted: sha256:cc9d6d82fa6ffd2fa20ea830e61056f510f4a4f388b2103b970c081c9434e983
deleted: sha256:4594f474fa2f86c95edc1c021c3cb7fa46906485ab9c566c425043ebd65a5617
deleted: sha256:f7eb11c22f02c0d56ea95d8d21bc98da881d13acc3f165e0fac7cf27645b82e0
deleted: sha256:bd5c058a8faea29c6d356884a8d8b1de3f7252066722f2a895889027fb62758f
deleted: sha256:52ec5a4316fadc09a4a51f82b8d7b66ead0d71bea4f75e81e25b4094c4219061

Total reclaimed space: 440.4MB
Loaded image: postgres:15
Deleted Images:
untagged: postgres:15
deleted: sha256:e3e85a8d0b0fbeb7413fc527035a9d61816da66a582efb423c281075c81d703a
deleted: sha256:a5d6e97b48594d558e2fdfcf0917550840919138efb782212f770d9f25844d30
deleted: sha256:dd3458d0ad9fcba3e85aaf0f11a3260fb620eac2fe68b6e43ddb7aa01c0434d0
deleted: sha256:d19e9aa0537f5f2a7acf099705131f6061c9305236cc1e8a7cb4b6811a4497f6
deleted: sha256:c35566b70bf510687d9603f2d891c66a2f0ec8c7ee0631338989f57c3df502f3
deleted: sha256:5badd9df03ad6ad230aad25d522c6a000c307719bb852f9360a0fcb535ecbd07
deleted: sha256:8591d945a69c62a35098ab4df8fe15d75604553fb8aebca7ac013b50ab91d124
deleted: sha256:eb1e280333985cefb35f5a0992aa2cc4e4bdb829e2245b6d47523014d279d059
deleted: sha256:f184fa6d1dc65e86b9e304655f92e042735cd442d127e516932e763caa9e0f2d
deleted: sha256:9df2c18c4a31ff12f6b65cdde884d087d0be879f22f2a223af3e80903d11c885
deleted: sha256:cc9d6d82fa6ffd2fa20ea830e61056f510f4a4f388b2103b970c081c9434e983
deleted: sha256:4594f474fa2f86c95edc1c021c3cb7fa46906485ab9c566c425043ebd65a5617
deleted: sha256:f7eb11c22f02c0d56ea95d8d21bc98da881d13acc3f165e0fac7cf27645b82e0
deleted: sha256:bd5c058a8faea29c6d356884a8d8b1de3f7252066722f2a895889027fb62758f
deleted: sha256:52ec5a4316fadc09a4a51f82b8d7b66ead0d71bea4f75e81e25b4094c4219061

Total reclaimed space: 440.4MB
Loaded image: postgres:15
Deleted Images:
untagged: postgres:15
deleted: sha256:e3e85a8d0b0fbeb7413fc527035a9d61816da66a582efb423c281075c81d703a
deleted: sha256:a5d6e97b48594d558e2fdfcf0917550840919138efb782212f770d9f25844d30
deleted: sha256:dd3458d0ad9fcba3e85aaf0f11a3260fb620eac2fe68b6e43ddb7aa01c0434d0
deleted: sha256:d19e9aa0537f5f2a7acf099705131f6061c9305236cc1e8a7cb4b6811a4497f6
deleted: sha256:c35566b70bf510687d9603f2d891c66a2f0ec8c7ee0631338989f57c3df502f3
deleted: sha256:5badd9df03ad6ad230aad25d522c6a000c307719bb852f9360a0fcb535ecbd07
deleted: sha256:8591d945a69c62a35098ab4df8fe15d75604553fb8aebca7ac013b50ab91d124
deleted: sha256:eb1e280333985cefb35f5a0992aa2cc4e4bdb829e2245b6d47523014d279d059
deleted: sha256:f184fa6d1dc65e86b9e304655f92e042735cd442d127e516932e763caa9e0f2d
deleted: sha256:9df2c18c4a31ff12f6b65cdde884d087d0be879f22f2a223af3e80903d11c885
deleted: sha256:cc9d6d82fa6ffd2fa20ea830e61056f510f4a4f388b2103b970c081c9434e983
deleted: sha256:4594f474fa2f86c95edc1c021c3cb7fa46906485ab9c566c425043ebd65a5617
deleted: sha256:f7eb11c22f02c0d56ea95d8d21bc98da881d13acc3f165e0fac7cf27645b82e0
deleted: sha256:bd5c058a8faea29c6d356884a8d8b1de3f7252066722f2a895889027fb62758f
deleted: sha256:52ec5a4316fadc09a4a51f82b8d7b66ead0d71bea4f75e81e25b4094c4219061

Total reclaimed space: 440.4MB
Loaded image: postgres:15
Deleted Images:
untagged: postgres:15
deleted: sha256:e3e85a8d0b0fbeb7413fc527035a9d61816da66a582efb423c281075c81d703a
deleted: sha256:a5d6e97b48594d558e2fdfcf0917550840919138efb782212f770d9f25844d30
deleted: sha256:dd3458d0ad9fcba3e85aaf0f11a3260fb620eac2fe68b6e43ddb7aa01c0434d0
deleted: sha256:d19e9aa0537f5f2a7acf099705131f6061c9305236cc1e8a7cb4b6811a4497f6
deleted: sha256:c35566b70bf510687d9603f2d891c66a2f0ec8c7ee0631338989f57c3df502f3
deleted: sha256:5badd9df03ad6ad230aad25d522c6a000c307719bb852f9360a0fcb535ecbd07
deleted: sha256:8591d945a69c62a35098ab4df8fe15d75604553fb8aebca7ac013b50ab91d124
deleted: sha256:eb1e280333985cefb35f5a0992aa2cc4e4bdb829e2245b6d47523014d279d059
deleted: sha256:f184fa6d1dc65e86b9e304655f92e042735cd442d127e516932e763caa9e0f2d
deleted: sha256:9df2c18c4a31ff12f6b65cdde884d087d0be879f22f2a223af3e80903d11c885
deleted: sha256:cc9d6d82fa6ffd2fa20ea830e61056f510f4a4f388b2103b970c081c9434e983
deleted: sha256:4594f474fa2f86c95edc1c021c3cb7fa46906485ab9c566c425043ebd65a5617
deleted: sha256:f7eb11c22f02c0d56ea95d8d21bc98da881d13acc3f165e0fac7cf27645b82e0
deleted: sha256:bd5c058a8faea29c6d356884a8d8b1de3f7252066722f2a895889027fb62758f
deleted: sha256:52ec5a4316fadc09a4a51f82b8d7b66ead0d71bea4f75e81e25b4094c4219061

Total reclaimed space: 440.4MB
Loaded image: postgres:15
Deleted Images:
untagged: postgres:15
deleted: sha256:e3e85a8d0b0fbeb7413fc527035a9d61816da66a582efb423c281075c81d703a
deleted: sha256:a5d6e97b48594d558e2fdfcf0917550840919138efb782212f770d9f25844d30
deleted: sha256:dd3458d0ad9fcba3e85aaf0f11a3260fb620eac2fe68b6e43ddb7aa01c0434d0
deleted: sha256:d19e9aa0537f5f2a7acf099705131f6061c9305236cc1e8a7cb4b6811a4497f6
deleted: sha256:c35566b70bf510687d9603f2d891c66a2f0ec8c7ee0631338989f57c3df502f3
deleted: sha256:5badd9df03ad6ad230aad25d522c6a000c307719bb852f9360a0fcb535ecbd07
deleted: sha256:8591d945a69c62a35098ab4df8fe15d75604553fb8aebca7ac013b50ab91d124
deleted: sha256:eb1e280333985cefb35f5a0992aa2cc4e4bdb829e2245b6d47523014d279d059
deleted: sha256:f184fa6d1dc65e86b9e304655f92e042735cd442d127e516932e763caa9e0f2d
deleted: sha256:9df2c18c4a31ff12f6b65cdde884d087d0be879f22f2a223af3e80903d11c885
deleted: sha256:cc9d6d82fa6ffd2fa20ea830e61056f510f4a4f388b2103b970c081c9434e983
deleted: sha256:4594f474fa2f86c95edc1c021c3cb7fa46906485ab9c566c425043ebd65a5617
deleted: sha256:f7eb11c22f02c0d56ea95d8d21bc98da881d13acc3f165e0fac7cf27645b82e0
deleted: sha256:bd5c058a8faea29c6d356884a8d8b1de3f7252066722f2a895889027fb62758f
deleted: sha256:52ec5a4316fadc09a4a51f82b8d7b66ead0d71bea4f75e81e25b4094c4219061

Total reclaimed space: 440.4MB
Loaded image: postgres:15
Deleted Images:
untagged: postgres:15
deleted: sha256:e3e85a8d0b0fbeb7413fc527035a9d61816da66a582efb423c281075c81d703a
deleted: sha256:a5d6e97b48594d558e2fdfcf0917550840919138efb782212f770d9f25844d30
deleted: sha256:dd3458d0ad9fcba3e85aaf0f11a3260fb620eac2fe68b6e43ddb7aa01c0434d0
deleted: sha256:d19e9aa0537f5f2a7acf099705131f6061c9305236cc1e8a7cb4b6811a4497f6
deleted: sha256:c35566b70bf510687d9603f2d891c66a2f0ec8c7ee0631338989f57c3df502f3
deleted: sha256:5badd9df03ad6ad230aad25d522c6a000c307719bb852f9360a0fcb535ecbd07
deleted: sha256:8591d945a69c62a35098ab4df8fe15d75604553fb8aebca7ac013b50ab91d124
deleted: sha256:eb1e280333985cefb35f5a0992aa2cc4e4bdb829e2245b6d47523014d279d059
deleted: sha256:f184fa6d1dc65e86b9e304655f92e042735cd442d127e516932e763caa9e0f2d
deleted: sha256:9df2c18c4a31ff12f6b65cdde884d087d0be879f22f2a223af3e80903d11c885
deleted: sha256:cc9d6d82fa6ffd2fa20ea830e61056f510f4a4f388b2103b970c081c9434e983
deleted: sha256:4594f474fa2f86c95edc1c021c3cb7fa46906485ab9c566c425043ebd65a5617
deleted: sha256:f7eb11c22f02c0d56ea95d8d21bc98da881d13acc3f165e0fac7cf27645b82e0
deleted: sha256:bd5c058a8faea29c6d356884a8d8b1de3f7252066722f2a895889027fb62758f
deleted: sha256:52ec5a4316fadc09a4a51f82b8d7b66ead0d71bea4f75e81e25b4094c4219061

Total reclaimed space: 440.4MB
Loaded image: postgres:15
Deleted Images:
untagged: postgres:15
deleted: sha256:e3e85a8d0b0fbeb7413fc527035a9d61816da66a582efb423c281075c81d703a
deleted: sha256:a5d6e97b48594d558e2fdfcf0917550840919138efb782212f770d9f25844d30
deleted: sha256:dd3458d0ad9fcba3e85aaf0f11a3260fb620eac2fe68b6e43ddb7aa01c0434d0
deleted: sha256:d19e9aa0537f5f2a7acf099705131f6061c9305236cc1e8a7cb4b6811a4497f6
deleted: sha256:c35566b70bf510687d9603f2d891c66a2f0ec8c7ee0631338989f57c3df502f3
deleted: sha256:5badd9df03ad6ad230aad25d522c6a000c307719bb852f9360a0fcb535ecbd07
deleted: sha256:8591d945a69c62a35098ab4df8fe15d75604553fb8aebca7ac013b50ab91d124
deleted: sha256:eb1e280333985cefb35f5a0992aa2cc4e4bdb829e2245b6d47523014d279d059
deleted: sha256:f184fa6d1dc65e86b9e304655f92e042735cd442d127e516932e763caa9e0f2d
deleted: sha256:9df2c18c4a31ff12f6b65cdde884d087d0be879f22f2a223af3e80903d11c885
deleted: sha256:cc9d6d82fa6ffd2fa20ea830e61056f510f4a4f388b2103b970c081c9434e983
deleted: sha256:4594f474fa2f86c95edc1c021c3cb7fa46906485ab9c566c425043ebd65a5617
deleted: sha256:f7eb11c22f02c0d56ea95d8d21bc98da881d13acc3f165e0fac7cf27645b82e0
deleted: sha256:bd5c058a8faea29c6d356884a8d8b1de3f7252066722f2a895889027fb62758f
deleted: sha256:52ec5a4316fadc09a4a51f82b8d7b66ead0d71bea4f75e81e25b4094c4219061

Total reclaimed space: 440.4MB
Loaded image: postgres:15
Deleted Images:
untagged: postgres:15
deleted: sha256:e3e85a8d0b0fbeb7413fc527035a9d61816da66a582efb423c281075c81d703a
deleted: sha256:a5d6e97b48594d558e2fdfcf0917550840919138efb782212f770d9f25844d30
deleted: sha256:dd3458d0ad9fcba3e85aaf0f11a3260fb620eac2fe68b6e43ddb7aa01c0434d0
deleted: sha256:d19e9aa0537f5f2a7acf099705131f6061c9305236cc1e8a7cb4b6811a4497f6
deleted: sha256:c35566b70bf510687d9603f2d891c66a2f0ec8c7ee0631338989f57c3df502f3
deleted: sha256:5badd9df03ad6ad230aad25d522c6a000c307719bb852f9360a0fcb535ecbd07
deleted: sha256:8591d945a69c62a35098ab4df8fe15d75604553fb8aebca7ac013b50ab91d124
deleted: sha256:eb1e280333985cefb35f5a0992aa2cc4e4bdb829e2245b6d47523014d279d059
deleted: sha256:f184fa6d1dc65e86b9e304655f92e042735cd442d127e516932e763caa9e0f2d
deleted: sha256:9df2c18c4a31ff12f6b65cdde884d087d0be879f22f2a223af3e80903d11c885
deleted: sha256:cc9d6d82fa6ffd2fa20ea830e61056f510f4a4f388b2103b970c081c9434e983
deleted: sha256:4594f474fa2f86c95edc1c021c3cb7fa46906485ab9c566c425043ebd65a5617
deleted: sha256:f7eb11c22f02c0d56ea95d8d21bc98da881d13acc3f165e0fac7cf27645b82e0
deleted: sha256:bd5c058a8faea29c6d356884a8d8b1de3f7252066722f2a895889027fb62758f
deleted: sha256:52ec5a4316fadc09a4a51f82b8d7b66ead0d71bea4f75e81e25b4094c4219061

Total reclaimed space: 440.4MB
Loaded image: postgres:15
Deleted Images:
untagged: postgres:15
deleted: sha256:e3e85a8d0b0fbeb7413fc527035a9d61816da66a582efb423c281075c81d703a
deleted: sha256:a5d6e97b48594d558e2fdfcf0917550840919138efb782212f770d9f25844d30
deleted: sha256:dd3458d0ad9fcba3e85aaf0f11a3260fb620eac2fe68b6e43ddb7aa01c0434d0
deleted: sha256:d19e9aa0537f5f2a7acf099705131f6061c9305236cc1e8a7cb4b6811a4497f6
deleted: sha256:c35566b70bf510687d9603f2d891c66a2f0ec8c7ee0631338989f57c3df502f3
deleted: sha256:5badd9df03ad6ad230aad25d522c6a000c307719bb852f9360a0fcb535ecbd07
deleted: sha256:8591d945a69c62a35098ab4df8fe15d75604553fb8aebca7ac013b50ab91d124
deleted: sha256:eb1e280333985cefb35f5a0992aa2cc4e4bdb829e2245b6d47523014d279d059
deleted: sha256:f184fa6d1dc65e86b9e304655f92e042735cd442d127e516932e763caa9e0f2d
deleted: sha256:9df2c18c4a31ff12f6b65cdde884d087d0be879f22f2a223af3e80903d11c885
deleted: sha256:cc9d6d82fa6ffd2fa20ea830e61056f510f4a4f388b2103b970c081c9434e983
deleted: sha256:4594f474fa2f86c95edc1c021c3cb7fa46906485ab9c566c425043ebd65a5617
deleted: sha256:f7eb11c22f02c0d56ea95d8d21bc98da881d13acc3f165e0fac7cf27645b82e0
deleted: sha256:bd5c058a8faea29c6d356884a8d8b1de3f7252066722f2a895889027fb62758f
deleted: sha256:52ec5a4316fadc09a4a51f82b8d7b66ead0d71bea4f75e81e25b4094c4219061

Total reclaimed space: 440.4MB
Loaded image: postgres:15
Deleted Images:
untagged: postgres:15
deleted: sha256:e3e85a8d0b0fbeb7413fc527035a9d61816da66a582efb423c281075c81d703a
deleted: sha256:a5d6e97b48594d558e2fdfcf0917550840919138efb782212f770d9f25844d30
deleted: sha256:dd3458d0ad9fcba3e85aaf0f11a3260fb620eac2fe68b6e43ddb7aa01c0434d0
deleted: sha256:d19e9aa0537f5f2a7acf099705131f6061c9305236cc1e8a7cb4b6811a4497f6
deleted: sha256:c35566b70bf510687d9603f2d891c66a2f0ec8c7ee0631338989f57c3df502f3
deleted: sha256:5badd9df03ad6ad230aad25d522c6a000c307719bb852f9360a0fcb535ecbd07
deleted: sha256:8591d945a69c62a35098ab4df8fe15d75604553fb8aebca7ac013b50ab91d124
deleted: sha256:eb1e280333985cefb35f5a0992aa2cc4e4bdb829e2245b6d47523014d279d059
deleted: sha256:f184fa6d1dc65e86b9e304655f92e042735cd442d127e516932e763caa9e0f2d
deleted: sha256:9df2c18c4a31ff12f6b65cdde884d087d0be879f22f2a223af3e80903d11c885
deleted: sha256:cc9d6d82fa6ffd2fa20ea830e61056f510f4a4f388b2103b970c081c9434e983
deleted: sha256:4594f474fa2f86c95edc1c021c3cb7fa46906485ab9c566c425043ebd65a5617
deleted: sha256:f7eb11c22f02c0d56ea95d8d21bc98da881d13acc3f165e0fac7cf27645b82e0
deleted: sha256:bd5c058a8faea29c6d356884a8d8b1de3f7252066722f2a895889027fb62758f
deleted: sha256:52ec5a4316fadc09a4a51f82b8d7b66ead0d71bea4f75e81e25b4094c4219061

Total reclaimed space: 440.4MB
Loaded image: postgres:15
Deleted Images:
untagged: postgres:15
deleted: sha256:e3e85a8d0b0fbeb7413fc527035a9d61816da66a582efb423c281075c81d703a
deleted: sha256:a5d6e97b48594d558e2fdfcf0917550840919138efb782212f770d9f25844d30
deleted: sha256:dd3458d0ad9fcba3e85aaf0f11a3260fb620eac2fe68b6e43ddb7aa01c0434d0
deleted: sha256:d19e9aa0537f5f2a7acf099705131f6061c9305236cc1e8a7cb4b6811a4497f6
deleted: sha256:c35566b70bf510687d9603f2d891c66a2f0ec8c7ee0631338989f57c3df502f3
deleted: sha256:5badd9df03ad6ad230aad25d522c6a000c307719bb852f9360a0fcb535ecbd07
deleted: sha256:8591d945a69c62a35098ab4df8fe15d75604553fb8aebca7ac013b50ab91d124
deleted: sha256:eb1e280333985cefb35f5a0992aa2cc4e4bdb829e2245b6d47523014d279d059
deleted: sha256:f184fa6d1dc65e86b9e304655f92e042735cd442d127e516932e763caa9e0f2d
deleted: sha256:9df2c18c4a31ff12f6b65cdde884d087d0be879f22f2a223af3e80903d11c885
deleted: sha256:cc9d6d82fa6ffd2fa20ea830e61056f510f4a4f388b2103b970c081c9434e983
deleted: sha256:4594f474fa2f86c95edc1c021c3cb7fa46906485ab9c566c425043ebd65a5617
deleted: sha256:f7eb11c22f02c0d56ea95d8d21bc98da881d13acc3f165e0fac7cf27645b82e0
deleted: sha256:bd5c058a8faea29c6d356884a8d8b1de3f7252066722f2a895889027fb62758f
deleted: sha256:52ec5a4316fadc09a4a51f82b8d7b66ead0d71bea4f75e81e25b4094c4219061

Total reclaimed space: 440.4MB
Loaded image: postgres:15
Deleted Images:
untagged: postgres:15
deleted: sha256:e3e85a8d0b0fbeb7413fc527035a9d61816da66a582efb423c281075c81d703a
deleted: sha256:a5d6e97b48594d558e2fdfcf0917550840919138efb782212f770d9f25844d30
deleted: sha256:dd3458d0ad9fcba3e85aaf0f11a3260fb620eac2fe68b6e43ddb7aa01c0434d0
deleted: sha256:d19e9aa0537f5f2a7acf099705131f6061c9305236cc1e8a7cb4b6811a4497f6
deleted: sha256:c35566b70bf510687d9603f2d891c66a2f0ec8c7ee0631338989f57c3df502f3
deleted: sha256:5badd9df03ad6ad230aad25d522c6a000c307719bb852f9360a0fcb535ecbd07
deleted: sha256:8591d945a69c62a35098ab4df8fe15d75604553fb8aebca7ac013b50ab91d124
deleted: sha256:eb1e280333985cefb35f5a0992aa2cc4e4bdb829e2245b6d47523014d279d059
deleted: sha256:f184fa6d1dc65e86b9e304655f92e042735cd442d127e516932e763caa9e0f2d
deleted: sha256:9df2c18c4a31ff12f6b65cdde884d087d0be879f22f2a223af3e80903d11c885
deleted: sha256:cc9d6d82fa6ffd2fa20ea830e61056f510f4a4f388b2103b970c081c9434e983
deleted: sha256:4594f474fa2f86c95edc1c021c3cb7fa46906485ab9c566c425043ebd65a5617
deleted: sha256:f7eb11c22f02c0d56ea95d8d21bc98da881d13acc3f165e0fac7cf27645b82e0
deleted: sha256:bd5c058a8faea29c6d356884a8d8b1de3f7252066722f2a895889027fb62758f
deleted: sha256:52ec5a4316fadc09a4a51f82b8d7b66ead0d71bea4f75e81e25b4094c4219061

Total reclaimed space: 440.4MB
Loaded image: postgres:15
Deleted Images:
untagged: postgres:15
deleted: sha256:e3e85a8d0b0fbeb7413fc527035a9d61816da66a582efb423c281075c81d703a
deleted: sha256:a5d6e97b48594d558e2fdfcf0917550840919138efb782212f770d9f25844d30
deleted: sha256:dd3458d0ad9fcba3e85aaf0f11a3260fb620eac2fe68b6e43ddb7aa01c0434d0
deleted: sha256:d19e9aa0537f5f2a7acf099705131f6061c9305236cc1e8a7cb4b6811a4497f6
deleted: sha256:c35566b70bf510687d9603f2d891c66a2f0ec8c7ee0631338989f57c3df502f3
deleted: sha256:5badd9df03ad6ad230aad25d522c6a000c307719bb852f9360a0fcb535ecbd07
deleted: sha256:8591d945a69c62a35098ab4df8fe15d75604553fb8aebca7ac013b50ab91d124
deleted: sha256:eb1e280333985cefb35f5a0992aa2cc4e4bdb829e2245b6d47523014d279d059
deleted: sha256:f184fa6d1dc65e86b9e304655f92e042735cd442d127e516932e763caa9e0f2d
deleted: sha256:9df2c18c4a31ff12f6b65cdde884d087d0be879f22f2a223af3e80903d11c885
deleted: sha256:cc9d6d82fa6ffd2fa20ea830e61056f510f4a4f388b2103b970c081c9434e983
deleted: sha256:4594f474fa2f86c95edc1c021c3cb7fa46906485ab9c566c425043ebd65a5617
deleted: sha256:f7eb11c22f02c0d56ea95d8d21bc98da881d13acc3f165e0fac7cf27645b82e0
deleted: sha256:bd5c058a8faea29c6d356884a8d8b1de3f7252066722f2a895889027fb62758f
deleted: sha256:52ec5a4316fadc09a4a51f82b8d7b66ead0d71bea4f75e81e25b4094c4219061

Total reclaimed space: 440.4MB
Loaded image: postgres:15
Deleted Images:
untagged: postgres:15
deleted: sha256:e3e85a8d0b0fbeb7413fc527035a9d61816da66a582efb423c281075c81d703a
deleted: sha256:a5d6e97b48594d558e2fdfcf0917550840919138efb782212f770d9f25844d30
deleted: sha256:dd3458d0ad9fcba3e85aaf0f11a3260fb620eac2fe68b6e43ddb7aa01c0434d0
deleted: sha256:d19e9aa0537f5f2a7acf099705131f6061c9305236cc1e8a7cb4b6811a4497f6
deleted: sha256:c35566b70bf510687d9603f2d891c66a2f0ec8c7ee0631338989f57c3df502f3
deleted: sha256:5badd9df03ad6ad230aad25d522c6a000c307719bb852f9360a0fcb535ecbd07
deleted: sha256:8591d945a69c62a35098ab4df8fe15d75604553fb8aebca7ac013b50ab91d124
deleted: sha256:eb1e280333985cefb35f5a0992aa2cc4e4bdb829e2245b6d47523014d279d059
deleted: sha256:f184fa6d1dc65e86b9e304655f92e042735cd442d127e516932e763caa9e0f2d
deleted: sha256:9df2c18c4a31ff12f6b65cdde884d087d0be879f22f2a223af3e80903d11c885
deleted: sha256:cc9d6d82fa6ffd2fa20ea830e61056f510f4a4f388b2103b970c081c9434e983
deleted: sha256:4594f474fa2f86c95edc1c021c3cb7fa46906485ab9c566c425043ebd65a5617
deleted: sha256:f7eb11c22f02c0d56ea95d8d21bc98da881d13acc3f165e0fac7cf27645b82e0
deleted: sha256:bd5c058a8faea29c6d356884a8d8b1de3f7252066722f2a895889027fb62758f
deleted: sha256:52ec5a4316fadc09a4a51f82b8d7b66ead0d71bea4f75e81e25b4094c4219061

Total reclaimed space: 440.4MB
Loaded image: postgres:15
Deleted Images:
untagged: postgres:15
deleted: sha256:e3e85a8d0b0fbeb7413fc527035a9d61816da66a582efb423c281075c81d703a
deleted: sha256:a5d6e97b48594d558e2fdfcf0917550840919138efb782212f770d9f25844d30
deleted: sha256:dd3458d0ad9fcba3e85aaf0f11a3260fb620eac2fe68b6e43ddb7aa01c0434d0
deleted: sha256:d19e9aa0537f5f2a7acf099705131f6061c9305236cc1e8a7cb4b6811a4497f6
deleted: sha256:c35566b70bf510687d9603f2d891c66a2f0ec8c7ee0631338989f57c3df502f3
deleted: sha256:5badd9df03ad6ad230aad25d522c6a000c307719bb852f9360a0fcb535ecbd07
deleted: sha256:8591d945a69c62a35098ab4df8fe15d75604553fb8aebca7ac013b50ab91d124
deleted: sha256:eb1e280333985cefb35f5a0992aa2cc4e4bdb829e2245b6d47523014d279d059
deleted: sha256:f184fa6d1dc65e86b9e304655f92e042735cd442d127e516932e763caa9e0f2d
deleted: sha256:9df2c18c4a31ff12f6b65cdde884d087d0be879f22f2a223af3e80903d11c885
deleted: sha256:cc9d6d82fa6ffd2fa20ea830e61056f510f4a4f388b2103b970c081c9434e983
deleted: sha256:4594f474fa2f86c95edc1c021c3cb7fa46906485ab9c566c425043ebd65a5617
deleted: sha256:f7eb11c22f02c0d56ea95d8d21bc98da881d13acc3f165e0fac7cf27645b82e0
deleted: sha256:bd5c058a8faea29c6d356884a8d8b1de3f7252066722f2a895889027fb62758f
deleted: sha256:52ec5a4316fadc09a4a51f82b8d7b66ead0d71bea4f75e81e25b4094c4219061

Total reclaimed space: 440.4MB
Loaded image: postgres:15
Deleted Images:
untagged: postgres:15
deleted: sha256:e3e85a8d0b0fbeb7413fc527035a9d61816da66a582efb423c281075c81d703a
deleted: sha256:a5d6e97b48594d558e2fdfcf0917550840919138efb782212f770d9f25844d30
deleted: sha256:dd3458d0ad9fcba3e85aaf0f11a3260fb620eac2fe68b6e43ddb7aa01c0434d0
deleted: sha256:d19e9aa0537f5f2a7acf099705131f6061c9305236cc1e8a7cb4b6811a4497f6
deleted: sha256:c35566b70bf510687d9603f2d891c66a2f0ec8c7ee0631338989f57c3df502f3
deleted: sha256:5badd9df03ad6ad230aad25d522c6a000c307719bb852f9360a0fcb535ecbd07
deleted: sha256:8591d945a69c62a35098ab4df8fe15d75604553fb8aebca7ac013b50ab91d124
deleted: sha256:eb1e280333985cefb35f5a0992aa2cc4e4bdb829e2245b6d47523014d279d059
deleted: sha256:f184fa6d1dc65e86b9e304655f92e042735cd442d127e516932e763caa9e0f2d
deleted: sha256:9df2c18c4a31ff12f6b65cdde884d087d0be879f22f2a223af3e80903d11c885
deleted: sha256:cc9d6d82fa6ffd2fa20ea830e61056f510f4a4f388b2103b970c081c9434e983
deleted: sha256:4594f474fa2f86c95edc1c021c3cb7fa46906485ab9c566c425043ebd65a5617
deleted: sha256:f7eb11c22f02c0d56ea95d8d21bc98da881d13acc3f165e0fac7cf27645b82e0
deleted: sha256:bd5c058a8faea29c6d356884a8d8b1de3f7252066722f2a895889027fb62758f
deleted: sha256:52ec5a4316fadc09a4a51f82b8d7b66ead0d71bea4f75e81e25b4094c4219061

Total reclaimed space: 440.4MB
Loaded image: postgres:15
Deleted Images:
untagged: postgres:15
deleted: sha256:e3e85a8d0b0fbeb7413fc527035a9d61816da66a582efb423c281075c81d703a
deleted: sha256:a5d6e97b48594d558e2fdfcf0917550840919138efb782212f770d9f25844d30
deleted: sha256:dd3458d0ad9fcba3e85aaf0f11a3260fb620eac2fe68b6e43ddb7aa01c0434d0
deleted: sha256:d19e9aa0537f5f2a7acf099705131f6061c9305236cc1e8a7cb4b6811a4497f6
deleted: sha256:c35566b70bf510687d9603f2d891c66a2f0ec8c7ee0631338989f57c3df502f3
deleted: sha256:5badd9df03ad6ad230aad25d522c6a000c307719bb852f9360a0fcb535ecbd07
deleted: sha256:8591d945a69c62a35098ab4df8fe15d75604553fb8aebca7ac013b50ab91d124
deleted: sha256:eb1e280333985cefb35f5a0992aa2cc4e4bdb829e2245b6d47523014d279d059
deleted: sha256:f184fa6d1dc65e86b9e304655f92e042735cd442d127e516932e763caa9e0f2d
deleted: sha256:9df2c18c4a31ff12f6b65cdde884d087d0be879f22f2a223af3e80903d11c885
deleted: sha256:cc9d6d82fa6ffd2fa20ea830e61056f510f4a4f388b2103b970c081c9434e983
deleted: sha256:4594f474fa2f86c95edc1c021c3cb7fa46906485ab9c566c425043ebd65a5617
deleted: sha256:f7eb11c22f02c0d56ea95d8d21bc98da881d13acc3f165e0fac7cf27645b82e0
deleted: sha256:bd5c058a8faea29c6d356884a8d8b1de3f7252066722f2a895889027fb62758f
deleted: sha256:52ec5a4316fadc09a4a51f82b8d7b66ead0d71bea4f75e81e25b4094c4219061

Total reclaimed space: 440.4MB
Loaded image: postgres:15
Deleted Images:
untagged: postgres:15
deleted: sha256:e3e85a8d0b0fbeb7413fc527035a9d61816da66a582efb423c281075c81d703a
deleted: sha256:a5d6e97b48594d558e2fdfcf0917550840919138efb782212f770d9f25844d30
deleted: sha256:dd3458d0ad9fcba3e85aaf0f11a3260fb620eac2fe68b6e43ddb7aa01c0434d0
deleted: sha256:d19e9aa0537f5f2a7acf099705131f6061c9305236cc1e8a7cb4b6811a4497f6
deleted: sha256:c35566b70bf510687d9603f2d891c66a2f0ec8c7ee0631338989f57c3df502f3
deleted: sha256:5badd9df03ad6ad230aad25d522c6a000c307719bb852f9360a0fcb535ecbd07
deleted: sha256:8591d945a69c62a35098ab4df8fe15d75604553fb8aebca7ac013b50ab91d124
deleted: sha256:eb1e280333985cefb35f5a0992aa2cc4e4bdb829e2245b6d47523014d279d059
deleted: sha256:f184fa6d1dc65e86b9e304655f92e042735cd442d127e516932e763caa9e0f2d
deleted: sha256:9df2c18c4a31ff12f6b65cdde884d087d0be879f22f2a223af3e80903d11c885
deleted: sha256:cc9d6d82fa6ffd2fa20ea830e61056f510f4a4f388b2103b970c081c9434e983
deleted: sha256:4594f474fa2f86c95edc1c021c3cb7fa46906485ab9c566c425043ebd65a5617
deleted: sha256:f7eb11c22f02c0d56ea95d8d21bc98da881d13acc3f165e0fac7cf27645b82e0
deleted: sha256:bd5c058a8faea29c6d356884a8d8b1de3f7252066722f2a895889027fb62758f
deleted: sha256:52ec5a4316fadc09a4a51f82b8d7b66ead0d71bea4f75e81e25b4094c4219061

Total reclaimed space: 440.4MB
Loaded image: postgres:15
Deleted Images:
untagged: postgres:15
deleted: sha256:e3e85a8d0b0fbeb7413fc527035a9d61816da66a582efb423c281075c81d703a
deleted: sha256:a5d6e97b48594d558e2fdfcf0917550840919138efb782212f770d9f25844d30
deleted: sha256:dd3458d0ad9fcba3e85aaf0f11a3260fb620eac2fe68b6e43ddb7aa01c0434d0
deleted: sha256:d19e9aa0537f5f2a7acf099705131f6061c9305236cc1e8a7cb4b6811a4497f6
deleted: sha256:c35566b70bf510687d9603f2d891c66a2f0ec8c7ee0631338989f57c3df502f3
deleted: sha256:5badd9df03ad6ad230aad25d522c6a000c307719bb852f9360a0fcb535ecbd07
deleted: sha256:8591d945a69c62a35098ab4df8fe15d75604553fb8aebca7ac013b50ab91d124
deleted: sha256:eb1e280333985cefb35f5a0992aa2cc4e4bdb829e2245b6d47523014d279d059
deleted: sha256:f184fa6d1dc65e86b9e304655f92e042735cd442d127e516932e763caa9e0f2d
deleted: sha256:9df2c18c4a31ff12f6b65cdde884d087d0be879f22f2a223af3e80903d11c885
deleted: sha256:cc9d6d82fa6ffd2fa20ea830e61056f510f4a4f388b2103b970c081c9434e983
deleted: sha256:4594f474fa2f86c95edc1c021c3cb7fa46906485ab9c566c425043ebd65a5617
deleted: sha256:f7eb11c22f02c0d56ea95d8d21bc98da881d13acc3f165e0fac7cf27645b82e0
deleted: sha256:bd5c058a8faea29c6d356884a8d8b1de3f7252066722f2a895889027fb62758f
deleted: sha256:52ec5a4316fadc09a4a51f82b8d7b66ead0d71bea4f75e81e25b4094c4219061

Total reclaimed space: 440.4MB
Loaded image: postgres:15
       Value   Percentile   TotalCount 1/(1-Percentile)

 2820095.000     0.000000            1         1.00
 3311615.000     0.100000            5         1.11
 3321855.000     0.200000           11         1.25
 3334143.000     0.300000           15         1.43
 3340287.000     0.400000           20         1.67
 3344383.000     0.500000           25         2.00
 3348479.000     0.550000           31         2.22
 3348479.000     0.600000           31         2.50
 3352575.000     0.650000           34         2.86
 3354623.000     0.700000           36         3.33
 3360767.000     0.750000           38         4.00
 3366911.000     0.775000           39         4.44
 3377151.000     0.800000           40         5.00
 3407871.000     0.825000           42         5.71
 3411967.000     0.850000           43         6.67
 3436543.000     0.875000           44         8.00
 3465215.000     0.887500           45         8.89
 3465215.000     0.900000           45        10.00
 3467263.000     0.912500           46        11.43
 3471359.000     0.925000           47        13.33
 3471359.000     0.937500           47        16.00
 3493887.000     0.943750           48        17.78
 3493887.000     0.950000           48        20.00
 3493887.000     0.956250           48        22.86
 3504127.000     0.962500           49        26.67
 3504127.000     0.968750           49        32.00
 3504127.000     0.971875           49        35.56
 3504127.000     0.975000           49        40.00
 3504127.000     0.978125           49        45.71
 3508223.000     0.981250           50        53.33
 3508223.000     1.000000           50          inf
#[Mean    =  3331973.120, StdDeviation   =   134111.422]
#[Max     =  3508223.000, Total count    =           50]
#[Buckets =           22, SubBuckets     =         2048]
