Total reclaimed space: 0B
Loaded image: alpine:latest
Deleted Images:
untagged: alpine:latest
deleted: sha256:05455a08881ea9cf0e752bc48e61bbd71a34c029bb13df01e40e3e70e0d007bd
deleted: sha256:d4fc045c9e3a848011de66f34b81f052d4f2c15a17bb196d637e526349601820

Total reclaimed space: 7.377MB
Loaded image: alpine:latest
Deleted Images:
untagged: alpine:latest
deleted: sha256:05455a08881ea9cf0e752bc48e61bbd71a34c029bb13df01e40e3e70e0d007bd
deleted: sha256:d4fc045c9e3a848011de66f34b81f052d4f2c15a17bb196d637e526349601820

Total reclaimed space: 7.377MB
Loaded image: alpine:latest
Deleted Images:
untagged: alpine:latest
deleted: sha256:05455a08881ea9cf0e752bc48e61bbd71a34c029bb13df01e40e3e70e0d007bd
deleted: sha256:d4fc045c9e3a848011de66f34b81f052d4f2c15a17bb196d637e526349601820

Total reclaimed space: 7.377MB
Loaded image: alpine:latest
Deleted Images:
untagged: alpine:latest
deleted: sha256:05455a08881ea9cf0e752bc48e61bbd71a34c029bb13df01e40e3e70e0d007bd
deleted: sha256:d4fc045c9e3a848011de66f34b81f052d4f2c15a17bb196d637e526349601820

Total reclaimed space: 7.377MB
Loaded image: alpine:latest
Deleted Images:
untagged: alpine:latest
deleted: sha256:05455a08881ea9cf0e752bc48e61bbd71a34c029bb13df01e40e3e70e0d007bd
deleted: sha256:d4fc045c9e3a848011de66f34b81f052d4f2c15a17bb196d637e526349601820

Total reclaimed space: 7.377MB
Loaded image: alpine:latest
Deleted Images:
untagged: alpine:latest
deleted: sha256:05455a08881ea9cf0e752bc48e61bbd71a34c029bb13df01e40e3e70e0d007bd
deleted: sha256:d4fc045c9e3a848011de66f34b81f052d4f2c15a17bb196d637e526349601820

Total reclaimed space: 7.377MB
Loaded image: alpine:latest
Deleted Images:
untagged: alpine:latest
deleted: sha256:05455a08881ea9cf0e752bc48e61bbd71a34c029bb13df01e40e3e70e0d007bd
deleted: sha256:d4fc045c9e3a848011de66f34b81f052d4f2c15a17bb196d637e526349601820

Total reclaimed space: 7.377MB
Loaded image: alpine:latest
Deleted Images:
untagged: alpine:latest
deleted: sha256:05455a08881ea9cf0e752bc48e61bbd71a34c029bb13df01e40e3e70e0d007bd
deleted: sha256:d4fc045c9e3a848011de66f34b81f052d4f2c15a17bb196d637e526349601820

Total reclaimed space: 7.377MB
Loaded image: alpine:latest
Deleted Images:
untagged: alpine:latest
deleted: sha256:05455a08881ea9cf0e752bc48e61bbd71a34c029bb13df01e40e3e70e0d007bd
deleted: sha256:d4fc045c9e3a848011de66f34b81f052d4f2c15a17bb196d637e526349601820

Total reclaimed space: 7.377MB
Loaded image: alpine:latest
Deleted Images:
untagged: alpine:latest
deleted: sha256:05455a08881ea9cf0e752bc48e61bbd71a34c029bb13df01e40e3e70e0d007bd
deleted: sha256:d4fc045c9e3a848011de66f34b81f052d4f2c15a17bb196d637e526349601820

Total reclaimed space: 7.377MB
Loaded image: alpine:latest
Deleted Images:
untagged: alpine:latest
deleted: sha256:05455a08881ea9cf0e752bc48e61bbd71a34c029bb13df01e40e3e70e0d007bd
deleted: sha256:d4fc045c9e3a848011de66f34b81f052d4f2c15a17bb196d637e526349601820

Total reclaimed space: 7.377MB
Loaded image: alpine:latest
Deleted Images:
untagged: alpine:latest
deleted: sha256:05455a08881ea9cf0e752bc48e61bbd71a34c029bb13df01e40e3e70e0d007bd
deleted: sha256:d4fc045c9e3a848011de66f34b81f052d4f2c15a17bb196d637e526349601820

Total reclaimed space: 7.377MB
Loaded image: alpine:latest
Deleted Images:
untagged: alpine:latest
deleted: sha256:05455a08881ea9cf0e752bc48e61bbd71a34c029bb13df01e40e3e70e0d007bd
deleted: sha256:d4fc045c9e3a848011de66f34b81f052d4f2c15a17bb196d637e526349601820

Total reclaimed space: 7.377MB
Loaded image: alpine:latest
Deleted Images:
untagged: alpine:latest
deleted: sha256:05455a08881ea9cf0e752bc48e61bbd71a34c029bb13df01e40e3e70e0d007bd
deleted: sha256:d4fc045c9e3a848011de66f34b81f052d4f2c15a17bb196d637e526349601820

Total reclaimed space: 7.377MB
Loaded image: alpine:latest
Deleted Images:
untagged: alpine:latest
deleted: sha256:05455a08881ea9cf0e752bc48e61bbd71a34c029bb13df01e40e3e70e0d007bd
deleted: sha256:d4fc045c9e3a848011de66f34b81f052d4f2c15a17bb196d637e526349601820

Total reclaimed space: 7.377MB
Loaded image: alpine:latest
Deleted Images:
untagged: alpine:latest
deleted: sha256:05455a08881ea9cf0e752bc48e61bbd71a34c029bb13df01e40e3e70e0d007bd
deleted: sha256:d4fc045c9e3a848011de66f34b81f052d4f2c15a17bb196d637e526349601820

Total reclaimed space: 7.377MB
Loaded image: alpine:latest
Deleted Images:
untagged: alpine:latest
deleted: sha256:05455a08881ea9cf0e752bc48e61bbd71a34c029bb13df01e40e3e70e0d007bd
deleted: sha256:d4fc045c9e3a848011de66f34b81f052d4f2c15a17bb196d637e526349601820

Total reclaimed space: 7.377MB
Loaded image: alpine:latest
Deleted Images:
untagged: alpine:latest
deleted: sha256:05455a08881ea9cf0e752bc48e61bbd71a34c029bb13df01e40e3e70e0d007bd
deleted: sha256:d4fc045c9e3a848011de66f34b81f052d4f2c15a17bb196d637e526349601820

Total reclaimed space: 7.377MB
Loaded image: alpine:latest
Deleted Images:
untagged: alpine:latest
deleted: sha256:05455a08881ea9cf0e752bc48e61bbd71a34c029bb13df01e40e3e70e0d007bd
deleted: sha256:d4fc045c9e3a848011de66f34b81f052d4f2c15a17bb196d637e526349601820

Total reclaimed space: 7.377MB
Loaded image: alpine:latest
Deleted Images:
untagged: alpine:latest
deleted: sha256:05455a08881ea9cf0e752bc48e61bbd71a34c029bb13df01e40e3e70e0d007bd
deleted: sha256:d4fc045c9e3a848011de66f34b81f052d4f2c15a17bb196d637e526349601820

Total reclaimed space: 7.377MB
Loaded image: alpine:latest
Deleted Images:
untagged: alpine:latest
deleted: sha256:05455a08881ea9cf0e752bc48e61bbd71a34c029bb13df01e40e3e70e0d007bd
deleted: sha256:d4fc045c9e3a848011de66f34b81f052d4f2c15a17bb196d637e526349601820

Total reclaimed space: 7.377MB
Loaded image: alpine:latest
Deleted Images:
untagged: alpine:latest
deleted: sha256:05455a08881ea9cf0e752bc48e61bbd71a34c029bb13df01e40e3e70e0d007bd
deleted: sha256:d4fc045c9e3a848011de66f34b81f052d4f2c15a17bb196d637e526349601820

Total reclaimed space: 7.377MB
Loaded image: alpine:latest
Deleted Images:
untagged: alpine:latest
deleted: sha256:05455a08881ea9cf0e752bc48e61bbd71a34c029bb13df01e40e3e70e0d007bd
deleted: sha256:d4fc045c9e3a848011de66f34b81f052d4f2c15a17bb196d637e526349601820

Total reclaimed space: 7.377MB
Loaded image: alpine:latest
Deleted Images:
untagged: alpine:latest
deleted: sha256:05455a08881ea9cf0e752bc48e61bbd71a34c029bb13df01e40e3e70e0d007bd
deleted: sha256:d4fc045c9e3a848011de66f34b81f052d4f2c15a17bb196d637e526349601820

Total reclaimed space: 7.377MB
Loaded image: alpine:latest
Deleted Images:
untagged: alpine:latest
deleted: sha256:05455a08881ea9cf0e752bc48e61bbd71a34c029bb13df01e40e3e70e0d007bd
deleted: sha256:d4fc045c9e3a848011de66f34b81f052d4f2c15a17bb196d637e526349601820

Total reclaimed space: 7.377MB
Loaded image: alpine:latest
Deleted Images:
untagged: alpine:latest
deleted: sha256:05455a08881ea9cf0e752bc48e61bbd71a34c029bb13df01e40e3e70e0d007bd
deleted: sha256:d4fc045c9e3a848011de66f34b81f052d4f2c15a17bb196d637e526349601820

Total reclaimed space: 7.377MB
Loaded image: alpine:latest
Deleted Images:
untagged: alpine:latest
deleted: sha256:05455a08881ea9cf0e752bc48e61bbd71a34c029bb13df01e40e3e70e0d007bd
deleted: sha256:d4fc045c9e3a848011de66f34b81f052d4f2c15a17bb196d637e526349601820

Total reclaimed space: 7.377MB
Loaded image: alpine:latest
Deleted Images:
untagged: alpine:latest
deleted: sha256:05455a08881ea9cf0e752bc48e61bbd71a34c029bb13df01e40e3e70e0d007bd
deleted: sha256:d4fc045c9e3a848011de66f34b81f052d4f2c15a17bb196d637e526349601820

Total reclaimed space: 7.377MB
Loaded image: alpine:latest
Deleted Images:
untagged: alpine:latest
deleted: sha256:05455a08881ea9cf0e752bc48e61bbd71a34c029bb13df01e40e3e70e0d007bd
deleted: sha256:d4fc045c9e3a848011de66f34b81f052d4f2c15a17bb196d637e526349601820

Total reclaimed space: 7.377MB
Loaded image: alpine:latest
Deleted Images:
untagged: alpine:latest
deleted: sha256:05455a08881ea9cf0e752bc48e61bbd71a34c029bb13df01e40e3e70e0d007bd
deleted: sha256:d4fc045c9e3a848011de66f34b81f052d4f2c15a17bb196d637e526349601820

Total reclaimed space: 7.377MB
Loaded image: alpine:latest
Deleted Images:
untagged: alpine:latest
deleted: sha256:05455a08881ea9cf0e752bc48e61bbd71a34c029bb13df01e40e3e70e0d007bd
deleted: sha256:d4fc045c9e3a848011de66f34b81f052d4f2c15a17bb196d637e526349601820

Total reclaimed space: 7.377MB
Loaded image: alpine:latest
Deleted Images:
untagged: alpine:latest
deleted: sha256:05455a08881ea9cf0e752bc48e61bbd71a34c029bb13df01e40e3e70e0d007bd
deleted: sha256:d4fc045c9e3a848011de66f34b81f052d4f2c15a17bb196d637e526349601820

Total reclaimed space: 7.377MB
Loaded image: alpine:latest
Deleted Images:
untagged: alpine:latest
deleted: sha256:05455a08881ea9cf0e752bc48e61bbd71a34c029bb13df01e40e3e70e0d007bd
deleted: sha256:d4fc045c9e3a848011de66f34b81f052d4f2c15a17bb196d637e526349601820

Total reclaimed space: 7.377MB
Loaded image: alpine:latest
Deleted Images:
untagged: alpine:latest
deleted: sha256:05455a08881ea9cf0e752bc48e61bbd71a34c029bb13df01e40e3e70e0d007bd
deleted: sha256:d4fc045c9e3a848011de66f34b81f052d4f2c15a17bb196d637e526349601820

Total reclaimed space: 7.377MB
Loaded image: alpine:latest
Deleted Images:
untagged: alpine:latest
deleted: sha256:05455a08881ea9cf0e752bc48e61bbd71a34c029bb13df01e40e3e70e0d007bd
deleted: sha256:d4fc045c9e3a848011de66f34b81f052d4f2c15a17bb196d637e526349601820

Total reclaimed space: 7.377MB
Loaded image: alpine:latest
Deleted Images:
untagged: alpine:latest
deleted: sha256:05455a08881ea9cf0e752bc48e61bbd71a34c029bb13df01e40e3e70e0d007bd
deleted: sha256:d4fc045c9e3a848011de66f34b81f052d4f2c15a17bb196d637e526349601820

Total reclaimed space: 7.377MB
Loaded image: alpine:latest
Deleted Images:
untagged: alpine:latest
deleted: sha256:05455a08881ea9cf0e752bc48e61bbd71a34c029bb13df01e40e3e70e0d007bd
deleted: sha256:d4fc045c9e3a848011de66f34b81f052d4f2c15a17bb196d637e526349601820

Total reclaimed space: 7.377MB
Loaded image: alpine:latest
Deleted Images:
untagged: alpine:latest
deleted: sha256:05455a08881ea9cf0e752bc48e61bbd71a34c029bb13df01e40e3e70e0d007bd
deleted: sha256:d4fc045c9e3a848011de66f34b81f052d4f2c15a17bb196d637e526349601820

Total reclaimed space: 7.377MB
Loaded image: alpine:latest
Deleted Images:
untagged: alpine:latest
deleted: sha256:05455a08881ea9cf0e752bc48e61bbd71a34c029bb13df01e40e3e70e0d007bd
deleted: sha256:d4fc045c9e3a848011de66f34b81f052d4f2c15a17bb196d637e526349601820

Total reclaimed space: 7.377MB
Loaded image: alpine:latest
Deleted Images:
untagged: alpine:latest
deleted: sha256:05455a08881ea9cf0e752bc48e61bbd71a34c029bb13df01e40e3e70e0d007bd
deleted: sha256:d4fc045c9e3a848011de66f34b81f052d4f2c15a17bb196d637e526349601820

Total reclaimed space: 7.377MB
Loaded image: alpine:latest
Deleted Images:
untagged: alpine:latest
deleted: sha256:05455a08881ea9cf0e752bc48e61bbd71a34c029bb13df01e40e3e70e0d007bd
deleted: sha256:d4fc045c9e3a848011de66f34b81f052d4f2c15a17bb196d637e526349601820

Total reclaimed space: 7.377MB
Loaded image: alpine:latest
Deleted Images:
untagged: alpine:latest
deleted: sha256:05455a08881ea9cf0e752bc48e61bbd71a34c029bb13df01e40e3e70e0d007bd
deleted: sha256:d4fc045c9e3a848011de66f34b81f052d4f2c15a17bb196d637e526349601820

Total reclaimed space: 7.377MB
Loaded image: alpine:latest
Deleted Images:
untagged: alpine:latest
deleted: sha256:05455a08881ea9cf0e752bc48e61bbd71a34c029bb13df01e40e3e70e0d007bd
deleted: sha256:d4fc045c9e3a848011de66f34b81f052d4f2c15a17bb196d637e526349601820

Total reclaimed space: 7.377MB
Loaded image: alpine:latest
Deleted Images:
untagged: alpine:latest
deleted: sha256:05455a08881ea9cf0e752bc48e61bbd71a34c029bb13df01e40e3e70e0d007bd
deleted: sha256:d4fc045c9e3a848011de66f34b81f052d4f2c15a17bb196d637e526349601820

Total reclaimed space: 7.377MB
Loaded image: alpine:latest
Deleted Images:
untagged: alpine:latest
deleted: sha256:05455a08881ea9cf0e752bc48e61bbd71a34c029bb13df01e40e3e70e0d007bd
deleted: sha256:d4fc045c9e3a848011de66f34b81f052d4f2c15a17bb196d637e526349601820

Total reclaimed space: 7.377MB
Loaded image: alpine:latest
Deleted Images:
untagged: alpine:latest
deleted: sha256:05455a08881ea9cf0e752bc48e61bbd71a34c029bb13df01e40e3e70e0d007bd
deleted: sha256:d4fc045c9e3a848011de66f34b81f052d4f2c15a17bb196d637e526349601820

Total reclaimed space: 7.377MB
Loaded image: alpine:latest
Deleted Images:
untagged: alpine:latest
deleted: sha256:05455a08881ea9cf0e752bc48e61bbd71a34c029bb13df01e40e3e70e0d007bd
deleted: sha256:d4fc045c9e3a848011de66f34b81f052d4f2c15a17bb196d637e526349601820

Total reclaimed space: 7.377MB
Loaded image: alpine:latest
Deleted Images:
untagged: alpine:latest
deleted: sha256:05455a08881ea9cf0e752bc48e61bbd71a34c029bb13df01e40e3e70e0d007bd
deleted: sha256:d4fc045c9e3a848011de66f34b81f052d4f2c15a17bb196d637e526349601820

Total reclaimed space: 7.377MB
Loaded image: alpine:latest
Deleted Images:
untagged: alpine:latest
deleted: sha256:05455a08881ea9cf0e752bc48e61bbd71a34c029bb13df01e40e3e70e0d007bd
deleted: sha256:d4fc045c9e3a848011de66f34b81f052d4f2c15a17bb196d637e526349601820

Total reclaimed space: 7.377MB
Loaded image: alpine:latest
Deleted Images:
untagged: alpine:latest
deleted: sha256:05455a08881ea9cf0e752bc48e61bbd71a34c029bb13df01e40e3e70e0d007bd
deleted: sha256:d4fc045c9e3a848011de66f34b81f052d4f2c15a17bb196d637e526349601820

Total reclaimed space: 7.377MB
Loaded image: alpine:latest
Deleted Images:
untagged: alpine:latest
deleted: sha256:05455a08881ea9cf0e752bc48e61bbd71a34c029bb13df01e40e3e70e0d007bd
deleted: sha256:d4fc045c9e3a848011de66f34b81f052d4f2c15a17bb196d637e526349601820

Total reclaimed space: 7.377MB
Loaded image: alpine:latest
Deleted Images:
untagged: alpine:latest
deleted: sha256:05455a08881ea9cf0e752bc48e61bbd71a34c029bb13df01e40e3e70e0d007bd
deleted: sha256:d4fc045c9e3a848011de66f34b81f052d4f2c15a17bb196d637e526349601820

Total reclaimed space: 7.377MB
Loaded image: alpine:latest
Deleted Images:
untagged: alpine:latest
deleted: sha256:05455a08881ea9cf0e752bc48e61bbd71a34c029bb13df01e40e3e70e0d007bd
deleted: sha256:d4fc045c9e3a848011de66f34b81f052d4f2c15a17bb196d637e526349601820

Total reclaimed space: 7.377MB
Loaded image: alpine:latest
Deleted Images:
untagged: alpine:latest
deleted: sha256:05455a08881ea9cf0e752bc48e61bbd71a34c029bb13df01e40e3e70e0d007bd
deleted: sha256:d4fc045c9e3a848011de66f34b81f052d4f2c15a17bb196d637e526349601820

Total reclaimed space: 7.377MB
Loaded image: alpine:latest
Deleted Images:
untagged: alpine:latest
deleted: sha256:05455a08881ea9cf0e752bc48e61bbd71a34c029bb13df01e40e3e70e0d007bd
deleted: sha256:d4fc045c9e3a848011de66f34b81f052d4f2c15a17bb196d637e526349601820

Total reclaimed space: 7.377MB
Loaded image: alpine:latest
Deleted Images:
untagged: alpine:latest
deleted: sha256:05455a08881ea9cf0e752bc48e61bbd71a34c029bb13df01e40e3e70e0d007bd
deleted: sha256:d4fc045c9e3a848011de66f34b81f052d4f2c15a17bb196d637e526349601820

Total reclaimed space: 7.377MB
Loaded image: alpine:latest
Deleted Images:
untagged: alpine:latest
deleted: sha256:05455a08881ea9cf0e752bc48e61bbd71a34c029bb13df01e40e3e70e0d007bd
deleted: sha256:d4fc045c9e3a848011de66f34b81f052d4f2c15a17bb196d637e526349601820

Total reclaimed space: 7.377MB
Loaded image: alpine:latest
Deleted Images:
untagged: alpine:latest
deleted: sha256:05455a08881ea9cf0e752bc48e61bbd71a34c029bb13df01e40e3e70e0d007bd
deleted: sha256:d4fc045c9e3a848011de66f34b81f052d4f2c15a17bb196d637e526349601820

Total reclaimed space: 7.377MB
Loaded image: alpine:latest
Deleted Images:
untagged: alpine:latest
deleted: sha256:05455a08881ea9cf0e752bc48e61bbd71a34c029bb13df01e40e3e70e0d007bd
deleted: sha256:d4fc045c9e3a848011de66f34b81f052d4f2c15a17bb196d637e526349601820

Total reclaimed space: 7.377MB
Loaded image: alpine:latest
Deleted Images:
untagged: alpine:latest
deleted: sha256:05455a08881ea9cf0e752bc48e61bbd71a34c029bb13df01e40e3e70e0d007bd
deleted: sha256:d4fc045c9e3a848011de66f34b81f052d4f2c15a17bb196d637e526349601820

Total reclaimed space: 7.377MB
Loaded image: alpine:latest
Deleted Images:
untagged: alpine:latest
deleted: sha256:05455a08881ea9cf0e752bc48e61bbd71a34c029bb13df01e40e3e70e0d007bd
deleted: sha256:d4fc045c9e3a848011de66f34b81f052d4f2c15a17bb196d637e526349601820

Total reclaimed space: 7.377MB
Loaded image: alpine:latest
Deleted Images:
untagged: alpine:latest
deleted: sha256:05455a08881ea9cf0e752bc48e61bbd71a34c029bb13df01e40e3e70e0d007bd
deleted: sha256:d4fc045c9e3a848011de66f34b81f052d4f2c15a17bb196d637e526349601820

Total reclaimed space: 7.377MB
Loaded image: alpine:latest
Deleted Images:
untagged: alpine:latest
deleted: sha256:05455a08881ea9cf0e752bc48e61bbd71a34c029bb13df01e40e3e70e0d007bd
deleted: sha256:d4fc045c9e3a848011de66f34b81f052d4f2c15a17bb196d637e526349601820

Total reclaimed space: 7.377MB
Loaded image: alpine:latest
Deleted Images:
untagged: alpine:latest
deleted: sha256:05455a08881ea9cf0e752bc48e61bbd71a34c029bb13df01e40e3e70e0d007bd
deleted: sha256:d4fc045c9e3a848011de66f34b81f052d4f2c15a17bb196d637e526349601820

Total reclaimed space: 7.377MB
Loaded image: alpine:latest
Deleted Images:
untagged: alpine:latest
deleted: sha256:05455a08881ea9cf0e752bc48e61bbd71a34c029bb13df01e40e3e70e0d007bd
deleted: sha256:d4fc045c9e3a848011de66f34b81f052d4f2c15a17bb196d637e526349601820

Total reclaimed space: 7.377MB
Loaded image: alpine:latest
Deleted Images:
untagged: alpine:latest
deleted: sha256:05455a08881ea9cf0e752bc48e61bbd71a34c029bb13df01e40e3e70e0d007bd
deleted: sha256:d4fc045c9e3a848011de66f34b81f052d4f2c15a17bb196d637e526349601820

Total reclaimed space: 7.377MB
Loaded image: alpine:latest
Deleted Images:
untagged: alpine:latest
deleted: sha256:05455a08881ea9cf0e752bc48e61bbd71a34c029bb13df01e40e3e70e0d007bd
deleted: sha256:d4fc045c9e3a848011de66f34b81f052d4f2c15a17bb196d637e526349601820

Total reclaimed space: 7.377MB
Loaded image: alpine:latest
Deleted Images:
untagged: alpine:latest
deleted: sha256:05455a08881ea9cf0e752bc48e61bbd71a34c029bb13df01e40e3e70e0d007bd
deleted: sha256:d4fc045c9e3a848011de66f34b81f052d4f2c15a17bb196d637e526349601820

Total reclaimed space: 7.377MB
Loaded image: alpine:latest
Deleted Images:
untagged: alpine:latest
deleted: sha256:05455a08881ea9cf0e752bc48e61bbd71a34c029bb13df01e40e3e70e0d007bd
deleted: sha256:d4fc045c9e3a848011de66f34b81f052d4f2c15a17bb196d637e526349601820

Total reclaimed space: 7.377MB
Loaded image: alpine:latest
Deleted Images:
untagged: alpine:latest
deleted: sha256:05455a08881ea9cf0e752bc48e61bbd71a34c029bb13df01e40e3e70e0d007bd
deleted: sha256:d4fc045c9e3a848011de66f34b81f052d4f2c15a17bb196d637e526349601820

Total reclaimed space: 7.377MB
Loaded image: alpine:latest
Deleted Images:
untagged: alpine:latest
deleted: sha256:05455a08881ea9cf0e752bc48e61bbd71a34c029bb13df01e40e3e70e0d007bd
deleted: sha256:d4fc045c9e3a848011de66f34b81f052d4f2c15a17bb196d637e526349601820

Total reclaimed space: 7.377MB
Loaded image: alpine:latest
Deleted Images:
untagged: alpine:latest
deleted: sha256:05455a08881ea9cf0e752bc48e61bbd71a34c029bb13df01e40e3e70e0d007bd
deleted: sha256:d4fc045c9e3a848011de66f34b81f052d4f2c15a17bb196d637e526349601820

Total reclaimed space: 7.377MB
Loaded image: alpine:latest
Deleted Images:
untagged: alpine:latest
deleted: sha256:05455a08881ea9cf0e752bc48e61bbd71a34c029bb13df01e40e3e70e0d007bd
deleted: sha256:d4fc045c9e3a848011de66f34b81f052d4f2c15a17bb196d637e526349601820

Total reclaimed space: 7.377MB
Loaded image: alpine:latest
Deleted Images:
untagged: alpine:latest
deleted: sha256:05455a08881ea9cf0e752bc48e61bbd71a34c029bb13df01e40e3e70e0d007bd
deleted: sha256:d4fc045c9e3a848011de66f34b81f052d4f2c15a17bb196d637e526349601820

Total reclaimed space: 7.377MB
Loaded image: alpine:latest
Deleted Images:
untagged: alpine:latest
deleted: sha256:05455a08881ea9cf0e752bc48e61bbd71a34c029bb13df01e40e3e70e0d007bd
deleted: sha256:d4fc045c9e3a848011de66f34b81f052d4f2c15a17bb196d637e526349601820

Total reclaimed space: 7.377MB
Loaded image: alpine:latest
Deleted Images:
untagged: alpine:latest
deleted: sha256:05455a08881ea9cf0e752bc48e61bbd71a34c029bb13df01e40e3e70e0d007bd
deleted: sha256:d4fc045c9e3a848011de66f34b81f052d4f2c15a17bb196d637e526349601820

Total reclaimed space: 7.377MB
Loaded image: alpine:latest
Deleted Images:
untagged: alpine:latest
deleted: sha256:05455a08881ea9cf0e752bc48e61bbd71a34c029bb13df01e40e3e70e0d007bd
deleted: sha256:d4fc045c9e3a848011de66f34b81f052d4f2c15a17bb196d637e526349601820

Total reclaimed space: 7.377MB
Loaded image: alpine:latest
Deleted Images:
untagged: alpine:latest
deleted: sha256:05455a08881ea9cf0e752bc48e61bbd71a34c029bb13df01e40e3e70e0d007bd
deleted: sha256:d4fc045c9e3a848011de66f34b81f052d4f2c15a17bb196d637e526349601820

Total reclaimed space: 7.377MB
Loaded image: alpine:latest
       Value   Percentile   TotalCount 1/(1-Percentile)

  195071.000     0.000000            1         1.00
  200319.000     0.100000            8         1.11
  202111.000     0.200000           16         1.25
  203135.000     0.300000           24         1.43
  204159.000     0.400000           33         1.67
  205183.000     0.500000           40         2.00
  205695.000     0.550000           44         2.22
  206335.000     0.600000           48         2.50
  206719.000     0.650000           53         2.86
  206975.000     0.700000           57         3.33
  207231.000     0.750000           60         4.00
  207871.000     0.775000           62         4.44
  208895.000     0.800000           64         5.00
  209151.000     0.825000           66         5.71
  209279.000     0.850000           68         6.67
  209535.000     0.875000           70         8.00
  209791.000     0.887500           71         8.89
  209919.000     0.900000           72        10.00
  210047.000     0.912500           74        11.43
  210047.000     0.925000           74        13.33
  210175.000     0.937500           75        16.00
  210175.000     0.943750           75        17.78
  211455.000     0.950000           76        20.00
  211455.000     0.956250           76        22.86
  211711.000     0.962500           77        26.67
  211711.000     0.968750           77        32.00
  211711.000     0.971875           77        35.56
  212223.000     0.975000           78        40.00
  212223.000     0.978125           78        45.71
  212223.000     0.981250           78        53.33
  212223.000     0.984375           78        64.00
  212223.000     0.985938           78        71.11
  213119.000     0.987500           79        80.00
  213119.000     1.000000           79          inf
#[Mean    =   205040.608, StdDeviation   =     3683.385]
#[Max     =   213119.000, Total count    =           79]
#[Buckets =           22, SubBuckets     =         2048]
