Total reclaimed space: 0B
Loaded image: debian:latest
Deleted Images:
untagged: debian:latest
deleted: sha256:d2a2c1ada45a61ee343effe4bda1f987c453840593c9622bd08919f06b508d0d
deleted: sha256:072686bcd3db19834cd1e0b1e18acf50b7876043f9c38d5308e5e579cbefa6be

Total reclaimed space: 116.6MB
Loaded image: debian:latest
Deleted Images:
untagged: debian:latest
deleted: sha256:d2a2c1ada45a61ee343effe4bda1f987c453840593c9622bd08919f06b508d0d
deleted: sha256:072686bcd3db19834cd1e0b1e18acf50b7876043f9c38d5308e5e579cbefa6be

Total reclaimed space: 116.6MB
Loaded image: debian:latest
Deleted Images:
untagged: debian:latest
deleted: sha256:d2a2c1ada45a61ee343effe4bda1f987c453840593c9622bd08919f06b508d0d
deleted: sha256:072686bcd3db19834cd1e0b1e18acf50b7876043f9c38d5308e5e579cbefa6be

Total reclaimed space: 116.6MB
Loaded image: debian:latest
Deleted Images:
untagged: debian:latest
deleted: sha256:d2a2c1ada45a61ee343effe4bda1f987c453840593c9622bd08919f06b508d0d
deleted: sha256:072686bcd3db19834cd1e0b1e18acf50b7876043f9c38d5308e5e579cbefa6be

Total reclaimed space: 116.6MB
Loaded image: debian:latest
Deleted Images:
untagged: debian:latest
deleted: sha256:d2a2c1ada45a61ee343effe4bda1f987c453840593c9622bd08919f06b508d0d
deleted: sha256:072686bcd3db19834cd1e0b1e18acf50b7876043f9c38d5308e5e579cbefa6be

Total reclaimed space: 116.6MB
Loaded image: debian:latest
Deleted Images:
untagged: debian:latest
deleted: sha256:d2a2c1ada45a61ee343effe4bda1f987c453840593c9622bd08919f06b508d0d
deleted: sha256:072686bcd3db19834cd1e0b1e18acf50b7876043f9c38d5308e5e579cbefa6be

Total reclaimed space: 116.6MB
Loaded image: debian:latest
Deleted Images:
untagged: debian:latest
deleted: sha256:d2a2c1ada45a61ee343effe4bda1f987c453840593c9622bd08919f06b508d0d
deleted: sha256:072686bcd3db19834cd1e0b1e18acf50b7876043f9c38d5308e5e579cbefa6be

Total reclaimed space: 116.6MB
Loaded image: debian:latest
Deleted Images:
untagged: debian:latest
deleted: sha256:d2a2c1ada45a61ee343effe4bda1f987c453840593c9622bd08919f06b508d0d
deleted: sha256:072686bcd3db19834cd1e0b1e18acf50b7876043f9c38d5308e5e579cbefa6be

Total reclaimed space: 116.6MB
Loaded image: debian:latest
Deleted Images:
untagged: debian:latest
deleted: sha256:d2a2c1ada45a61ee343effe4bda1f987c453840593c9622bd08919f06b508d0d
deleted: sha256:072686bcd3db19834cd1e0b1e18acf50b7876043f9c38d5308e5e579cbefa6be

Total reclaimed space: 116.6MB
Loaded image: debian:latest
Deleted Images:
untagged: debian:latest
deleted: sha256:d2a2c1ada45a61ee343effe4bda1f987c453840593c9622bd08919f06b508d0d
deleted: sha256:072686bcd3db19834cd1e0b1e18acf50b7876043f9c38d5308e5e579cbefa6be

Total reclaimed space: 116.6MB
Loaded image: debian:latest
Deleted Images:
untagged: debian:latest
deleted: sha256:d2a2c1ada45a61ee343effe4bda1f987c453840593c9622bd08919f06b508d0d
deleted: sha256:072686bcd3db19834cd1e0b1e18acf50b7876043f9c38d5308e5e579cbefa6be

Total reclaimed space: 116.6MB
Loaded image: debian:latest
Deleted Images:
untagged: debian:latest
deleted: sha256:d2a2c1ada45a61ee343effe4bda1f987c453840593c9622bd08919f06b508d0d
deleted: sha256:072686bcd3db19834cd1e0b1e18acf50b7876043f9c38d5308e5e579cbefa6be

Total reclaimed space: 116.6MB
Loaded image: debian:latest
Deleted Images:
untagged: debian:latest
deleted: sha256:d2a2c1ada45a61ee343effe4bda1f987c453840593c9622bd08919f06b508d0d
deleted: sha256:072686bcd3db19834cd1e0b1e18acf50b7876043f9c38d5308e5e579cbefa6be

Total reclaimed space: 116.6MB
Loaded image: debian:latest
Deleted Images:
untagged: debian:latest
deleted: sha256:d2a2c1ada45a61ee343effe4bda1f987c453840593c9622bd08919f06b508d0d
deleted: sha256:072686bcd3db19834cd1e0b1e18acf50b7876043f9c38d5308e5e579cbefa6be

Total reclaimed space: 116.6MB
Loaded image: debian:latest
Deleted Images:
untagged: debian:latest
deleted: sha256:d2a2c1ada45a61ee343effe4bda1f987c453840593c9622bd08919f06b508d0d
deleted: sha256:072686bcd3db19834cd1e0b1e18acf50b7876043f9c38d5308e5e579cbefa6be

Total reclaimed space: 116.6MB
Loaded image: debian:latest
Deleted Images:
untagged: debian:latest
deleted: sha256:d2a2c1ada45a61ee343effe4bda1f987c453840593c9622bd08919f06b508d0d
deleted: sha256:072686bcd3db19834cd1e0b1e18acf50b7876043f9c38d5308e5e579cbefa6be

Total reclaimed space: 116.6MB
Loaded image: debian:latest
Deleted Images:
untagged: debian:latest
deleted: sha256:d2a2c1ada45a61ee343effe4bda1f987c453840593c9622bd08919f06b508d0d
deleted: sha256:072686bcd3db19834cd1e0b1e18acf50b7876043f9c38d5308e5e579cbefa6be

Total reclaimed space: 116.6MB
Loaded image: debian:latest
Deleted Images:
untagged: debian:latest
deleted: sha256:d2a2c1ada45a61ee343effe4bda1f987c453840593c9622bd08919f06b508d0d
deleted: sha256:072686bcd3db19834cd1e0b1e18acf50b7876043f9c38d5308e5e579cbefa6be

Total reclaimed space: 116.6MB
Loaded image: debian:latest
Deleted Images:
untagged: debian:latest
deleted: sha256:d2a2c1ada45a61ee343effe4bda1f987c453840593c9622bd08919f06b508d0d
deleted: sha256:072686bcd3db19834cd1e0b1e18acf50b7876043f9c38d5308e5e579cbefa6be

Total reclaimed space: 116.6MB
Loaded image: debian:latest
Deleted Images:
untagged: debian:latest
deleted: sha256:d2a2c1ada45a61ee343effe4bda1f987c453840593c9622bd08919f06b508d0d
deleted: sha256:072686bcd3db19834cd1e0b1e18acf50b7876043f9c38d5308e5e579cbefa6be

Total reclaimed space: 116.6MB
Loaded image: debian:latest
Deleted Images:
untagged: debian:latest
deleted: sha256:d2a2c1ada45a61ee343effe4bda1f987c453840593c9622bd08919f06b508d0d
deleted: sha256:072686bcd3db19834cd1e0b1e18acf50b7876043f9c38d5308e5e579cbefa6be

Total reclaimed space: 116.6MB
Loaded image: debian:latest
Deleted Images:
untagged: debian:latest
deleted: sha256:d2a2c1ada45a61ee343effe4bda1f987c453840593c9622bd08919f06b508d0d
deleted: sha256:072686bcd3db19834cd1e0b1e18acf50b7876043f9c38d5308e5e579cbefa6be

Total reclaimed space: 116.6MB
Loaded image: debian:latest
Deleted Images:
untagged: debian:latest
deleted: sha256:d2a2c1ada45a61ee343effe4bda1f987c453840593c9622bd08919f06b508d0d
deleted: sha256:072686bcd3db19834cd1e0b1e18acf50b7876043f9c38d5308e5e579cbefa6be

Total reclaimed space: 116.6MB
Loaded image: debian:latest
Deleted Images:
untagged: debian:latest
deleted: sha256:d2a2c1ada45a61ee343effe4bda1f987c453840593c9622bd08919f06b508d0d
deleted: sha256:072686bcd3db19834cd1e0b1e18acf50b7876043f9c38d5308e5e579cbefa6be

Total reclaimed space: 116.6MB
Loaded image: debian:latest
Deleted Images:
untagged: debian:latest
deleted: sha256:d2a2c1ada45a61ee343effe4bda1f987c453840593c9622bd08919f06b508d0d
deleted: sha256:072686bcd3db19834cd1e0b1e18acf50b7876043f9c38d5308e5e579cbefa6be

Total reclaimed space: 116.6MB
Loaded image: debian:latest
Deleted Images:
untagged: debian:latest
deleted: sha256:d2a2c1ada45a61ee343effe4bda1f987c453840593c9622bd08919f06b508d0d
deleted: sha256:072686bcd3db19834cd1e0b1e18acf50b7876043f9c38d5308e5e579cbefa6be

Total reclaimed space: 116.6MB
Loaded image: debian:latest
Deleted Images:
untagged: debian:latest
deleted: sha256:d2a2c1ada45a61ee343effe4bda1f987c453840593c9622bd08919f06b508d0d
deleted: sha256:072686bcd3db19834cd1e0b1e18acf50b7876043f9c38d5308e5e579cbefa6be

Total reclaimed space: 116.6MB
Loaded image: debian:latest
Deleted Images:
untagged: debian:latest
deleted: sha256:d2a2c1ada45a61ee343effe4bda1f987c453840593c9622bd08919f06b508d0d
deleted: sha256:072686bcd3db19834cd1e0b1e18acf50b7876043f9c38d5308e5e579cbefa6be

Total reclaimed space: 116.6MB
Loaded image: debian:latest
Deleted Images:
untagged: debian:latest
deleted: sha256:d2a2c1ada45a61ee343effe4bda1f987c453840593c9622bd08919f06b508d0d
deleted: sha256:072686bcd3db19834cd1e0b1e18acf50b7876043f9c38d5308e5e579cbefa6be

Total reclaimed space: 116.6MB
Loaded image: debian:latest
Deleted Images:
untagged: debian:latest
deleted: sha256:d2a2c1ada45a61ee343effe4bda1f987c453840593c9622bd08919f06b508d0d
deleted: sha256:072686bcd3db19834cd1e0b1e18acf50b7876043f9c38d5308e5e579cbefa6be

Total reclaimed space: 116.6MB
Loaded image: debian:latest
Deleted Images:
untagged: debian:latest
deleted: sha256:d2a2c1ada45a61ee343effe4bda1f987c453840593c9622bd08919f06b508d0d
deleted: sha256:072686bcd3db19834cd1e0b1e18acf50b7876043f9c38d5308e5e579cbefa6be

Total reclaimed space: 116.6MB
Loaded image: debian:latest
Deleted Images:
untagged: debian:latest
deleted: sha256:d2a2c1ada45a61ee343effe4bda1f987c453840593c9622bd08919f06b508d0d
deleted: sha256:072686bcd3db19834cd1e0b1e18acf50b7876043f9c38d5308e5e579cbefa6be

Total reclaimed space: 116.6MB
Loaded image: debian:latest
Deleted Images:
untagged: debian:latest
deleted: sha256:d2a2c1ada45a61ee343effe4bda1f987c453840593c9622bd08919f06b508d0d
deleted: sha256:072686bcd3db19834cd1e0b1e18acf50b7876043f9c38d5308e5e579cbefa6be

Total reclaimed space: 116.6MB
Loaded image: debian:latest
Deleted Images:
untagged: debian:latest
deleted: sha256:d2a2c1ada45a61ee343effe4bda1f987c453840593c9622bd08919f06b508d0d
deleted: sha256:072686bcd3db19834cd1e0b1e18acf50b7876043f9c38d5308e5e579cbefa6be

Total reclaimed space: 116.6MB
Loaded image: debian:latest
Deleted Images:
untagged: debian:latest
deleted: sha256:d2a2c1ada45a61ee343effe4bda1f987c453840593c9622bd08919f06b508d0d
deleted: sha256:072686bcd3db19834cd1e0b1e18acf50b7876043f9c38d5308e5e579cbefa6be

Total reclaimed space: 116.6MB
Loaded image: debian:latest
Deleted Images:
untagged: debian:latest
deleted: sha256:d2a2c1ada45a61ee343effe4bda1f987c453840593c9622bd08919f06b508d0d
deleted: sha256:072686bcd3db19834cd1e0b1e18acf50b7876043f9c38d5308e5e579cbefa6be

Total reclaimed space: 116.6MB
Loaded image: debian:latest
Deleted Images:
untagged: debian:latest
deleted: sha256:d2a2c1ada45a61ee343effe4bda1f987c453840593c9622bd08919f06b508d0d
deleted: sha256:072686bcd3db19834cd1e0b1e18acf50b7876043f9c38d5308e5e579cbefa6be

Total reclaimed space: 116.6MB
Loaded image: debian:latest
Deleted Images:
untagged: debian:latest
deleted: sha256:d2a2c1ada45a61ee343effe4bda1f987c453840593c9622bd08919f06b508d0d
deleted: sha256:072686bcd3db19834cd1e0b1e18acf50b7876043f9c38d5308e5e579cbefa6be

Total reclaimed space: 116.6MB
Loaded image: debian:latest
Deleted Images:
untagged: debian:latest
deleted: sha256:d2a2c1ada45a61ee343effe4bda1f987c453840593c9622bd08919f06b508d0d
deleted: sha256:072686bcd3db19834cd1e0b1e18acf50b7876043f9c38d5308e5e579cbefa6be

Total reclaimed space: 116.6MB
Loaded image: debian:latest
Deleted Images:
untagged: debian:latest
deleted: sha256:d2a2c1ada45a61ee343effe4bda1f987c453840593c9622bd08919f06b508d0d
deleted: sha256:072686bcd3db19834cd1e0b1e18acf50b7876043f9c38d5308e5e579cbefa6be

Total reclaimed space: 116.6MB
Loaded image: debian:latest
Deleted Images:
untagged: debian:latest
deleted: sha256:d2a2c1ada45a61ee343effe4bda1f987c453840593c9622bd08919f06b508d0d
deleted: sha256:072686bcd3db19834cd1e0b1e18acf50b7876043f9c38d5308e5e579cbefa6be

Total reclaimed space: 116.6MB
Loaded image: debian:latest
Deleted Images:
untagged: debian:latest
deleted: sha256:d2a2c1ada45a61ee343effe4bda1f987c453840593c9622bd08919f06b508d0d
deleted: sha256:072686bcd3db19834cd1e0b1e18acf50b7876043f9c38d5308e5e579cbefa6be

Total reclaimed space: 116.6MB
Loaded image: debian:latest
Deleted Images:
untagged: debian:latest
deleted: sha256:d2a2c1ada45a61ee343effe4bda1f987c453840593c9622bd08919f06b508d0d
deleted: sha256:072686bcd3db19834cd1e0b1e18acf50b7876043f9c38d5308e5e579cbefa6be

Total reclaimed space: 116.6MB
Loaded image: debian:latest
Deleted Images:
untagged: debian:latest
deleted: sha256:d2a2c1ada45a61ee343effe4bda1f987c453840593c9622bd08919f06b508d0d
deleted: sha256:072686bcd3db19834cd1e0b1e18acf50b7876043f9c38d5308e5e579cbefa6be

Total reclaimed space: 116.6MB
Loaded image: debian:latest
Deleted Images:
untagged: debian:latest
deleted: sha256:d2a2c1ada45a61ee343effe4bda1f987c453840593c9622bd08919f06b508d0d
deleted: sha256:072686bcd3db19834cd1e0b1e18acf50b7876043f9c38d5308e5e579cbefa6be

Total reclaimed space: 116.6MB
Loaded image: debian:latest
Deleted Images:
untagged: debian:latest
deleted: sha256:d2a2c1ada45a61ee343effe4bda1f987c453840593c9622bd08919f06b508d0d
deleted: sha256:072686bcd3db19834cd1e0b1e18acf50b7876043f9c38d5308e5e579cbefa6be

Total reclaimed space: 116.6MB
Loaded image: debian:latest
Deleted Images:
untagged: debian:latest
deleted: sha256:d2a2c1ada45a61ee343effe4bda1f987c453840593c9622bd08919f06b508d0d
deleted: sha256:072686bcd3db19834cd1e0b1e18acf50b7876043f9c38d5308e5e579cbefa6be

Total reclaimed space: 116.6MB
Loaded image: debian:latest
Deleted Images:
untagged: debian:latest
deleted: sha256:d2a2c1ada45a61ee343effe4bda1f987c453840593c9622bd08919f06b508d0d
deleted: sha256:072686bcd3db19834cd1e0b1e18acf50b7876043f9c38d5308e5e579cbefa6be

Total reclaimed space: 116.6MB
Loaded image: debian:latest
Deleted Images:
untagged: debian:latest
deleted: sha256:d2a2c1ada45a61ee343effe4bda1f987c453840593c9622bd08919f06b508d0d
deleted: sha256:072686bcd3db19834cd1e0b1e18acf50b7876043f9c38d5308e5e579cbefa6be

Total reclaimed space: 116.6MB
Loaded image: debian:latest
Deleted Images:
untagged: debian:latest
deleted: sha256:d2a2c1ada45a61ee343effe4bda1f987c453840593c9622bd08919f06b508d0d
deleted: sha256:072686bcd3db19834cd1e0b1e18acf50b7876043f9c38d5308e5e579cbefa6be

Total reclaimed space: 116.6MB
Loaded image: debian:latest
Deleted Images:
untagged: debian:latest
deleted: sha256:d2a2c1ada45a61ee343effe4bda1f987c453840593c9622bd08919f06b508d0d
deleted: sha256:072686bcd3db19834cd1e0b1e18acf50b7876043f9c38d5308e5e579cbefa6be

Total reclaimed space: 116.6MB
Loaded image: debian:latest
Deleted Images:
untagged: debian:latest
deleted: sha256:d2a2c1ada45a61ee343effe4bda1f987c453840593c9622bd08919f06b508d0d
deleted: sha256:072686bcd3db19834cd1e0b1e18acf50b7876043f9c38d5308e5e579cbefa6be

Total reclaimed space: 116.6MB
Loaded image: debian:latest
Deleted Images:
untagged: debian:latest
deleted: sha256:d2a2c1ada45a61ee343effe4bda1f987c453840593c9622bd08919f06b508d0d
deleted: sha256:072686bcd3db19834cd1e0b1e18acf50b7876043f9c38d5308e5e579cbefa6be

Total reclaimed space: 116.6MB
Loaded image: debian:latest
Deleted Images:
untagged: debian:latest
deleted: sha256:d2a2c1ada45a61ee343effe4bda1f987c453840593c9622bd08919f06b508d0d
deleted: sha256:072686bcd3db19834cd1e0b1e18acf50b7876043f9c38d5308e5e579cbefa6be

Total reclaimed space: 116.6MB
Loaded image: debian:latest
Deleted Images:
untagged: debian:latest
deleted: sha256:d2a2c1ada45a61ee343effe4bda1f987c453840593c9622bd08919f06b508d0d
deleted: sha256:072686bcd3db19834cd1e0b1e18acf50b7876043f9c38d5308e5e579cbefa6be

Total reclaimed space: 116.6MB
Loaded image: debian:latest
Deleted Images:
untagged: debian:latest
deleted: sha256:d2a2c1ada45a61ee343effe4bda1f987c453840593c9622bd08919f06b508d0d
deleted: sha256:072686bcd3db19834cd1e0b1e18acf50b7876043f9c38d5308e5e579cbefa6be

Total reclaimed space: 116.6MB
Loaded image: debian:latest
Deleted Images:
untagged: debian:latest
deleted: sha256:d2a2c1ada45a61ee343effe4bda1f987c453840593c9622bd08919f06b508d0d
deleted: sha256:072686bcd3db19834cd1e0b1e18acf50b7876043f9c38d5308e5e579cbefa6be

Total reclaimed space: 116.6MB
Loaded image: debian:latest
Deleted Images:
untagged: debian:latest
deleted: sha256:d2a2c1ada45a61ee343effe4bda1f987c453840593c9622bd08919f06b508d0d
deleted: sha256:072686bcd3db19834cd1e0b1e18acf50b7876043f9c38d5308e5e579cbefa6be

Total reclaimed space: 116.6MB
Loaded image: debian:latest
Deleted Images:
untagged: debian:latest
deleted: sha256:d2a2c1ada45a61ee343effe4bda1f987c453840593c9622bd08919f06b508d0d
deleted: sha256:072686bcd3db19834cd1e0b1e18acf50b7876043f9c38d5308e5e579cbefa6be

Total reclaimed space: 116.6MB
Loaded image: debian:latest
Deleted Images:
untagged: debian:latest
deleted: sha256:d2a2c1ada45a61ee343effe4bda1f987c453840593c9622bd08919f06b508d0d
deleted: sha256:072686bcd3db19834cd1e0b1e18acf50b7876043f9c38d5308e5e579cbefa6be

Total reclaimed space: 116.6MB
Loaded image: debian:latest
Deleted Images:
untagged: debian:latest
deleted: sha256:d2a2c1ada45a61ee343effe4bda1f987c453840593c9622bd08919f06b508d0d
deleted: sha256:072686bcd3db19834cd1e0b1e18acf50b7876043f9c38d5308e5e579cbefa6be

Total reclaimed space: 116.6MB
Loaded image: debian:latest
Deleted Images:
untagged: debian:latest
deleted: sha256:d2a2c1ada45a61ee343effe4bda1f987c453840593c9622bd08919f06b508d0d
deleted: sha256:072686bcd3db19834cd1e0b1e18acf50b7876043f9c38d5308e5e579cbefa6be

Total reclaimed space: 116.6MB
Loaded image: debian:latest
Deleted Images:
untagged: debian:latest
deleted: sha256:d2a2c1ada45a61ee343effe4bda1f987c453840593c9622bd08919f06b508d0d
deleted: sha256:072686bcd3db19834cd1e0b1e18acf50b7876043f9c38d5308e5e579cbefa6be

Total reclaimed space: 116.6MB
Loaded image: debian:latest
Deleted Images:
untagged: debian:latest
deleted: sha256:d2a2c1ada45a61ee343effe4bda1f987c453840593c9622bd08919f06b508d0d
deleted: sha256:072686bcd3db19834cd1e0b1e18acf50b7876043f9c38d5308e5e579cbefa6be

Total reclaimed space: 116.6MB
Loaded image: debian:latest
Deleted Images:
untagged: debian:latest
deleted: sha256:d2a2c1ada45a61ee343effe4bda1f987c453840593c9622bd08919f06b508d0d
deleted: sha256:072686bcd3db19834cd1e0b1e18acf50b7876043f9c38d5308e5e579cbefa6be

Total reclaimed space: 116.6MB
Loaded image: debian:latest
Deleted Images:
untagged: debian:latest
deleted: sha256:d2a2c1ada45a61ee343effe4bda1f987c453840593c9622bd08919f06b508d0d
deleted: sha256:072686bcd3db19834cd1e0b1e18acf50b7876043f9c38d5308e5e579cbefa6be

Total reclaimed space: 116.6MB
Loaded image: debian:latest
Deleted Images:
untagged: debian:latest
deleted: sha256:d2a2c1ada45a61ee343effe4bda1f987c453840593c9622bd08919f06b508d0d
deleted: sha256:072686bcd3db19834cd1e0b1e18acf50b7876043f9c38d5308e5e579cbefa6be

Total reclaimed space: 116.6MB
Loaded image: debian:latest
Deleted Images:
untagged: debian:latest
deleted: sha256:d2a2c1ada45a61ee343effe4bda1f987c453840593c9622bd08919f06b508d0d
deleted: sha256:072686bcd3db19834cd1e0b1e18acf50b7876043f9c38d5308e5e579cbefa6be

Total reclaimed space: 116.6MB
Loaded image: debian:latest
Deleted Images:
untagged: debian:latest
deleted: sha256:d2a2c1ada45a61ee343effe4bda1f987c453840593c9622bd08919f06b508d0d
deleted: sha256:072686bcd3db19834cd1e0b1e18acf50b7876043f9c38d5308e5e579cbefa6be

Total reclaimed space: 116.6MB
Loaded image: debian:latest
Deleted Images:
untagged: debian:latest
deleted: sha256:d2a2c1ada45a61ee343effe4bda1f987c453840593c9622bd08919f06b508d0d
deleted: sha256:072686bcd3db19834cd1e0b1e18acf50b7876043f9c38d5308e5e579cbefa6be

Total reclaimed space: 116.6MB
Loaded image: debian:latest
Deleted Images:
untagged: debian:latest
deleted: sha256:d2a2c1ada45a61ee343effe4bda1f987c453840593c9622bd08919f06b508d0d
deleted: sha256:072686bcd3db19834cd1e0b1e18acf50b7876043f9c38d5308e5e579cbefa6be

Total reclaimed space: 116.6MB
Loaded image: debian:latest
Deleted Images:
untagged: debian:latest
deleted: sha256:d2a2c1ada45a61ee343effe4bda1f987c453840593c9622bd08919f06b508d0d
deleted: sha256:072686bcd3db19834cd1e0b1e18acf50b7876043f9c38d5308e5e579cbefa6be

Total reclaimed space: 116.6MB
Loaded image: debian:latest
Deleted Images:
untagged: debian:latest
deleted: sha256:d2a2c1ada45a61ee343effe4bda1f987c453840593c9622bd08919f06b508d0d
deleted: sha256:072686bcd3db19834cd1e0b1e18acf50b7876043f9c38d5308e5e579cbefa6be

Total reclaimed space: 116.6MB
Loaded image: debian:latest
Deleted Images:
untagged: debian:latest
deleted: sha256:d2a2c1ada45a61ee343effe4bda1f987c453840593c9622bd08919f06b508d0d
deleted: sha256:072686bcd3db19834cd1e0b1e18acf50b7876043f9c38d5308e5e579cbefa6be

Total reclaimed space: 116.6MB
Loaded image: debian:latest
Deleted Images:
untagged: debian:latest
deleted: sha256:d2a2c1ada45a61ee343effe4bda1f987c453840593c9622bd08919f06b508d0d
deleted: sha256:072686bcd3db19834cd1e0b1e18acf50b7876043f9c38d5308e5e579cbefa6be

Total reclaimed space: 116.6MB
Loaded image: debian:latest
Deleted Images:
untagged: debian:latest
deleted: sha256:d2a2c1ada45a61ee343effe4bda1f987c453840593c9622bd08919f06b508d0d
deleted: sha256:072686bcd3db19834cd1e0b1e18acf50b7876043f9c38d5308e5e579cbefa6be

Total reclaimed space: 116.6MB
Loaded image: debian:latest
Deleted Images:
untagged: debian:latest
deleted: sha256:d2a2c1ada45a61ee343effe4bda1f987c453840593c9622bd08919f06b508d0d
deleted: sha256:072686bcd3db19834cd1e0b1e18acf50b7876043f9c38d5308e5e579cbefa6be

Total reclaimed space: 116.6MB
Loaded image: debian:latest
Deleted Images:
untagged: debian:latest
deleted: sha256:d2a2c1ada45a61ee343effe4bda1f987c453840593c9622bd08919f06b508d0d
deleted: sha256:072686bcd3db19834cd1e0b1e18acf50b7876043f9c38d5308e5e579cbefa6be

Total reclaimed space: 116.6MB
Loaded image: debian:latest
Deleted Images:
untagged: debian:latest
deleted: sha256:d2a2c1ada45a61ee343effe4bda1f987c453840593c9622bd08919f06b508d0d
deleted: sha256:072686bcd3db19834cd1e0b1e18acf50b7876043f9c38d5308e5e579cbefa6be

Total reclaimed space: 116.6MB
Loaded image: debian:latest
Deleted Images:
untagged: debian:latest
deleted: sha256:d2a2c1ada45a61ee343effe4bda1f987c453840593c9622bd08919f06b508d0d
deleted: sha256:072686bcd3db19834cd1e0b1e18acf50b7876043f9c38d5308e5e579cbefa6be

Total reclaimed space: 116.6MB
Loaded image: debian:latest
Deleted Images:
untagged: debian:latest
deleted: sha256:d2a2c1ada45a61ee343effe4bda1f987c453840593c9622bd08919f06b508d0d
deleted: sha256:072686bcd3db19834cd1e0b1e18acf50b7876043f9c38d5308e5e579cbefa6be

Total reclaimed space: 116.6MB
Loaded image: debian:latest
Deleted Images:
untagged: debian:latest
deleted: sha256:d2a2c1ada45a61ee343effe4bda1f987c453840593c9622bd08919f06b508d0d
deleted: sha256:072686bcd3db19834cd1e0b1e18acf50b7876043f9c38d5308e5e579cbefa6be

Total reclaimed space: 116.6MB
Loaded image: debian:latest
Deleted Images:
untagged: debian:latest
deleted: sha256:d2a2c1ada45a61ee343effe4bda1f987c453840593c9622bd08919f06b508d0d
deleted: sha256:072686bcd3db19834cd1e0b1e18acf50b7876043f9c38d5308e5e579cbefa6be

Total reclaimed space: 116.6MB
Loaded image: debian:latest
Deleted Images:
untagged: debian:latest
deleted: sha256:d2a2c1ada45a61ee343effe4bda1f987c453840593c9622bd08919f06b508d0d
deleted: sha256:072686bcd3db19834cd1e0b1e18acf50b7876043f9c38d5308e5e579cbefa6be

Total reclaimed space: 116.6MB
Loaded image: debian:latest
Deleted Images:
untagged: debian:latest
deleted: sha256:d2a2c1ada45a61ee343effe4bda1f987c453840593c9622bd08919f06b508d0d
deleted: sha256:072686bcd3db19834cd1e0b1e18acf50b7876043f9c38d5308e5e579cbefa6be

Total reclaimed space: 116.6MB
Loaded image: debian:latest
Deleted Images:
untagged: debian:latest
deleted: sha256:d2a2c1ada45a61ee343effe4bda1f987c453840593c9622bd08919f06b508d0d
deleted: sha256:072686bcd3db19834cd1e0b1e18acf50b7876043f9c38d5308e5e579cbefa6be

Total reclaimed space: 116.6MB
Loaded image: debian:latest
Deleted Images:
untagged: debian:latest
deleted: sha256:d2a2c1ada45a61ee343effe4bda1f987c453840593c9622bd08919f06b508d0d
deleted: sha256:072686bcd3db19834cd1e0b1e18acf50b7876043f9c38d5308e5e579cbefa6be

Total reclaimed space: 116.6MB
Loaded image: debian:latest
Deleted Images:
untagged: debian:latest
deleted: sha256:d2a2c1ada45a61ee343effe4bda1f987c453840593c9622bd08919f06b508d0d
deleted: sha256:072686bcd3db19834cd1e0b1e18acf50b7876043f9c38d5308e5e579cbefa6be

Total reclaimed space: 116.6MB
Loaded image: debian:latest
Deleted Images:
untagged: debian:latest
deleted: sha256:d2a2c1ada45a61ee343effe4bda1f987c453840593c9622bd08919f06b508d0d
deleted: sha256:072686bcd3db19834cd1e0b1e18acf50b7876043f9c38d5308e5e579cbefa6be

Total reclaimed space: 116.6MB
Loaded image: debian:latest
Deleted Images:
untagged: debian:latest
deleted: sha256:d2a2c1ada45a61ee343effe4bda1f987c453840593c9622bd08919f06b508d0d
deleted: sha256:072686bcd3db19834cd1e0b1e18acf50b7876043f9c38d5308e5e579cbefa6be

Total reclaimed space: 116.6MB
Loaded image: debian:latest
Deleted Images:
untagged: debian:latest
deleted: sha256:d2a2c1ada45a61ee343effe4bda1f987c453840593c9622bd08919f06b508d0d
deleted: sha256:072686bcd3db19834cd1e0b1e18acf50b7876043f9c38d5308e5e579cbefa6be

Total reclaimed space: 116.6MB
Loaded image: debian:latest
Deleted Images:
untagged: debian:latest
deleted: sha256:d2a2c1ada45a61ee343effe4bda1f987c453840593c9622bd08919f06b508d0d
deleted: sha256:072686bcd3db19834cd1e0b1e18acf50b7876043f9c38d5308e5e579cbefa6be

Total reclaimed space: 116.6MB
Loaded image: debian:latest
Deleted Images:
untagged: debian:latest
deleted: sha256:d2a2c1ada45a61ee343effe4bda1f987c453840593c9622bd08919f06b508d0d
deleted: sha256:072686bcd3db19834cd1e0b1e18acf50b7876043f9c38d5308e5e579cbefa6be

Total reclaimed space: 116.6MB
Loaded image: debian:latest
Deleted Images:
untagged: debian:latest
deleted: sha256:d2a2c1ada45a61ee343effe4bda1f987c453840593c9622bd08919f06b508d0d
deleted: sha256:072686bcd3db19834cd1e0b1e18acf50b7876043f9c38d5308e5e579cbefa6be

Total reclaimed space: 116.6MB
Loaded image: debian:latest
Deleted Images:
untagged: debian:latest
deleted: sha256:d2a2c1ada45a61ee343effe4bda1f987c453840593c9622bd08919f06b508d0d
deleted: sha256:072686bcd3db19834cd1e0b1e18acf50b7876043f9c38d5308e5e579cbefa6be

Total reclaimed space: 116.6MB
Loaded image: debian:latest
Deleted Images:
untagged: debian:latest
deleted: sha256:d2a2c1ada45a61ee343effe4bda1f987c453840593c9622bd08919f06b508d0d
deleted: sha256:072686bcd3db19834cd1e0b1e18acf50b7876043f9c38d5308e5e579cbefa6be

Total reclaimed space: 116.6MB
Loaded image: debian:latest
Deleted Images:
untagged: debian:latest
deleted: sha256:d2a2c1ada45a61ee343effe4bda1f987c453840593c9622bd08919f06b508d0d
deleted: sha256:072686bcd3db19834cd1e0b1e18acf50b7876043f9c38d5308e5e579cbefa6be

Total reclaimed space: 116.6MB
Loaded image: debian:latest
Deleted Images:
untagged: debian:latest
deleted: sha256:d2a2c1ada45a61ee343effe4bda1f987c453840593c9622bd08919f06b508d0d
deleted: sha256:072686bcd3db19834cd1e0b1e18acf50b7876043f9c38d5308e5e579cbefa6be

Total reclaimed space: 116.6MB
Loaded image: debian:latest
Deleted Images:
untagged: debian:latest
deleted: sha256:d2a2c1ada45a61ee343effe4bda1f987c453840593c9622bd08919f06b508d0d
deleted: sha256:072686bcd3db19834cd1e0b1e18acf50b7876043f9c38d5308e5e579cbefa6be

Total reclaimed space: 116.6MB
Loaded image: debian:latest
Deleted Images:
untagged: debian:latest
deleted: sha256:d2a2c1ada45a61ee343effe4bda1f987c453840593c9622bd08919f06b508d0d
deleted: sha256:072686bcd3db19834cd1e0b1e18acf50b7876043f9c38d5308e5e579cbefa6be

Total reclaimed space: 116.6MB
Loaded image: debian:latest
Deleted Images:
untagged: debian:latest
deleted: sha256:d2a2c1ada45a61ee343effe4bda1f987c453840593c9622bd08919f06b508d0d
deleted: sha256:072686bcd3db19834cd1e0b1e18acf50b7876043f9c38d5308e5e579cbefa6be

Total reclaimed space: 116.6MB
Loaded image: debian:latest
Deleted Images:
untagged: debian:latest
deleted: sha256:d2a2c1ada45a61ee343effe4bda1f987c453840593c9622bd08919f06b508d0d
deleted: sha256:072686bcd3db19834cd1e0b1e18acf50b7876043f9c38d5308e5e579cbefa6be

Total reclaimed space: 116.6MB
Loaded image: debian:latest
Deleted Images:
untagged: debian:latest
deleted: sha256:d2a2c1ada45a61ee343effe4bda1f987c453840593c9622bd08919f06b508d0d
deleted: sha256:072686bcd3db19834cd1e0b1e18acf50b7876043f9c38d5308e5e579cbefa6be

Total reclaimed space: 116.6MB
Loaded image: debian:latest
Deleted Images:
untagged: debian:latest
deleted: sha256:d2a2c1ada45a61ee343effe4bda1f987c453840593c9622bd08919f06b508d0d
deleted: sha256:072686bcd3db19834cd1e0b1e18acf50b7876043f9c38d5308e5e579cbefa6be

Total reclaimed space: 116.6MB
Loaded image: debian:latest
Deleted Images:
untagged: debian:latest
deleted: sha256:d2a2c1ada45a61ee343effe4bda1f987c453840593c9622bd08919f06b508d0d
deleted: sha256:072686bcd3db19834cd1e0b1e18acf50b7876043f9c38d5308e5e579cbefa6be

Total reclaimed space: 116.6MB
Loaded image: debian:latest
Deleted Images:
untagged: debian:latest
deleted: sha256:d2a2c1ada45a61ee343effe4bda1f987c453840593c9622bd08919f06b508d0d
deleted: sha256:072686bcd3db19834cd1e0b1e18acf50b7876043f9c38d5308e5e579cbefa6be

Total reclaimed space: 116.6MB
Loaded image: debian:latest
Deleted Images:
untagged: debian:latest
deleted: sha256:d2a2c1ada45a61ee343effe4bda1f987c453840593c9622bd08919f06b508d0d
deleted: sha256:072686bcd3db19834cd1e0b1e18acf50b7876043f9c38d5308e5e579cbefa6be

Total reclaimed space: 116.6MB
Loaded image: debian:latest
Deleted Images:
untagged: debian:latest
deleted: sha256:d2a2c1ada45a61ee343effe4bda1f987c453840593c9622bd08919f06b508d0d
deleted: sha256:072686bcd3db19834cd1e0b1e18acf50b7876043f9c38d5308e5e579cbefa6be

Total reclaimed space: 116.6MB
Loaded image: debian:latest
Deleted Images:
untagged: debian:latest
deleted: sha256:d2a2c1ada45a61ee343effe4bda1f987c453840593c9622bd08919f06b508d0d
deleted: sha256:072686bcd3db19834cd1e0b1e18acf50b7876043f9c38d5308e5e579cbefa6be

Total reclaimed space: 116.6MB
Loaded image: debian:latest
Deleted Images:
untagged: debian:latest
deleted: sha256:d2a2c1ada45a61ee343effe4bda1f987c453840593c9622bd08919f06b508d0d
deleted: sha256:072686bcd3db19834cd1e0b1e18acf50b7876043f9c38d5308e5e579cbefa6be

Total reclaimed space: 116.6MB
Loaded image: debian:latest
Deleted Images:
untagged: debian:latest
deleted: sha256:d2a2c1ada45a61ee343effe4bda1f987c453840593c9622bd08919f06b508d0d
deleted: sha256:072686bcd3db19834cd1e0b1e18acf50b7876043f9c38d5308e5e579cbefa6be

Total reclaimed space: 116.6MB
Loaded image: debian:latest
Deleted Images:
untagged: debian:latest
deleted: sha256:d2a2c1ada45a61ee343effe4bda1f987c453840593c9622bd08919f06b508d0d
deleted: sha256:072686bcd3db19834cd1e0b1e18acf50b7876043f9c38d5308e5e579cbefa6be

Total reclaimed space: 116.6MB
Loaded image: debian:latest
Deleted Images:
untagged: debian:latest
deleted: sha256:d2a2c1ada45a61ee343effe4bda1f987c453840593c9622bd08919f06b508d0d
deleted: sha256:072686bcd3db19834cd1e0b1e18acf50b7876043f9c38d5308e5e579cbefa6be

Total reclaimed space: 116.6MB
Loaded image: debian:latest
Deleted Images:
untagged: debian:latest
deleted: sha256:d2a2c1ada45a61ee343effe4bda1f987c453840593c9622bd08919f06b508d0d
deleted: sha256:072686bcd3db19834cd1e0b1e18acf50b7876043f9c38d5308e5e579cbefa6be

Total reclaimed space: 116.6MB
Loaded image: debian:latest
Deleted Images:
untagged: debian:latest
deleted: sha256:d2a2c1ada45a61ee343effe4bda1f987c453840593c9622bd08919f06b508d0d
deleted: sha256:072686bcd3db19834cd1e0b1e18acf50b7876043f9c38d5308e5e579cbefa6be

Total reclaimed space: 116.6MB
Loaded image: debian:latest
       Value   Percentile   TotalCount 1/(1-Percentile)

 1257471.000     0.000000            1         1.00
 1375231.000     0.100000           13         1.11
 1383423.000     0.200000           28         1.25
 1385471.000     0.300000           35         1.43
 1388543.000     0.400000           47         1.67
 1392639.000     0.500000           60         2.00
 1394687.000     0.550000           68         2.22
 1395711.000     0.600000           71         2.50
 1397759.000     0.650000           76         2.86
 1400831.000     0.700000           85         3.33
 1401855.000     0.750000           87         4.00
 1402879.000     0.775000           91         4.44
 1404927.000     0.800000           95         5.00
 1405951.000     0.825000          100         5.71
 1405951.000     0.850000          100         6.67
 1406975.000     0.875000          102         8.00
 1407999.000     0.887500          104         8.89
 1409023.000     0.900000          106        10.00
 1409023.000     0.912500          106        11.43
 1413119.000     0.925000          108        13.33
 1414143.000     0.937500          109        16.00
 1418239.000     0.943750          111        17.78
 1418239.000     0.950000          111        20.00
 1418239.000     0.956250          111        22.86
 1420287.000     0.962500          112        26.67
 1421311.000     0.968750          113        32.00
 1421311.000     0.971875          113        35.56
 1426431.000     0.975000          116        40.00
 1426431.000     1.000000          116          inf
#[Mean    =  1387899.586, StdDeviation   =    28728.230]
#[Max     =  1426431.000, Total count    =          116]
#[Buckets =           22, SubBuckets     =         2048]
