Total reclaimed space: 0B
Loaded image: pytorch/pytorch:latest
Deleted Images:
untagged: pytorch/pytorch:latest
deleted: sha256:bbb9480407512d12387d74a66e1d804802d1227898051afa108a2796e2a94189
deleted: sha256:344d373d99ef3674459a2df1756eff46d6d0e68152d3f444e2e1a4b9305b19b5
deleted: sha256:6b47d5700074b6a13ef74f3b022dcd6cf4384186cef282608a36b2a2648c42e6
deleted: sha256:194f10db565e2ef94e45ca34fd8426a5e102b3f0d0665e9193f2729ecde8b98f
deleted: sha256:87d9bdf07ad1a0012391974d139b3a7b709cd16dfaeca768631120e0cc408609
deleted: sha256:d101c9453715a978a2a520f553588e77dfb4236762175eba61c5c264a449c75d

Total reclaimed space: 7.599GB
Loaded image: pytorch/pytorch:latest
Deleted Images:
untagged: pytorch/pytorch:latest
deleted: sha256:bbb9480407512d12387d74a66e1d804802d1227898051afa108a2796e2a94189
deleted: sha256:344d373d99ef3674459a2df1756eff46d6d0e68152d3f444e2e1a4b9305b19b5
deleted: sha256:6b47d5700074b6a13ef74f3b022dcd6cf4384186cef282608a36b2a2648c42e6
deleted: sha256:194f10db565e2ef94e45ca34fd8426a5e102b3f0d0665e9193f2729ecde8b98f
deleted: sha256:87d9bdf07ad1a0012391974d139b3a7b709cd16dfaeca768631120e0cc408609
deleted: sha256:d101c9453715a978a2a520f553588e77dfb4236762175eba61c5c264a449c75d

Total reclaimed space: 7.599GB
Loaded image: pytorch/pytorch:latest
Deleted Images:
untagged: pytorch/pytorch:latest
deleted: sha256:bbb9480407512d12387d74a66e1d804802d1227898051afa108a2796e2a94189
deleted: sha256:344d373d99ef3674459a2df1756eff46d6d0e68152d3f444e2e1a4b9305b19b5
deleted: sha256:6b47d5700074b6a13ef74f3b022dcd6cf4384186cef282608a36b2a2648c42e6
deleted: sha256:194f10db565e2ef94e45ca34fd8426a5e102b3f0d0665e9193f2729ecde8b98f
deleted: sha256:87d9bdf07ad1a0012391974d139b3a7b709cd16dfaeca768631120e0cc408609
deleted: sha256:d101c9453715a978a2a520f553588e77dfb4236762175eba61c5c264a449c75d

Total reclaimed space: 7.599GB
Loaded image: pytorch/pytorch:latest
Deleted Images:
untagged: pytorch/pytorch:latest
deleted: sha256:bbb9480407512d12387d74a66e1d804802d1227898051afa108a2796e2a94189
deleted: sha256:344d373d99ef3674459a2df1756eff46d6d0e68152d3f444e2e1a4b9305b19b5
deleted: sha256:6b47d5700074b6a13ef74f3b022dcd6cf4384186cef282608a36b2a2648c42e6
deleted: sha256:194f10db565e2ef94e45ca34fd8426a5e102b3f0d0665e9193f2729ecde8b98f
deleted: sha256:87d9bdf07ad1a0012391974d139b3a7b709cd16dfaeca768631120e0cc408609
deleted: sha256:d101c9453715a978a2a520f553588e77dfb4236762175eba61c5c264a449c75d

Total reclaimed space: 7.599GB
Loaded image: pytorch/pytorch:latest
       Value   Percentile   TotalCount 1/(1-Percentile)

43876351.000     0.000000            1         1.00
43876351.000     0.100000            1         1.11
43876351.000     0.200000            1         1.25
44957695.000     0.300000            2         1.43
44957695.000     0.400000            2         1.67
45121535.000     0.500000            3         2.00
45121535.000     0.550000            3         2.22
45121535.000     0.600000            3         2.50
45547519.000     0.650000            4         2.86
45547519.000     0.700000            4         3.33
45547519.000     0.750000            4         4.00
45547519.000     0.775000            4         4.44
45547519.000     0.800000            4         5.00
52887551.000     0.825000            5         5.71
52887551.000     1.000000            5          inf
#[Mean    = 46461747.200, StdDeviation   =  3251708.503]
#[Max     = 52887551.000, Total count    =            5]
#[Buckets =           22, SubBuckets     =         2048]
